node0.cloudlab-bad.uwmadison744-s24-pg0.wisc.cloudlab.us  Sat Apr 27 18:24:57 2024  550.54.15
[0] Tesla V100-SXM2-16GB | 34°C,   0 % |     0 / 16384 MB |
[1] Tesla V100-SXM2-16GB | 31°C,   0 % |     0 / 16384 MB |
[2] Tesla V100-SXM2-16GB | 30°C,   0 % |     0 / 16384 MB |
[3] Tesla V100-SXM2-16GB | 34°C,   0 % |     0 / 16384 MB |
node0.cloudlab-bad.uwmadison744-s24-pg0.wisc.cloudlab.us  Sat Apr 27 18:24:57 2024  550.54.15
[0] Tesla V100-SXM2-16GB | 34°C,   0 % |     0 / 16384 MB |
[1] Tesla V100-SXM2-16GB | 31°C,   0 % |     0 / 16384 MB |
[2] Tesla V100-SXM2-16GB | 30°C,   0 % |     0 / 16384 MB |
[3] Tesla V100-SXM2-16GB | 34°C,   0 % |     0 / 16384 MB |
node0.cloudlab-bad.uwmadison744-s24-pg0.wisc.cloudlab.us  Sat Apr 27 18:24:58 2024  550.54.15
[0] Tesla V100-SXM2-16GB | 34°C,   0 % |     0 / 16384 MB |
[1] Tesla V100-SXM2-16GB | 31°C,   0 % |     0 / 16384 MB |
[2] Tesla V100-SXM2-16GB | 30°C,   0 % |     0 / 16384 MB |
[3] Tesla V100-SXM2-16GB | 34°C,   0 % |     0 / 16384 MB |
node0.cloudlab-bad.uwmadison744-s24-pg0.wisc.cloudlab.us  Sat Apr 27 18:24:58 2024  550.54.15
[0] Tesla V100-SXM2-16GB | 34°C,   0 % |     0 / 16384 MB |
[1] Tesla V100-SXM2-16GB | 31°C,   0 % |     0 / 16384 MB |
[2] Tesla V100-SXM2-16GB | 30°C,   0 % |     0 / 16384 MB |
[3] Tesla V100-SXM2-16GB | 34°C,   0 % |     0 / 16384 MB |
node0.cloudlab-bad.uwmadison744-s24-pg0.wisc.cloudlab.us  Sat Apr 27 18:24:59 2024  550.54.15
[0] Tesla V100-SXM2-16GB | 34°C,   0 % |     0 / 16384 MB |
[1] Tesla V100-SXM2-16GB | 31°C,   0 % |     0 / 16384 MB |
[2] Tesla V100-SXM2-16GB | 30°C,   0 % |     0 / 16384 MB |
[3] Tesla V100-SXM2-16GB | 34°C,   0 % |     0 / 16384 MB |
node0.cloudlab-bad.uwmadison744-s24-pg0.wisc.cloudlab.us  Sat Apr 27 18:24:59 2024  550.54.15
[0] Tesla V100-SXM2-16GB | 34°C,   0 % |     0 / 16384 MB |
[1] Tesla V100-SXM2-16GB | 31°C,   0 % |     0 / 16384 MB |
[2] Tesla V100-SXM2-16GB | 30°C,   0 % |     0 / 16384 MB |
[3] Tesla V100-SXM2-16GB | 34°C,   0 % |     0 / 16384 MB |
node0.cloudlab-bad.uwmadison744-s24-pg0.wisc.cloudlab.us  Sat Apr 27 18:25:00 2024  550.54.15
[0] Tesla V100-SXM2-16GB | 34°C,   0 % |     0 / 16384 MB |
[1] Tesla V100-SXM2-16GB | 31°C,   0 % |     0 / 16384 MB |
[2] Tesla V100-SXM2-16GB | 30°C,   0 % |     0 / 16384 MB |
[3] Tesla V100-SXM2-16GB | 34°C,   0 % |     0 / 16384 MB |
node0.cloudlab-bad.uwmadison744-s24-pg0.wisc.cloudlab.us  Sat Apr 27 18:25:01 2024  550.54.15
[0] Tesla V100-SXM2-16GB | 34°C,   0 % |     0 / 16384 MB |
[1] Tesla V100-SXM2-16GB | 31°C,   0 % |     0 / 16384 MB |
[2] Tesla V100-SXM2-16GB | 30°C,   0 % |     0 / 16384 MB |
[3] Tesla V100-SXM2-16GB | 34°C,   0 % |     0 / 16384 MB |
node0.cloudlab-bad.uwmadison744-s24-pg0.wisc.cloudlab.us  Sat Apr 27 18:25:01 2024  550.54.15
[0] Tesla V100-SXM2-16GB | 34°C,   0 % |     0 / 16384 MB |
[1] Tesla V100-SXM2-16GB | 31°C,   0 % |     0 / 16384 MB |
[2] Tesla V100-SXM2-16GB | 30°C,   0 % |     0 / 16384 MB |
[3] Tesla V100-SXM2-16GB | 34°C,   0 % |     0 / 16384 MB |
node0.cloudlab-bad.uwmadison744-s24-pg0.wisc.cloudlab.us  Sat Apr 27 18:25:02 2024  550.54.15
[0] Tesla V100-SXM2-16GB | 34°C,   0 % |     0 / 16384 MB |
[1] Tesla V100-SXM2-16GB | 31°C,   0 % |     0 / 16384 MB |
[2] Tesla V100-SXM2-16GB | 30°C,   0 % |     0 / 16384 MB |
[3] Tesla V100-SXM2-16GB | 34°C,   0 % |     0 / 16384 MB |
node0.cloudlab-bad.uwmadison744-s24-pg0.wisc.cloudlab.us  Sat Apr 27 18:25:02 2024  550.54.15
[0] Tesla V100-SXM2-16GB | 34°C,   0 % |     0 / 16384 MB |
[1] Tesla V100-SXM2-16GB | 31°C,   0 % |     0 / 16384 MB |
[2] Tesla V100-SXM2-16GB | 30°C,   0 % |     0 / 16384 MB |
[3] Tesla V100-SXM2-16GB | 34°C,   0 % |     0 / 16384 MB |
node0.cloudlab-bad.uwmadison744-s24-pg0.wisc.cloudlab.us  Sat Apr 27 18:25:03 2024  550.54.15
[0] Tesla V100-SXM2-16GB | 34°C,   0 % |     0 / 16384 MB |
[1] Tesla V100-SXM2-16GB | 31°C,   0 % |     0 / 16384 MB |
[2] Tesla V100-SXM2-16GB | 30°C,   0 % |     0 / 16384 MB |
[3] Tesla V100-SXM2-16GB | 34°C,   0 % |     0 / 16384 MB |
node0.cloudlab-bad.uwmadison744-s24-pg0.wisc.cloudlab.us  Sat Apr 27 18:25:03 2024  550.54.15
[0] Tesla V100-SXM2-16GB | 34°C,   0 % |     0 / 16384 MB |
[1] Tesla V100-SXM2-16GB | 31°C,   0 % |     0 / 16384 MB |
[2] Tesla V100-SXM2-16GB | 30°C,   0 % |     0 / 16384 MB |
[3] Tesla V100-SXM2-16GB | 34°C,   0 % |     0 / 16384 MB |
node0.cloudlab-bad.uwmadison744-s24-pg0.wisc.cloudlab.us  Sat Apr 27 18:25:04 2024  550.54.15
[0] Tesla V100-SXM2-16GB | 34°C,   0 % |     0 / 16384 MB |
[1] Tesla V100-SXM2-16GB | 31°C,   0 % |     0 / 16384 MB |
[2] Tesla V100-SXM2-16GB | 30°C,   0 % |     0 / 16384 MB |
[3] Tesla V100-SXM2-16GB | 34°C,   0 % |     0 / 16384 MB |
node0.cloudlab-bad.uwmadison744-s24-pg0.wisc.cloudlab.us  Sat Apr 27 18:25:05 2024  550.54.15
[0] Tesla V100-SXM2-16GB | 34°C,   0 % |     0 / 16384 MB |
[1] Tesla V100-SXM2-16GB | 31°C,   0 % |     0 / 16384 MB |
[2] Tesla V100-SXM2-16GB | 30°C,   0 % |     0 / 16384 MB |
[3] Tesla V100-SXM2-16GB | 34°C,   0 % |     0 / 16384 MB |
node0.cloudlab-bad.uwmadison744-s24-pg0.wisc.cloudlab.us  Sat Apr 27 18:25:05 2024  550.54.15
[0] Tesla V100-SXM2-16GB | 34°C,   0 % |     0 / 16384 MB |
[1] Tesla V100-SXM2-16GB | 31°C,   0 % |     0 / 16384 MB |
[2] Tesla V100-SXM2-16GB | 30°C,   0 % |     0 / 16384 MB |
[3] Tesla V100-SXM2-16GB | 34°C,   0 % |     0 / 16384 MB |
node0.cloudlab-bad.uwmadison744-s24-pg0.wisc.cloudlab.us  Sat Apr 27 18:25:06 2024  550.54.15
[0] Tesla V100-SXM2-16GB | 34°C,   0 % |     0 / 16384 MB |
[1] Tesla V100-SXM2-16GB | 31°C,   0 % |     0 / 16384 MB |
[2] Tesla V100-SXM2-16GB | 30°C,   0 % |     0 / 16384 MB |
[3] Tesla V100-SXM2-16GB | 34°C,   0 % |     0 / 16384 MB |
node0.cloudlab-bad.uwmadison744-s24-pg0.wisc.cloudlab.us  Sat Apr 27 18:25:06 2024  550.54.15
[0] Tesla V100-SXM2-16GB | 34°C,   0 % |     0 / 16384 MB |
[1] Tesla V100-SXM2-16GB | 31°C,   0 % |     0 / 16384 MB |
[2] Tesla V100-SXM2-16GB | 30°C,   0 % |     0 / 16384 MB |
[3] Tesla V100-SXM2-16GB | 34°C,   0 % |     0 / 16384 MB |
node0.cloudlab-bad.uwmadison744-s24-pg0.wisc.cloudlab.us  Sat Apr 27 18:25:07 2024  550.54.15
[0] Tesla V100-SXM2-16GB | 34°C,   0 % |     0 / 16384 MB |
[1] Tesla V100-SXM2-16GB | 31°C,   0 % |     0 / 16384 MB |
[2] Tesla V100-SXM2-16GB | 30°C,   0 % |     0 / 16384 MB |
[3] Tesla V100-SXM2-16GB | 34°C,   0 % |     0 / 16384 MB |
node0.cloudlab-bad.uwmadison744-s24-pg0.wisc.cloudlab.us  Sat Apr 27 18:25:07 2024  550.54.15
[0] Tesla V100-SXM2-16GB | 34°C,   0 % |     0 / 16384 MB |
[1] Tesla V100-SXM2-16GB | 31°C,   0 % |     0 / 16384 MB |
[2] Tesla V100-SXM2-16GB | 30°C,   0 % |     0 / 16384 MB |
[3] Tesla V100-SXM2-16GB | 34°C,   0 % |     0 / 16384 MB |
node0.cloudlab-bad.uwmadison744-s24-pg0.wisc.cloudlab.us  Sat Apr 27 18:25:08 2024  550.54.15
[0] Tesla V100-SXM2-16GB | 34°C,   0 % |     0 / 16384 MB |
[1] Tesla V100-SXM2-16GB | 31°C,   0 % |     0 / 16384 MB |
[2] Tesla V100-SXM2-16GB | 30°C,   0 % |     0 / 16384 MB |
[3] Tesla V100-SXM2-16GB | 34°C,   0 % |     0 / 16384 MB |
node0.cloudlab-bad.uwmadison744-s24-pg0.wisc.cloudlab.us  Sat Apr 27 18:25:08 2024  550.54.15
[0] Tesla V100-SXM2-16GB | 34°C,   0 % |     0 / 16384 MB |
[1] Tesla V100-SXM2-16GB | 31°C,   0 % |     0 / 16384 MB |
[2] Tesla V100-SXM2-16GB | 30°C,   0 % |     0 / 16384 MB |
[3] Tesla V100-SXM2-16GB | 34°C,   0 % |     0 / 16384 MB |
node0.cloudlab-bad.uwmadison744-s24-pg0.wisc.cloudlab.us  Sat Apr 27 18:25:09 2024  550.54.15
[0] Tesla V100-SXM2-16GB | 34°C,   0 % |     0 / 16384 MB |
[1] Tesla V100-SXM2-16GB | 31°C,   0 % |     0 / 16384 MB |
[2] Tesla V100-SXM2-16GB | 30°C,   0 % |     0 / 16384 MB |
[3] Tesla V100-SXM2-16GB | 34°C,   0 % |     0 / 16384 MB |
node0.cloudlab-bad.uwmadison744-s24-pg0.wisc.cloudlab.us  Sat Apr 27 18:25:09 2024  550.54.15
[0] Tesla V100-SXM2-16GB | 34°C,   0 % |     0 / 16384 MB |
[1] Tesla V100-SXM2-16GB | 31°C,   0 % |     0 / 16384 MB |
[2] Tesla V100-SXM2-16GB | 30°C,   0 % |     0 / 16384 MB |
[3] Tesla V100-SXM2-16GB | 34°C,   0 % |     0 / 16384 MB |
node0.cloudlab-bad.uwmadison744-s24-pg0.wisc.cloudlab.us  Sat Apr 27 18:25:10 2024  550.54.15
[0] Tesla V100-SXM2-16GB | 34°C,   0 % |     0 / 16384 MB |
[1] Tesla V100-SXM2-16GB | 31°C,   0 % |     0 / 16384 MB |
[2] Tesla V100-SXM2-16GB | 30°C,   0 % |     0 / 16384 MB |
[3] Tesla V100-SXM2-16GB | 34°C,   0 % |     0 / 16384 MB |
node0.cloudlab-bad.uwmadison744-s24-pg0.wisc.cloudlab.us  Sat Apr 27 18:25:11 2024  550.54.15
[0] Tesla V100-SXM2-16GB | 34°C,   0 % |     0 / 16384 MB |
[1] Tesla V100-SXM2-16GB | 31°C,   0 % |     0 / 16384 MB |
[2] Tesla V100-SXM2-16GB | 30°C,   0 % |     0 / 16384 MB |
[3] Tesla V100-SXM2-16GB | 34°C,   0 % |     0 / 16384 MB |
node0.cloudlab-bad.uwmadison744-s24-pg0.wisc.cloudlab.us  Sat Apr 27 18:25:11 2024  550.54.15
[0] Tesla V100-SXM2-16GB | 34°C,   0 % |     0 / 16384 MB |
[1] Tesla V100-SXM2-16GB | 31°C,   0 % |     0 / 16384 MB |
[2] Tesla V100-SXM2-16GB | 30°C,   0 % |     0 / 16384 MB |
[3] Tesla V100-SXM2-16GB | 34°C,   0 % |     0 / 16384 MB |
node0.cloudlab-bad.uwmadison744-s24-pg0.wisc.cloudlab.us  Sat Apr 27 18:25:12 2024  550.54.15
[0] Tesla V100-SXM2-16GB | 34°C,   0 % |     0 / 16384 MB |
[1] Tesla V100-SXM2-16GB | 31°C,   0 % |     0 / 16384 MB |
[2] Tesla V100-SXM2-16GB | 30°C,   0 % |     0 / 16384 MB |
[3] Tesla V100-SXM2-16GB | 34°C,   0 % |     0 / 16384 MB |
node0.cloudlab-bad.uwmadison744-s24-pg0.wisc.cloudlab.us  Sat Apr 27 18:25:12 2024  550.54.15
[0] Tesla V100-SXM2-16GB | 34°C,   0 % |     0 / 16384 MB |
[1] Tesla V100-SXM2-16GB | 31°C,   0 % |     0 / 16384 MB |
[2] Tesla V100-SXM2-16GB | 30°C,   0 % |     0 / 16384 MB |
[3] Tesla V100-SXM2-16GB | 34°C,   0 % |     0 / 16384 MB |
node0.cloudlab-bad.uwmadison744-s24-pg0.wisc.cloudlab.us  Sat Apr 27 18:25:13 2024  550.54.15
[0] Tesla V100-SXM2-16GB | 34°C,   0 % |     0 / 16384 MB |
[1] Tesla V100-SXM2-16GB | 31°C,   0 % |     0 / 16384 MB |
[2] Tesla V100-SXM2-16GB | 30°C,   0 % |     3 / 16384 MB |
[3] Tesla V100-SXM2-16GB | 34°C,   1 % |     3 / 16384 MB |
node0.cloudlab-bad.uwmadison744-s24-pg0.wisc.cloudlab.us  Sat Apr 27 18:25:13 2024  550.54.15
[0] Tesla V100-SXM2-16GB | 34°C,   0 % |     3 / 16384 MB |
[1] Tesla V100-SXM2-16GB | 31°C,   0 % |     3 / 16384 MB |
[2] Tesla V100-SXM2-16GB | 30°C,   0 % |     3 / 16384 MB |
[3] Tesla V100-SXM2-16GB | 34°C,   0 % |     3 / 16384 MB |
node0.cloudlab-bad.uwmadison744-s24-pg0.wisc.cloudlab.us  Sat Apr 27 18:25:14 2024  550.54.15
[0] Tesla V100-SXM2-16GB | 34°C,   0 % |     3 / 16384 MB |
[1] Tesla V100-SXM2-16GB | 31°C,   0 % |     3 / 16384 MB |
[2] Tesla V100-SXM2-16GB | 30°C,   0 % |     3 / 16384 MB |
[3] Tesla V100-SXM2-16GB | 34°C,   0 % |     3 / 16384 MB |
node0.cloudlab-bad.uwmadison744-s24-pg0.wisc.cloudlab.us  Sat Apr 27 18:25:14 2024  550.54.15
[0] Tesla V100-SXM2-16GB | 34°C,   0 % |     3 / 16384 MB |
[1] Tesla V100-SXM2-16GB | 31°C,   0 % |     3 / 16384 MB |
[2] Tesla V100-SXM2-16GB | 30°C,   0 % |     3 / 16384 MB |
[3] Tesla V100-SXM2-16GB | 34°C,   0 % |     3 / 16384 MB |
node0.cloudlab-bad.uwmadison744-s24-pg0.wisc.cloudlab.us  Sat Apr 27 18:25:15 2024  550.54.15
[0] Tesla V100-SXM2-16GB | 34°C,   0 % |     3 / 16384 MB |
[1] Tesla V100-SXM2-16GB | 31°C,   0 % |     3 / 16384 MB |
[2] Tesla V100-SXM2-16GB | 30°C,   0 % |     3 / 16384 MB |
[3] Tesla V100-SXM2-16GB | 34°C,   0 % |     3 / 16384 MB |
node0.cloudlab-bad.uwmadison744-s24-pg0.wisc.cloudlab.us  Sat Apr 27 18:25:16 2024  550.54.15
[0] Tesla V100-SXM2-16GB | 34°C,   0 % |     3 / 16384 MB |
[1] Tesla V100-SXM2-16GB | 31°C,   0 % |     3 / 16384 MB |
[2] Tesla V100-SXM2-16GB | 30°C,   0 % |     3 / 16384 MB |
[3] Tesla V100-SXM2-16GB | 34°C,   0 % |     3 / 16384 MB |
node0.cloudlab-bad.uwmadison744-s24-pg0.wisc.cloudlab.us  Sat Apr 27 18:25:16 2024  550.54.15
[0] Tesla V100-SXM2-16GB | 34°C,   0 % |     3 / 16384 MB |
[1] Tesla V100-SXM2-16GB | 31°C,   0 % |     3 / 16384 MB |
[2] Tesla V100-SXM2-16GB | 30°C,   0 % |     3 / 16384 MB |
[3] Tesla V100-SXM2-16GB | 34°C,   0 % |     3 / 16384 MB |
node0.cloudlab-bad.uwmadison744-s24-pg0.wisc.cloudlab.us  Sat Apr 27 18:25:17 2024  550.54.15
[0] Tesla V100-SXM2-16GB | 34°C,   0 % |     3 / 16384 MB |
[1] Tesla V100-SXM2-16GB | 31°C,   0 % |     3 / 16384 MB |
[2] Tesla V100-SXM2-16GB | 30°C,   0 % |     3 / 16384 MB |
[3] Tesla V100-SXM2-16GB | 34°C,   0 % |     3 / 16384 MB |
node0.cloudlab-bad.uwmadison744-s24-pg0.wisc.cloudlab.us  Sat Apr 27 18:25:17 2024  550.54.15
[0] Tesla V100-SXM2-16GB | 34°C,   0 % |     3 / 16384 MB |
[1] Tesla V100-SXM2-16GB | 31°C,   0 % |     3 / 16384 MB |
[2] Tesla V100-SXM2-16GB | 30°C,   0 % |     3 / 16384 MB |
[3] Tesla V100-SXM2-16GB | 34°C,   0 % |     3 / 16384 MB |
node0.cloudlab-bad.uwmadison744-s24-pg0.wisc.cloudlab.us  Sat Apr 27 18:25:18 2024  550.54.15
[0] Tesla V100-SXM2-16GB | 34°C,   0 % |     3 / 16384 MB |
[1] Tesla V100-SXM2-16GB | 31°C,   0 % |     3 / 16384 MB |
[2] Tesla V100-SXM2-16GB | 30°C,   0 % |     3 / 16384 MB |
[3] Tesla V100-SXM2-16GB | 34°C,   0 % |     3 / 16384 MB |
node0.cloudlab-bad.uwmadison744-s24-pg0.wisc.cloudlab.us  Sat Apr 27 18:25:18 2024  550.54.15
[0] Tesla V100-SXM2-16GB | 34°C,   0 % |     3 / 16384 MB |
[1] Tesla V100-SXM2-16GB | 31°C,   0 % |     3 / 16384 MB |
[2] Tesla V100-SXM2-16GB | 30°C,   0 % |     3 / 16384 MB |
[3] Tesla V100-SXM2-16GB | 34°C,   0 % |     3 / 16384 MB |
node0.cloudlab-bad.uwmadison744-s24-pg0.wisc.cloudlab.us  Sat Apr 27 18:25:19 2024  550.54.15
[0] Tesla V100-SXM2-16GB | 34°C,   0 % |     3 / 16384 MB |
[1] Tesla V100-SXM2-16GB | 31°C,   0 % |     3 / 16384 MB |
[2] Tesla V100-SXM2-16GB | 30°C,   0 % |     3 / 16384 MB |
[3] Tesla V100-SXM2-16GB | 34°C,   0 % |     3 / 16384 MB |
node0.cloudlab-bad.uwmadison744-s24-pg0.wisc.cloudlab.us  Sat Apr 27 18:25:19 2024  550.54.15
[0] Tesla V100-SXM2-16GB | 34°C,   0 % |     3 / 16384 MB |
[1] Tesla V100-SXM2-16GB | 31°C,   0 % |     3 / 16384 MB |
[2] Tesla V100-SXM2-16GB | 30°C,   0 % |     3 / 16384 MB |
[3] Tesla V100-SXM2-16GB | 34°C,   0 % |     3 / 16384 MB |
node0.cloudlab-bad.uwmadison744-s24-pg0.wisc.cloudlab.us  Sat Apr 27 18:25:20 2024  550.54.15
[0] Tesla V100-SXM2-16GB | 34°C,   0 % |     3 / 16384 MB |
[1] Tesla V100-SXM2-16GB | 31°C,   0 % |     3 / 16384 MB |
[2] Tesla V100-SXM2-16GB | 30°C,   0 % |     3 / 16384 MB |
[3] Tesla V100-SXM2-16GB | 34°C,   0 % |     3 / 16384 MB |
node0.cloudlab-bad.uwmadison744-s24-pg0.wisc.cloudlab.us  Sat Apr 27 18:25:21 2024  550.54.15
[0] Tesla V100-SXM2-16GB | 34°C,   0 % |     3 / 16384 MB |
[1] Tesla V100-SXM2-16GB | 31°C,   0 % |     3 / 16384 MB |
[2] Tesla V100-SXM2-16GB | 30°C,   0 % |     3 / 16384 MB |
[3] Tesla V100-SXM2-16GB | 34°C,   0 % |     3 / 16384 MB |
node0.cloudlab-bad.uwmadison744-s24-pg0.wisc.cloudlab.us  Sat Apr 27 18:25:21 2024  550.54.15
[0] Tesla V100-SXM2-16GB | 34°C,   0 % |     3 / 16384 MB |
[1] Tesla V100-SXM2-16GB | 31°C,   0 % |     3 / 16384 MB |
[2] Tesla V100-SXM2-16GB | 30°C,   0 % |     3 / 16384 MB |
[3] Tesla V100-SXM2-16GB | 34°C,   0 % |     3 / 16384 MB |
node0.cloudlab-bad.uwmadison744-s24-pg0.wisc.cloudlab.us  Sat Apr 27 18:25:22 2024  550.54.15
[0] Tesla V100-SXM2-16GB | 34°C,   0 % |    15 / 16384 MB |
[1] Tesla V100-SXM2-16GB | 31°C,   1 % |   337 / 16384 MB | root(334M)
[2] Tesla V100-SXM2-16GB | 30°C,   0 % |     3 / 16384 MB |
[3] Tesla V100-SXM2-16GB | 35°C,  94 % |  1123 / 16384 MB | root(1120M)
node0.cloudlab-bad.uwmadison744-s24-pg0.wisc.cloudlab.us  Sat Apr 27 18:25:22 2024  550.54.15
[0] Tesla V100-SXM2-16GB | 35°C,  42 % |  7421 / 16384 MB | root(8090M)
[1] Tesla V100-SXM2-16GB | 31°C,   5 % |  1099 / 16384 MB | root(1096M)
[2] Tesla V100-SXM2-16GB | 30°C,   1 % |     3 / 16384 MB |
[3] Tesla V100-SXM2-16GB | 35°C,   0 % |  1141 / 16384 MB | root(1138M)
node0.cloudlab-bad.uwmadison744-s24-pg0.wisc.cloudlab.us  Sat Apr 27 18:25:23 2024  550.54.15
[0] Tesla V100-SXM2-16GB | 35°C,   0 % |  8829 / 16384 MB | root(8826M)
[1] Tesla V100-SXM2-16GB | 32°C,   0 % |  1099 / 16384 MB | root(1096M)
[2] Tesla V100-SXM2-16GB | 30°C,   0 % |     3 / 16384 MB |
[3] Tesla V100-SXM2-16GB | 35°C,   0 % |  1141 / 16384 MB | root(1138M)
node0.cloudlab-bad.uwmadison744-s24-pg0.wisc.cloudlab.us  Sat Apr 27 18:25:24 2024  550.54.15
[0] Tesla V100-SXM2-16GB | 35°C,   0 % |  8829 / 16384 MB | root(8826M)
[1] Tesla V100-SXM2-16GB | 32°C,   0 % |  1099 / 16384 MB | root(1096M)
[2] Tesla V100-SXM2-16GB | 30°C,   0 % |     3 / 16384 MB |
[3] Tesla V100-SXM2-16GB | 35°C,   0 % |  1141 / 16384 MB | root(1138M)
node0.cloudlab-bad.uwmadison744-s24-pg0.wisc.cloudlab.us  Sat Apr 27 18:25:24 2024  550.54.15
[0] Tesla V100-SXM2-16GB | 35°C,   0 % |  8829 / 16384 MB | root(8826M)
[1] Tesla V100-SXM2-16GB | 32°C,   0 % |  1099 / 16384 MB | root(1096M)
[2] Tesla V100-SXM2-16GB | 30°C,   0 % |     3 / 16384 MB |
[3] Tesla V100-SXM2-16GB | 35°C,   0 % |  1141 / 16384 MB | root(1138M)
node0.cloudlab-bad.uwmadison744-s24-pg0.wisc.cloudlab.us  Sat Apr 27 18:25:25 2024  550.54.15
[0] Tesla V100-SXM2-16GB | 35°C,   0 % |  8829 / 16384 MB | root(8826M)
[1] Tesla V100-SXM2-16GB | 32°C,   0 % |  1099 / 16384 MB | root(1096M)
[2] Tesla V100-SXM2-16GB | 30°C,   0 % |     3 / 16384 MB |
[3] Tesla V100-SXM2-16GB | 35°C,   0 % |  1141 / 16384 MB | root(1138M)
node0.cloudlab-bad.uwmadison744-s24-pg0.wisc.cloudlab.us  Sat Apr 27 18:25:25 2024  550.54.15
[0] Tesla V100-SXM2-16GB | 35°C,   0 % |  8829 / 16384 MB | root(8826M)
[1] Tesla V100-SXM2-16GB | 32°C,   0 % |  1171 / 16384 MB | root(1168M)
[2] Tesla V100-SXM2-16GB | 30°C,   5 % |  1099 / 16384 MB | root(1096M)
[3] Tesla V100-SXM2-16GB | 35°C,   0 % |  1293 / 16384 MB | root(1290M)
node0.cloudlab-bad.uwmadison744-s24-pg0.wisc.cloudlab.us  Sat Apr 27 18:25:26 2024  550.54.15
[0] Tesla V100-SXM2-16GB | 35°C,   0 % |  8829 / 16384 MB | root(8826M)
[1] Tesla V100-SXM2-16GB | 32°C,   1 % |  9129 / 16384 MB | root(9126M)
[2] Tesla V100-SXM2-16GB | 30°C,   1 % |  9259 / 16384 MB | root(9256M)
[3] Tesla V100-SXM2-16GB | 35°C,   1 % | 15491 / 16384 MB | root(15488M)
node0.cloudlab-bad.uwmadison744-s24-pg0.wisc.cloudlab.us  Sat Apr 27 18:25:27 2024  550.54.15
[0] Tesla V100-SXM2-16GB | 35°C,   6 % | 15549 / 16384 MB | root(15546M)
[1] Tesla V100-SXM2-16GB | 32°C,   7 % | 15499 / 16384 MB | root(15496M)
[2] Tesla V100-SXM2-16GB | 30°C,   7 % | 15483 / 16384 MB | root(15480M)
[3] Tesla V100-SXM2-16GB | 35°C,   4 % | 15493 / 16384 MB | root(15490M)
node0.cloudlab-bad.uwmadison744-s24-pg0.wisc.cloudlab.us  Sat Apr 27 18:25:27 2024  550.54.15
[0] Tesla V100-SXM2-16GB | 35°C,   0 % | 15549 / 16384 MB | root(15546M)
[1] Tesla V100-SXM2-16GB | 32°C,  51 % | 15499 / 16384 MB | root(15496M)
[2] Tesla V100-SXM2-16GB | 31°C,  63 % | 15483 / 16384 MB | root(15480M)
[3] Tesla V100-SXM2-16GB | 36°C,  62 % | 15521 / 16384 MB | root(15516M)
node0.cloudlab-bad.uwmadison744-s24-pg0.wisc.cloudlab.us  Sat Apr 27 18:25:28 2024  550.54.15
[0] Tesla V100-SXM2-16GB | 36°C,  98 % | 15549 / 16384 MB | root(15546M)
[1] Tesla V100-SXM2-16GB | 33°C,  97 % | 15499 / 16384 MB | root(15496M)
[2] Tesla V100-SXM2-16GB | 31°C,  97 % | 15483 / 16384 MB | root(15480M)
[3] Tesla V100-SXM2-16GB | 36°C,  60 % | 15649 / 16384 MB | root(15644M)
node0.cloudlab-bad.uwmadison744-s24-pg0.wisc.cloudlab.us  Sat Apr 27 18:25:28 2024  550.54.15
[0] Tesla V100-SXM2-16GB | 40°C, 100 % | 15645 / 16384 MB | root(15642M)
[1] Tesla V100-SXM2-16GB | 37°C, 100 % | 15595 / 16384 MB | root(15592M)
[2] Tesla V100-SXM2-16GB | 36°C, 100 % | 15579 / 16384 MB | root(15576M)
[3] Tesla V100-SXM2-16GB | 39°C,  99 % | 15649 / 16384 MB | root(15644M)
node0.cloudlab-bad.uwmadison744-s24-pg0.wisc.cloudlab.us  Sat Apr 27 18:25:29 2024  550.54.15
[0] Tesla V100-SXM2-16GB | 38°C, 100 % | 15645 / 16384 MB | root(15642M)
[1] Tesla V100-SXM2-16GB | 35°C, 100 % | 15595 / 16384 MB | root(15592M)
[2] Tesla V100-SXM2-16GB | 34°C, 100 % | 15579 / 16384 MB | root(15576M)
[3] Tesla V100-SXM2-16GB | 39°C,  88 % | 15649 / 16384 MB | root(15644M)
node0.cloudlab-bad.uwmadison744-s24-pg0.wisc.cloudlab.us  Sat Apr 27 18:25:29 2024  550.54.15
[0] Tesla V100-SXM2-16GB | 39°C, 100 % | 15645 / 16384 MB | root(15642M)
[1] Tesla V100-SXM2-16GB | 35°C, 100 % | 15595 / 16384 MB | root(15592M)
[2] Tesla V100-SXM2-16GB | 33°C, 100 % | 15579 / 16384 MB | root(15576M)
[3] Tesla V100-SXM2-16GB | 38°C,  45 % | 15649 / 16384 MB | root(15644M)
node0.cloudlab-bad.uwmadison744-s24-pg0.wisc.cloudlab.us  Sat Apr 27 18:25:30 2024  550.54.15
[0] Tesla V100-SXM2-16GB | 41°C, 100 % | 15645 / 16384 MB | root(15642M)
[1] Tesla V100-SXM2-16GB | 38°C, 100 % | 15595 / 16384 MB | root(15592M)
[2] Tesla V100-SXM2-16GB | 37°C, 100 % | 15579 / 16384 MB | root(15576M)
[3] Tesla V100-SXM2-16GB | 42°C,  99 % | 15649 / 16384 MB | root(15644M)
node0.cloudlab-bad.uwmadison744-s24-pg0.wisc.cloudlab.us  Sat Apr 27 18:25:31 2024  550.54.15
[0] Tesla V100-SXM2-16GB | 39°C, 100 % | 15645 / 16384 MB | root(15642M)
[1] Tesla V100-SXM2-16GB | 36°C, 100 % | 15595 / 16384 MB | root(15592M)
[2] Tesla V100-SXM2-16GB | 35°C, 100 % | 15579 / 16384 MB | root(15576M)
[3] Tesla V100-SXM2-16GB | 41°C,  87 % | 15649 / 16384 MB | root(15644M)
node0.cloudlab-bad.uwmadison744-s24-pg0.wisc.cloudlab.us  Sat Apr 27 18:25:31 2024  550.54.15
[0] Tesla V100-SXM2-16GB | 40°C, 100 % | 15645 / 16384 MB | root(15642M)
[1] Tesla V100-SXM2-16GB | 37°C, 100 % | 15595 / 16384 MB | root(15592M)
[2] Tesla V100-SXM2-16GB | 34°C,  71 % | 15579 / 16384 MB | root(15576M)
[3] Tesla V100-SXM2-16GB | 39°C,  46 % | 15649 / 16384 MB | root(15644M)
node0.cloudlab-bad.uwmadison744-s24-pg0.wisc.cloudlab.us  Sat Apr 27 18:25:32 2024  550.54.15
[0] Tesla V100-SXM2-16GB | 42°C, 100 % | 15645 / 16384 MB | root(15642M)
[1] Tesla V100-SXM2-16GB | 39°C, 100 % | 15595 / 16384 MB | root(15592M)
[2] Tesla V100-SXM2-16GB | 38°C, 100 % | 15579 / 16384 MB | root(15576M)
[3] Tesla V100-SXM2-16GB | 42°C,  97 % | 15649 / 16384 MB | root(15644M)
node0.cloudlab-bad.uwmadison744-s24-pg0.wisc.cloudlab.us  Sat Apr 27 18:25:32 2024  550.54.15
[0] Tesla V100-SXM2-16GB | 40°C, 100 % | 15645 / 16384 MB | root(15642M)
[1] Tesla V100-SXM2-16GB | 37°C, 100 % | 15595 / 16384 MB | root(15592M)
[2] Tesla V100-SXM2-16GB | 36°C, 100 % | 15579 / 16384 MB | root(15576M)
[3] Tesla V100-SXM2-16GB | 42°C,  87 % | 15649 / 16384 MB | root(15644M)
node0.cloudlab-bad.uwmadison744-s24-pg0.wisc.cloudlab.us  Sat Apr 27 18:25:33 2024  550.54.15
[0] Tesla V100-SXM2-16GB | 40°C, 100 % | 15645 / 16384 MB | root(15642M)
[1] Tesla V100-SXM2-16GB | 37°C,  94 % | 15595 / 16384 MB | root(15592M)
[2] Tesla V100-SXM2-16GB | 35°C, 100 % | 15579 / 16384 MB | root(15576M)
[3] Tesla V100-SXM2-16GB | 40°C,  49 % | 15649 / 16384 MB | root(15644M)
node0.cloudlab-bad.uwmadison744-s24-pg0.wisc.cloudlab.us  Sat Apr 27 18:25:34 2024  550.54.15
[0] Tesla V100-SXM2-16GB | 41°C, 100 % | 15645 / 16384 MB | root(15642M)
[1] Tesla V100-SXM2-16GB | 38°C, 100 % | 15595 / 16384 MB | root(15592M)
[2] Tesla V100-SXM2-16GB | 37°C, 100 % | 15579 / 16384 MB | root(15576M)
[3] Tesla V100-SXM2-16GB | 43°C,  99 % | 15649 / 16384 MB | root(15644M)
node0.cloudlab-bad.uwmadison744-s24-pg0.wisc.cloudlab.us  Sat Apr 27 18:25:34 2024  550.54.15
[0] Tesla V100-SXM2-16GB | 40°C, 100 % | 15645 / 16384 MB | root(15642M)
[1] Tesla V100-SXM2-16GB | 38°C, 100 % | 15595 / 16384 MB | root(15592M)
[2] Tesla V100-SXM2-16GB | 36°C, 100 % | 15579 / 16384 MB | root(15576M)
[3] Tesla V100-SXM2-16GB | 42°C,  87 % | 15649 / 16384 MB | root(15644M)
node0.cloudlab-bad.uwmadison744-s24-pg0.wisc.cloudlab.us  Sat Apr 27 18:25:35 2024  550.54.15
[0] Tesla V100-SXM2-16GB | 41°C, 100 % | 15645 / 16384 MB | root(15642M)
[1] Tesla V100-SXM2-16GB | 38°C, 100 % | 15595 / 16384 MB | root(15592M)
[2] Tesla V100-SXM2-16GB | 37°C, 100 % | 15579 / 16384 MB | root(15576M)
[3] Tesla V100-SXM2-16GB | 41°C,  87 % | 15649 / 16384 MB | root(15644M)
node0.cloudlab-bad.uwmadison744-s24-pg0.wisc.cloudlab.us  Sat Apr 27 18:25:35 2024  550.54.15
[0] Tesla V100-SXM2-16GB | 43°C,  86 % | 15645 / 16384 MB | root(15642M)
[1] Tesla V100-SXM2-16GB | 40°C, 100 % | 15595 / 16384 MB | root(15592M)
[2] Tesla V100-SXM2-16GB | 39°C, 100 % | 15579 / 16384 MB | root(15576M)
[3] Tesla V100-SXM2-16GB | 44°C,  99 % | 15649 / 16384 MB | root(15644M)
node0.cloudlab-bad.uwmadison744-s24-pg0.wisc.cloudlab.us  Sat Apr 27 18:25:36 2024  550.54.15
[0] Tesla V100-SXM2-16GB | 41°C, 100 % | 15645 / 16384 MB | root(15642M)
[1] Tesla V100-SXM2-16GB | 38°C, 100 % | 15595 / 16384 MB | root(15592M)
[2] Tesla V100-SXM2-16GB | 37°C, 100 % | 15579 / 16384 MB | root(15576M)
[3] Tesla V100-SXM2-16GB | 43°C,  87 % | 15649 / 16384 MB | root(15644M)
node0.cloudlab-bad.uwmadison744-s24-pg0.wisc.cloudlab.us  Sat Apr 27 18:25:37 2024  550.54.15
[0] Tesla V100-SXM2-16GB | 42°C, 100 % | 15645 / 16384 MB | root(15642M)
[1] Tesla V100-SXM2-16GB | 39°C, 100 % | 15595 / 16384 MB | root(15592M)
[2] Tesla V100-SXM2-16GB | 37°C, 100 % | 15579 / 16384 MB | root(15576M)
[3] Tesla V100-SXM2-16GB | 42°C,  40 % | 15649 / 16384 MB | root(15644M)
node0.cloudlab-bad.uwmadison744-s24-pg0.wisc.cloudlab.us  Sat Apr 27 18:25:37 2024  550.54.15
[0] Tesla V100-SXM2-16GB | 44°C,  58 % | 15645 / 16384 MB | root(15642M)
[1] Tesla V100-SXM2-16GB | 41°C, 100 % | 15595 / 16384 MB | root(15592M)
[2] Tesla V100-SXM2-16GB | 40°C, 100 % | 15579 / 16384 MB | root(15576M)
[3] Tesla V100-SXM2-16GB | 45°C,  99 % | 15649 / 16384 MB | root(15644M)
node0.cloudlab-bad.uwmadison744-s24-pg0.wisc.cloudlab.us  Sat Apr 27 18:25:38 2024  550.54.15
[0] Tesla V100-SXM2-16GB | 42°C, 100 % | 15645 / 16384 MB | root(15642M)
[1] Tesla V100-SXM2-16GB | 39°C, 100 % | 15595 / 16384 MB | root(15592M)
[2] Tesla V100-SXM2-16GB | 38°C, 100 % | 15579 / 16384 MB | root(15576M)
[3] Tesla V100-SXM2-16GB | 44°C,  87 % | 15649 / 16384 MB | root(15644M)
node0.cloudlab-bad.uwmadison744-s24-pg0.wisc.cloudlab.us  Sat Apr 27 18:25:38 2024  550.54.15
[0] Tesla V100-SXM2-16GB | 42°C, 100 % | 15645 / 16384 MB | root(15642M)
[1] Tesla V100-SXM2-16GB | 39°C, 100 % | 15595 / 16384 MB | root(15592M)
[2] Tesla V100-SXM2-16GB | 37°C, 100 % | 15579 / 16384 MB | root(15576M)
[3] Tesla V100-SXM2-16GB | 43°C,  63 % | 15649 / 16384 MB | root(15644M)
node0.cloudlab-bad.uwmadison744-s24-pg0.wisc.cloudlab.us  Sat Apr 27 18:25:39 2024  550.54.15
[0] Tesla V100-SXM2-16GB | 45°C, 100 % | 15645 / 16384 MB | root(15642M)
[1] Tesla V100-SXM2-16GB | 42°C, 100 % | 15595 / 16384 MB | root(15592M)
[2] Tesla V100-SXM2-16GB | 40°C, 100 % | 15579 / 16384 MB | root(15576M)
[3] Tesla V100-SXM2-16GB | 46°C, 100 % | 15649 / 16384 MB | root(15644M)
node0.cloudlab-bad.uwmadison744-s24-pg0.wisc.cloudlab.us  Sat Apr 27 18:25:40 2024  550.54.15
[0] Tesla V100-SXM2-16GB | 43°C, 100 % | 15645 / 16384 MB | root(15642M)
[1] Tesla V100-SXM2-16GB | 40°C, 100 % | 15595 / 16384 MB | root(15592M)
[2] Tesla V100-SXM2-16GB | 38°C, 100 % | 15579 / 16384 MB | root(15576M)
[3] Tesla V100-SXM2-16GB | 45°C,  87 % | 15649 / 16384 MB | root(15644M)
node0.cloudlab-bad.uwmadison744-s24-pg0.wisc.cloudlab.us  Sat Apr 27 18:25:40 2024  550.54.15
[0] Tesla V100-SXM2-16GB | 43°C, 100 % | 15645 / 16384 MB | root(15642M)
[1] Tesla V100-SXM2-16GB | 39°C, 100 % | 15595 / 16384 MB | root(15592M)
[2] Tesla V100-SXM2-16GB | 37°C,  50 % | 15579 / 16384 MB | root(15576M)
[3] Tesla V100-SXM2-16GB | 43°C,  63 % | 15649 / 16384 MB | root(15644M)
node0.cloudlab-bad.uwmadison744-s24-pg0.wisc.cloudlab.us  Sat Apr 27 18:25:41 2024  550.54.15
[0] Tesla V100-SXM2-16GB | 45°C, 100 % | 15645 / 16384 MB | root(15642M)
[1] Tesla V100-SXM2-16GB | 42°C, 100 % | 15595 / 16384 MB | root(15592M)
[2] Tesla V100-SXM2-16GB | 40°C, 100 % | 15579 / 16384 MB | root(15576M)
[3] Tesla V100-SXM2-16GB | 46°C,  99 % | 15649 / 16384 MB | root(15644M)
node0.cloudlab-bad.uwmadison744-s24-pg0.wisc.cloudlab.us  Sat Apr 27 18:25:41 2024  550.54.15
[0] Tesla V100-SXM2-16GB | 43°C, 100 % | 15645 / 16384 MB | root(15642M)
[1] Tesla V100-SXM2-16GB | 40°C, 100 % | 15595 / 16384 MB | root(15592M)
[2] Tesla V100-SXM2-16GB | 39°C, 100 % | 15579 / 16384 MB | root(15576M)
[3] Tesla V100-SXM2-16GB | 45°C,  87 % | 15649 / 16384 MB | root(15644M)
node0.cloudlab-bad.uwmadison744-s24-pg0.wisc.cloudlab.us  Sat Apr 27 18:25:42 2024  550.54.15
[0] Tesla V100-SXM2-16GB | 43°C, 100 % | 15645 / 16384 MB | root(15642M)
[1] Tesla V100-SXM2-16GB | 40°C, 100 % | 15595 / 16384 MB | root(15592M)
[2] Tesla V100-SXM2-16GB | 38°C,  98 % | 15579 / 16384 MB | root(15576M)
[3] Tesla V100-SXM2-16GB | 44°C,  36 % | 15649 / 16384 MB | root(15644M)
node0.cloudlab-bad.uwmadison744-s24-pg0.wisc.cloudlab.us  Sat Apr 27 18:25:42 2024  550.54.15
[0] Tesla V100-SXM2-16GB | 46°C, 100 % | 15645 / 16384 MB | root(15642M)
[1] Tesla V100-SXM2-16GB | 43°C, 100 % | 15595 / 16384 MB | root(15592M)
[2] Tesla V100-SXM2-16GB | 41°C, 100 % | 15579 / 16384 MB | root(15576M)
[3] Tesla V100-SXM2-16GB | 47°C, 100 % | 15649 / 16384 MB | root(15644M)
node0.cloudlab-bad.uwmadison744-s24-pg0.wisc.cloudlab.us  Sat Apr 27 18:25:43 2024  550.54.15
[0] Tesla V100-SXM2-16GB | 44°C, 100 % | 15645 / 16384 MB | root(15642M)
[1] Tesla V100-SXM2-16GB | 41°C, 100 % | 15595 / 16384 MB | root(15592M)
[2] Tesla V100-SXM2-16GB | 39°C, 100 % | 15579 / 16384 MB | root(15576M)
[3] Tesla V100-SXM2-16GB | 46°C,  87 % | 15649 / 16384 MB | root(15644M)
node0.cloudlab-bad.uwmadison744-s24-pg0.wisc.cloudlab.us  Sat Apr 27 18:25:44 2024  550.54.15
[0] Tesla V100-SXM2-16GB | 44°C, 100 % | 15645 / 16384 MB | root(15642M)
[1] Tesla V100-SXM2-16GB | 40°C, 100 % | 15595 / 16384 MB | root(15592M)
[2] Tesla V100-SXM2-16GB | 38°C,  65 % | 15579 / 16384 MB | root(15576M)
[3] Tesla V100-SXM2-16GB | 44°C,  44 % | 15649 / 16384 MB | root(15644M)
node0.cloudlab-bad.uwmadison744-s24-pg0.wisc.cloudlab.us  Sat Apr 27 18:25:44 2024  550.54.15
[0] Tesla V100-SXM2-16GB | 47°C, 100 % | 15645 / 16384 MB | root(15642M)
[1] Tesla V100-SXM2-16GB | 43°C, 100 % | 15595 / 16384 MB | root(15592M)
[2] Tesla V100-SXM2-16GB | 42°C, 100 % | 15579 / 16384 MB | root(15576M)
[3] Tesla V100-SXM2-16GB | 48°C,  99 % | 15649 / 16384 MB | root(15644M)
node0.cloudlab-bad.uwmadison744-s24-pg0.wisc.cloudlab.us  Sat Apr 27 18:25:45 2024  550.54.15
[0] Tesla V100-SXM2-16GB | 44°C, 100 % | 15645 / 16384 MB | root(15642M)
[1] Tesla V100-SXM2-16GB | 41°C, 100 % | 15595 / 16384 MB | root(15592M)
[2] Tesla V100-SXM2-16GB | 40°C, 100 % | 15579 / 16384 MB | root(15576M)
[3] Tesla V100-SXM2-16GB | 47°C,  87 % | 15649 / 16384 MB | root(15644M)
node0.cloudlab-bad.uwmadison744-s24-pg0.wisc.cloudlab.us  Sat Apr 27 18:25:45 2024  550.54.15
[0] Tesla V100-SXM2-16GB | 44°C, 100 % | 15645 / 16384 MB | root(15642M)
[1] Tesla V100-SXM2-16GB | 41°C, 100 % | 15595 / 16384 MB | root(15592M)
[2] Tesla V100-SXM2-16GB | 39°C, 100 % | 15579 / 16384 MB | root(15576M)
[3] Tesla V100-SXM2-16GB | 45°C,  46 % | 15649 / 16384 MB | root(15644M)
node0.cloudlab-bad.uwmadison744-s24-pg0.wisc.cloudlab.us  Sat Apr 27 18:25:46 2024  550.54.15
[0] Tesla V100-SXM2-16GB | 47°C, 100 % | 15645 / 16384 MB | root(15642M)
[1] Tesla V100-SXM2-16GB | 44°C, 100 % | 15595 / 16384 MB | root(15592M)
[2] Tesla V100-SXM2-16GB | 43°C, 100 % | 15579 / 16384 MB | root(15576M)
[3] Tesla V100-SXM2-16GB | 49°C,  99 % | 15649 / 16384 MB | root(15644M)
node0.cloudlab-bad.uwmadison744-s24-pg0.wisc.cloudlab.us  Sat Apr 27 18:25:47 2024  550.54.15
[0] Tesla V100-SXM2-16GB | 45°C, 100 % | 15645 / 16384 MB | root(15642M)
[1] Tesla V100-SXM2-16GB | 42°C, 100 % | 15595 / 16384 MB | root(15592M)
[2] Tesla V100-SXM2-16GB | 40°C, 100 % | 15579 / 16384 MB | root(15576M)
[3] Tesla V100-SXM2-16GB | 47°C,  88 % | 15649 / 16384 MB | root(15644M)
node0.cloudlab-bad.uwmadison744-s24-pg0.wisc.cloudlab.us  Sat Apr 27 18:25:47 2024  550.54.15
[0] Tesla V100-SXM2-16GB | 45°C, 100 % | 15645 / 16384 MB | root(15642M)
[1] Tesla V100-SXM2-16GB | 42°C, 100 % | 15595 / 16384 MB | root(15592M)
[2] Tesla V100-SXM2-16GB | 40°C,  85 % | 15579 / 16384 MB | root(15576M)
[3] Tesla V100-SXM2-16GB | 46°C,  49 % | 15649 / 16384 MB | root(15644M)
node0.cloudlab-bad.uwmadison744-s24-pg0.wisc.cloudlab.us  Sat Apr 27 18:25:48 2024  550.54.15
[0] Tesla V100-SXM2-16GB | 48°C, 100 % | 15645 / 16384 MB | root(15642M)
[1] Tesla V100-SXM2-16GB | 44°C, 100 % | 15595 / 16384 MB | root(15592M)
[2] Tesla V100-SXM2-16GB | 42°C, 100 % | 15579 / 16384 MB | root(15576M)
[3] Tesla V100-SXM2-16GB | 48°C,  95 % | 15649 / 16384 MB | root(15644M)
node0.cloudlab-bad.uwmadison744-s24-pg0.wisc.cloudlab.us  Sat Apr 27 18:25:48 2024  550.54.15
[0] Tesla V100-SXM2-16GB | 45°C, 100 % | 15645 / 16384 MB | root(15642M)
[1] Tesla V100-SXM2-16GB | 42°C, 100 % | 15595 / 16384 MB | root(15592M)
[2] Tesla V100-SXM2-16GB | 41°C, 100 % | 15579 / 16384 MB | root(15576M)
[3] Tesla V100-SXM2-16GB | 48°C,  87 % | 15649 / 16384 MB | root(15644M)
node0.cloudlab-bad.uwmadison744-s24-pg0.wisc.cloudlab.us  Sat Apr 27 18:25:49 2024  550.54.15
[0] Tesla V100-SXM2-16GB | 45°C, 100 % | 15645 / 16384 MB | root(15642M)
[1] Tesla V100-SXM2-16GB | 42°C,  68 % | 15595 / 16384 MB | root(15592M)
[2] Tesla V100-SXM2-16GB | 40°C,  92 % | 15579 / 16384 MB | root(15576M)
[3] Tesla V100-SXM2-16GB | 46°C, 100 % | 15649 / 16384 MB | root(15644M)
node0.cloudlab-bad.uwmadison744-s24-pg0.wisc.cloudlab.us  Sat Apr 27 18:25:50 2024  550.54.15
[0] Tesla V100-SXM2-16GB | 46°C, 100 % | 15645 / 16384 MB | root(15642M)
[1] Tesla V100-SXM2-16GB | 43°C, 100 % | 15595 / 16384 MB | root(15592M)
[2] Tesla V100-SXM2-16GB | 41°C, 100 % | 15579 / 16384 MB | root(15576M)
[3] Tesla V100-SXM2-16GB | 49°C,  98 % | 15649 / 16384 MB | root(15644M)
node0.cloudlab-bad.uwmadison744-s24-pg0.wisc.cloudlab.us  Sat Apr 27 18:25:50 2024  550.54.15
[0] Tesla V100-SXM2-16GB | 46°C, 100 % | 15645 / 16384 MB | root(15642M)
[1] Tesla V100-SXM2-16GB | 43°C, 100 % | 15595 / 16384 MB | root(15592M)
[2] Tesla V100-SXM2-16GB | 41°C, 100 % | 15579 / 16384 MB | root(15576M)
[3] Tesla V100-SXM2-16GB | 48°C,  87 % | 15649 / 16384 MB | root(15644M)
node0.cloudlab-bad.uwmadison744-s24-pg0.wisc.cloudlab.us  Sat Apr 27 18:25:51 2024  550.54.15
[0] Tesla V100-SXM2-16GB | 46°C, 100 % | 15645 / 16384 MB | root(15642M)
[1] Tesla V100-SXM2-16GB | 42°C,  94 % | 15595 / 16384 MB | root(15592M)
[2] Tesla V100-SXM2-16GB | 40°C,  51 % | 15579 / 16384 MB | root(15576M)
[3] Tesla V100-SXM2-16GB | 46°C,  91 % | 15649 / 16384 MB | root(15644M)
node0.cloudlab-bad.uwmadison744-s24-pg0.wisc.cloudlab.us  Sat Apr 27 18:25:51 2024  550.54.15
[0] Tesla V100-SXM2-16GB | 46°C, 100 % | 15645 / 16384 MB | root(15642M)
[1] Tesla V100-SXM2-16GB | 42°C, 100 % | 15595 / 16384 MB | root(15592M)
[2] Tesla V100-SXM2-16GB | 42°C, 100 % | 15579 / 16384 MB | root(15576M)
[3] Tesla V100-SXM2-16GB | 49°C,  88 % | 15649 / 16384 MB | root(15644M)
node0.cloudlab-bad.uwmadison744-s24-pg0.wisc.cloudlab.us  Sat Apr 27 18:25:52 2024  550.54.15
[0] Tesla V100-SXM2-16GB | 46°C, 100 % | 15645 / 16384 MB | root(15642M)
[1] Tesla V100-SXM2-16GB | 43°C, 100 % | 15595 / 16384 MB | root(15592M)
[2] Tesla V100-SXM2-16GB | 41°C, 100 % | 15579 / 16384 MB | root(15576M)
[3] Tesla V100-SXM2-16GB | 49°C,  87 % | 15649 / 16384 MB | root(15644M)
node0.cloudlab-bad.uwmadison744-s24-pg0.wisc.cloudlab.us  Sat Apr 27 18:25:53 2024  550.54.15
[0] Tesla V100-SXM2-16GB | 46°C, 100 % | 15645 / 16384 MB | root(15642M)
[1] Tesla V100-SXM2-16GB | 42°C,  42 % | 15595 / 16384 MB | root(15592M)
[2] Tesla V100-SXM2-16GB | 40°C, 100 % | 15579 / 16384 MB | root(15576M)
[3] Tesla V100-SXM2-16GB | 47°C, 100 % | 15649 / 16384 MB | root(15644M)
node0.cloudlab-bad.uwmadison744-s24-pg0.wisc.cloudlab.us  Sat Apr 27 18:25:53 2024  550.54.15
[0] Tesla V100-SXM2-16GB | 46°C, 100 % | 15645 / 16384 MB | root(15642M)
[1] Tesla V100-SXM2-16GB | 43°C, 100 % | 15595 / 16384 MB | root(15592M)
[2] Tesla V100-SXM2-16GB | 42°C, 100 % | 15579 / 16384 MB | root(15576M)
[3] Tesla V100-SXM2-16GB | 49°C,  96 % | 15649 / 16384 MB | root(15644M)
node0.cloudlab-bad.uwmadison744-s24-pg0.wisc.cloudlab.us  Sat Apr 27 18:25:54 2024  550.54.15
[0] Tesla V100-SXM2-16GB | 47°C, 100 % | 15645 / 16384 MB | root(15642M)
[1] Tesla V100-SXM2-16GB | 43°C, 100 % | 15595 / 16384 MB | root(15592M)
[2] Tesla V100-SXM2-16GB | 42°C, 100 % | 15579 / 16384 MB | root(15576M)
[3] Tesla V100-SXM2-16GB | 49°C,  88 % | 15649 / 16384 MB | root(15644M)
node0.cloudlab-bad.uwmadison744-s24-pg0.wisc.cloudlab.us  Sat Apr 27 18:25:54 2024  550.54.15
[0] Tesla V100-SXM2-16GB | 46°C, 100 % | 15645 / 16384 MB | root(15642M)
[1] Tesla V100-SXM2-16GB | 42°C,  79 % | 15595 / 16384 MB | root(15592M)
[2] Tesla V100-SXM2-16GB | 41°C,  51 % | 15579 / 16384 MB | root(15576M)
[3] Tesla V100-SXM2-16GB | 49°C, 100 % | 15649 / 16384 MB | root(15644M)
node0.cloudlab-bad.uwmadison744-s24-pg0.wisc.cloudlab.us  Sat Apr 27 18:25:55 2024  550.54.15
[0] Tesla V100-SXM2-16GB | 47°C, 100 % | 15645 / 16384 MB | root(15642M)
[1] Tesla V100-SXM2-16GB | 43°C, 100 % | 15595 / 16384 MB | root(15592M)
[2] Tesla V100-SXM2-16GB | 42°C, 100 % | 15579 / 16384 MB | root(15576M)
[3] Tesla V100-SXM2-16GB | 50°C,  87 % | 15649 / 16384 MB | root(15644M)
node0.cloudlab-bad.uwmadison744-s24-pg0.wisc.cloudlab.us  Sat Apr 27 18:25:55 2024  550.54.15
[0] Tesla V100-SXM2-16GB | 47°C, 100 % | 15645 / 16384 MB | root(15642M)
[1] Tesla V100-SXM2-16GB | 44°C, 100 % | 15595 / 16384 MB | root(15592M)
[2] Tesla V100-SXM2-16GB | 42°C, 100 % | 15579 / 16384 MB | root(15576M)
[3] Tesla V100-SXM2-16GB | 50°C,  87 % | 15649 / 16384 MB | root(15644M)
node0.cloudlab-bad.uwmadison744-s24-pg0.wisc.cloudlab.us  Sat Apr 27 18:25:56 2024  550.54.15
[0] Tesla V100-SXM2-16GB | 47°C,  77 % | 15645 / 16384 MB | root(15642M)
[1] Tesla V100-SXM2-16GB | 45°C,  71 % | 15595 / 16384 MB | root(15592M)
[2] Tesla V100-SXM2-16GB | 43°C, 100 % | 15579 / 16384 MB | root(15576M)
[3] Tesla V100-SXM2-16GB | 50°C, 100 % | 15649 / 16384 MB | root(15644M)
node0.cloudlab-bad.uwmadison744-s24-pg0.wisc.cloudlab.us  Sat Apr 27 18:25:57 2024  550.54.15
[0] Tesla V100-SXM2-16GB | 47°C, 100 % | 15645 / 16384 MB | root(15642M)
[1] Tesla V100-SXM2-16GB | 44°C, 100 % | 15595 / 16384 MB | root(15592M)
[2] Tesla V100-SXM2-16GB | 43°C, 100 % | 15579 / 16384 MB | root(15576M)
[3] Tesla V100-SXM2-16GB | 50°C,  88 % | 15649 / 16384 MB | root(15644M)
node0.cloudlab-bad.uwmadison744-s24-pg0.wisc.cloudlab.us  Sat Apr 27 18:25:57 2024  550.54.15
[0] Tesla V100-SXM2-16GB | 48°C, 100 % | 15645 / 16384 MB | root(15642M)
[1] Tesla V100-SXM2-16GB | 44°C, 100 % | 15595 / 16384 MB | root(15592M)
[2] Tesla V100-SXM2-16GB | 43°C, 100 % | 15579 / 16384 MB | root(15576M)
[3] Tesla V100-SXM2-16GB | 50°C,  87 % | 15649 / 16384 MB | root(15644M)
node0.cloudlab-bad.uwmadison744-s24-pg0.wisc.cloudlab.us  Sat Apr 27 18:25:58 2024  550.54.15
[0] Tesla V100-SXM2-16GB | 49°C,  92 % | 15645 / 16384 MB | root(15642M)
[1] Tesla V100-SXM2-16GB | 45°C,  57 % | 15595 / 16384 MB | root(15592M)
[2] Tesla V100-SXM2-16GB | 44°C, 100 % | 15579 / 16384 MB | root(15576M)
[3] Tesla V100-SXM2-16GB | 51°C, 100 % | 15649 / 16384 MB | root(15644M)
node0.cloudlab-bad.uwmadison744-s24-pg0.wisc.cloudlab.us  Sat Apr 27 18:25:58 2024  550.54.15
[0] Tesla V100-SXM2-16GB | 47°C, 100 % | 15645 / 16384 MB | root(15642M)
[1] Tesla V100-SXM2-16GB | 44°C, 100 % | 15595 / 16384 MB | root(15592M)
[2] Tesla V100-SXM2-16GB | 43°C, 100 % | 15579 / 16384 MB | root(15576M)
[3] Tesla V100-SXM2-16GB | 51°C,  87 % | 15649 / 16384 MB | root(15644M)
node0.cloudlab-bad.uwmadison744-s24-pg0.wisc.cloudlab.us  Sat Apr 27 18:25:59 2024  550.54.15
[0] Tesla V100-SXM2-16GB | 48°C, 100 % | 15645 / 16384 MB | root(15642M)
[1] Tesla V100-SXM2-16GB | 45°C, 100 % | 15595 / 16384 MB | root(15592M)
[2] Tesla V100-SXM2-16GB | 43°C, 100 % | 15579 / 16384 MB | root(15576M)
[3] Tesla V100-SXM2-16GB | 51°C,  87 % | 15649 / 16384 MB | root(15644M)
node0.cloudlab-bad.uwmadison744-s24-pg0.wisc.cloudlab.us  Sat Apr 27 18:26:00 2024  550.54.15
[0] Tesla V100-SXM2-16GB | 50°C,  43 % | 15645 / 16384 MB | root(15642M)
[1] Tesla V100-SXM2-16GB | 46°C, 100 % | 15595 / 16384 MB | root(15592M)
[2] Tesla V100-SXM2-16GB | 45°C, 100 % | 15579 / 16384 MB | root(15576M)
[3] Tesla V100-SXM2-16GB | 52°C,  99 % | 15649 / 16384 MB | root(15644M)
node0.cloudlab-bad.uwmadison744-s24-pg0.wisc.cloudlab.us  Sat Apr 27 18:26:00 2024  550.54.15
[0] Tesla V100-SXM2-16GB | 48°C, 100 % | 15645 / 16384 MB | root(15642M)
[1] Tesla V100-SXM2-16GB | 45°C, 100 % | 15595 / 16384 MB | root(15592M)
[2] Tesla V100-SXM2-16GB | 43°C, 100 % | 15579 / 16384 MB | root(15576M)
[3] Tesla V100-SXM2-16GB | 51°C,  87 % | 15649 / 16384 MB | root(15644M)
node0.cloudlab-bad.uwmadison744-s24-pg0.wisc.cloudlab.us  Sat Apr 27 18:26:01 2024  550.54.15
[0] Tesla V100-SXM2-16GB | 48°C, 100 % | 15645 / 16384 MB | root(15642M)
[1] Tesla V100-SXM2-16GB | 45°C, 100 % | 15595 / 16384 MB | root(15592M)
[2] Tesla V100-SXM2-16GB | 43°C, 100 % | 15579 / 16384 MB | root(15576M)
[3] Tesla V100-SXM2-16GB | 51°C,  87 % | 15649 / 16384 MB | root(15644M)
node0.cloudlab-bad.uwmadison744-s24-pg0.wisc.cloudlab.us  Sat Apr 27 18:26:01 2024  550.54.15
[0] Tesla V100-SXM2-16GB | 50°C,  89 % | 15645 / 16384 MB | root(15642M)
[1] Tesla V100-SXM2-16GB | 47°C, 100 % | 15595 / 16384 MB | root(15592M)
[2] Tesla V100-SXM2-16GB | 45°C, 100 % | 15579 / 16384 MB | root(15576M)
[3] Tesla V100-SXM2-16GB | 53°C,  99 % | 15649 / 16384 MB | root(15644M)
node0.cloudlab-bad.uwmadison744-s24-pg0.wisc.cloudlab.us  Sat Apr 27 18:26:02 2024  550.54.15
[0] Tesla V100-SXM2-16GB | 48°C, 100 % | 15645 / 16384 MB | root(15642M)
[1] Tesla V100-SXM2-16GB | 45°C, 100 % | 15595 / 16384 MB | root(15592M)
[2] Tesla V100-SXM2-16GB | 44°C, 100 % | 15579 / 16384 MB | root(15576M)
[3] Tesla V100-SXM2-16GB | 52°C,  87 % | 15649 / 16384 MB | root(15644M)
node0.cloudlab-bad.uwmadison744-s24-pg0.wisc.cloudlab.us  Sat Apr 27 18:26:03 2024  550.54.15
[0] Tesla V100-SXM2-16GB | 49°C, 100 % | 15645 / 16384 MB | root(15642M)
[1] Tesla V100-SXM2-16GB | 45°C, 100 % | 15595 / 16384 MB | root(15592M)
[2] Tesla V100-SXM2-16GB | 43°C, 100 % | 15579 / 16384 MB | root(15576M)
[3] Tesla V100-SXM2-16GB | 51°C,  87 % | 15649 / 16384 MB | root(15644M)
node0.cloudlab-bad.uwmadison744-s24-pg0.wisc.cloudlab.us  Sat Apr 27 18:26:03 2024  550.54.15
[0] Tesla V100-SXM2-16GB | 51°C,  60 % | 15645 / 16384 MB | root(15642M)
[1] Tesla V100-SXM2-16GB | 47°C, 100 % | 15595 / 16384 MB | root(15592M)
[2] Tesla V100-SXM2-16GB | 45°C, 100 % | 15579 / 16384 MB | root(15576M)
[3] Tesla V100-SXM2-16GB | 53°C, 100 % | 15649 / 16384 MB | root(15644M)
node0.cloudlab-bad.uwmadison744-s24-pg0.wisc.cloudlab.us  Sat Apr 27 18:26:04 2024  550.54.15
[0] Tesla V100-SXM2-16GB | 49°C, 100 % | 15645 / 16384 MB | root(15642M)
[1] Tesla V100-SXM2-16GB | 46°C, 100 % | 15595 / 16384 MB | root(15592M)
[2] Tesla V100-SXM2-16GB | 44°C, 100 % | 15579 / 16384 MB | root(15576M)
[3] Tesla V100-SXM2-16GB | 52°C,  87 % | 15649 / 16384 MB | root(15644M)
node0.cloudlab-bad.uwmadison744-s24-pg0.wisc.cloudlab.us  Sat Apr 27 18:26:04 2024  550.54.15
[0] Tesla V100-SXM2-16GB | 49°C, 100 % | 15645 / 16384 MB | root(15642M)
[1] Tesla V100-SXM2-16GB | 46°C, 100 % | 15595 / 16384 MB | root(15592M)
[2] Tesla V100-SXM2-16GB | 43°C, 100 % | 15579 / 16384 MB | root(15576M)
[3] Tesla V100-SXM2-16GB | 51°C,  38 % | 15649 / 16384 MB | root(15644M)
node0.cloudlab-bad.uwmadison744-s24-pg0.wisc.cloudlab.us  Sat Apr 27 18:26:05 2024  550.54.15
[0] Tesla V100-SXM2-16GB | 52°C, 100 % | 15645 / 16384 MB | root(15642M)
[1] Tesla V100-SXM2-16GB | 48°C, 100 % | 15595 / 16384 MB | root(15592M)
[2] Tesla V100-SXM2-16GB | 46°C, 100 % | 15579 / 16384 MB | root(15576M)
[3] Tesla V100-SXM2-16GB | 53°C,  99 % | 15649 / 16384 MB | root(15644M)
node0.cloudlab-bad.uwmadison744-s24-pg0.wisc.cloudlab.us  Sat Apr 27 18:26:05 2024  550.54.15
[0] Tesla V100-SXM2-16GB | 49°C, 100 % | 15645 / 16384 MB | root(15642M)
[1] Tesla V100-SXM2-16GB | 46°C, 100 % | 15595 / 16384 MB | root(15592M)
[2] Tesla V100-SXM2-16GB | 44°C, 100 % | 15579 / 16384 MB | root(15576M)
[3] Tesla V100-SXM2-16GB | 53°C,  87 % | 15649 / 16384 MB | root(15644M)
node0.cloudlab-bad.uwmadison744-s24-pg0.wisc.cloudlab.us  Sat Apr 27 18:26:06 2024  550.54.15
[0] Tesla V100-SXM2-16GB | 49°C, 100 % | 15645 / 16384 MB | root(15642M)
[1] Tesla V100-SXM2-16GB | 46°C, 100 % | 15595 / 16384 MB | root(15592M)
[2] Tesla V100-SXM2-16GB | 44°C, 100 % | 15579 / 16384 MB | root(15576M)
[3] Tesla V100-SXM2-16GB | 51°C,  79 % | 15649 / 16384 MB | root(15644M)
node0.cloudlab-bad.uwmadison744-s24-pg0.wisc.cloudlab.us  Sat Apr 27 18:26:07 2024  550.54.15
[0] Tesla V100-SXM2-16GB | 52°C, 100 % | 15645 / 16384 MB | root(15642M)
[1] Tesla V100-SXM2-16GB | 48°C, 100 % | 15595 / 16384 MB | root(15592M)
[2] Tesla V100-SXM2-16GB | 46°C, 100 % | 15579 / 16384 MB | root(15576M)
[3] Tesla V100-SXM2-16GB | 54°C, 100 % | 15649 / 16384 MB | root(15644M)
node0.cloudlab-bad.uwmadison744-s24-pg0.wisc.cloudlab.us  Sat Apr 27 18:26:07 2024  550.54.15
[0] Tesla V100-SXM2-16GB | 50°C, 100 % | 15645 / 16384 MB | root(15642M)
[1] Tesla V100-SXM2-16GB | 46°C, 100 % | 15595 / 16384 MB | root(15592M)
[2] Tesla V100-SXM2-16GB | 44°C, 100 % | 15579 / 16384 MB | root(15576M)
[3] Tesla V100-SXM2-16GB | 53°C,  87 % | 15649 / 16384 MB | root(15644M)
node0.cloudlab-bad.uwmadison744-s24-pg0.wisc.cloudlab.us  Sat Apr 27 18:26:08 2024  550.54.15
[0] Tesla V100-SXM2-16GB | 50°C, 100 % | 15645 / 16384 MB | root(15642M)
[1] Tesla V100-SXM2-16GB | 46°C, 100 % | 15595 / 16384 MB | root(15592M)
[2] Tesla V100-SXM2-16GB | 44°C,  99 % | 15579 / 16384 MB | root(15576M)
[3] Tesla V100-SXM2-16GB | 51°C,  43 % | 15649 / 16384 MB | root(15644M)
node0.cloudlab-bad.uwmadison744-s24-pg0.wisc.cloudlab.us  Sat Apr 27 18:26:08 2024  550.54.15
[0] Tesla V100-SXM2-16GB | 52°C, 100 % | 15645 / 16384 MB | root(15642M)
[1] Tesla V100-SXM2-16GB | 48°C, 100 % | 15595 / 16384 MB | root(15592M)
[2] Tesla V100-SXM2-16GB | 46°C, 100 % | 15579 / 16384 MB | root(15576M)
[3] Tesla V100-SXM2-16GB | 55°C,  99 % | 15649 / 16384 MB | root(15644M)
node0.cloudlab-bad.uwmadison744-s24-pg0.wisc.cloudlab.us  Sat Apr 27 18:26:09 2024  550.54.15
[0] Tesla V100-SXM2-16GB | 50°C, 100 % | 15645 / 16384 MB | root(15642M)
[1] Tesla V100-SXM2-16GB | 46°C, 100 % | 15595 / 16384 MB | root(15592M)
[2] Tesla V100-SXM2-16GB | 45°C, 100 % | 15579 / 16384 MB | root(15576M)
[3] Tesla V100-SXM2-16GB | 53°C,  87 % | 15649 / 16384 MB | root(15644M)
node0.cloudlab-bad.uwmadison744-s24-pg0.wisc.cloudlab.us  Sat Apr 27 18:26:10 2024  550.54.15
[0] Tesla V100-SXM2-16GB | 50°C, 100 % | 15645 / 16384 MB | root(15642M)
[1] Tesla V100-SXM2-16GB | 46°C, 100 % | 15595 / 16384 MB | root(15592M)
[2] Tesla V100-SXM2-16GB | 44°C, 100 % | 15579 / 16384 MB | root(15576M)
[3] Tesla V100-SXM2-16GB | 52°C,  68 % | 15649 / 16384 MB | root(15644M)
node0.cloudlab-bad.uwmadison744-s24-pg0.wisc.cloudlab.us  Sat Apr 27 18:26:10 2024  550.54.15
[0] Tesla V100-SXM2-16GB | 52°C, 100 % | 15645 / 16384 MB | root(15642M)
[1] Tesla V100-SXM2-16GB | 48°C, 100 % | 15595 / 16384 MB | root(15592M)
[2] Tesla V100-SXM2-16GB | 47°C, 100 % | 15579 / 16384 MB | root(15576M)
[3] Tesla V100-SXM2-16GB | 55°C,  99 % | 15649 / 16384 MB | root(15644M)
node0.cloudlab-bad.uwmadison744-s24-pg0.wisc.cloudlab.us  Sat Apr 27 18:26:11 2024  550.54.15
[0] Tesla V100-SXM2-16GB | 50°C, 100 % | 15645 / 16384 MB | root(15642M)
[1] Tesla V100-SXM2-16GB | 47°C, 100 % | 15595 / 16384 MB | root(15592M)
[2] Tesla V100-SXM2-16GB | 45°C, 100 % | 15579 / 16384 MB | root(15576M)
[3] Tesla V100-SXM2-16GB | 54°C,  87 % | 15649 / 16384 MB | root(15644M)
node0.cloudlab-bad.uwmadison744-s24-pg0.wisc.cloudlab.us  Sat Apr 27 18:26:11 2024  550.54.15
[0] Tesla V100-SXM2-16GB | 50°C, 100 % | 15645 / 16384 MB | root(15642M)
[1] Tesla V100-SXM2-16GB | 47°C, 100 % | 15595 / 16384 MB | root(15592M)
[2] Tesla V100-SXM2-16GB | 44°C,  86 % | 15579 / 16384 MB | root(15576M)
[3] Tesla V100-SXM2-16GB | 52°C,  36 % | 15649 / 16384 MB | root(15644M)
node0.cloudlab-bad.uwmadison744-s24-pg0.wisc.cloudlab.us  Sat Apr 27 18:26:12 2024  550.54.15
[0] Tesla V100-SXM2-16GB | 53°C,  64 % | 15645 / 16384 MB | root(15642M)
[1] Tesla V100-SXM2-16GB | 49°C, 100 % | 15595 / 16384 MB | root(15592M)
[2] Tesla V100-SXM2-16GB | 47°C, 100 % | 15579 / 16384 MB | root(15576M)
[3] Tesla V100-SXM2-16GB | 55°C, 100 % | 15649 / 16384 MB | root(15644M)
node0.cloudlab-bad.uwmadison744-s24-pg0.wisc.cloudlab.us  Sat Apr 27 18:26:12 2024  550.54.15
[0] Tesla V100-SXM2-16GB | 51°C, 100 % | 15645 / 16384 MB | root(15642M)
[1] Tesla V100-SXM2-16GB | 47°C, 100 % | 15595 / 16384 MB | root(15592M)
[2] Tesla V100-SXM2-16GB | 45°C, 100 % | 15579 / 16384 MB | root(15576M)
[3] Tesla V100-SXM2-16GB | 54°C,  87 % | 15649 / 16384 MB | root(15644M)
node0.cloudlab-bad.uwmadison744-s24-pg0.wisc.cloudlab.us  Sat Apr 27 18:26:13 2024  550.54.15
[0] Tesla V100-SXM2-16GB | 51°C, 100 % | 15645 / 16384 MB | root(15642M)
[1] Tesla V100-SXM2-16GB | 47°C, 100 % | 15595 / 16384 MB | root(15592M)
[2] Tesla V100-SXM2-16GB | 45°C, 100 % | 15579 / 16384 MB | root(15576M)
[3] Tesla V100-SXM2-16GB | 53°C,  88 % | 15649 / 16384 MB | root(15644M)
node0.cloudlab-bad.uwmadison744-s24-pg0.wisc.cloudlab.us  Sat Apr 27 18:26:14 2024  550.54.15
[0] Tesla V100-SXM2-16GB | 54°C, 100 % | 15645 / 16384 MB | root(15642M)
[1] Tesla V100-SXM2-16GB | 49°C, 100 % | 15595 / 16384 MB | root(15592M)
[2] Tesla V100-SXM2-16GB | 46°C, 100 % | 15579 / 16384 MB | root(15576M)
[3] Tesla V100-SXM2-16GB | 55°C,  99 % | 15649 / 16384 MB | root(15644M)
node0.cloudlab-bad.uwmadison744-s24-pg0.wisc.cloudlab.us  Sat Apr 27 18:26:14 2024  550.54.15
[0] Tesla V100-SXM2-16GB | 51°C, 100 % | 15645 / 16384 MB | root(15642M)
[1] Tesla V100-SXM2-16GB | 47°C, 100 % | 15595 / 16384 MB | root(15592M)
[2] Tesla V100-SXM2-16GB | 46°C, 100 % | 15579 / 16384 MB | root(15576M)
[3] Tesla V100-SXM2-16GB | 55°C,  87 % | 15649 / 16384 MB | root(15644M)
node0.cloudlab-bad.uwmadison744-s24-pg0.wisc.cloudlab.us  Sat Apr 27 18:26:15 2024  550.54.15
[0] Tesla V100-SXM2-16GB | 51°C, 100 % | 15645 / 16384 MB | root(15642M)
[1] Tesla V100-SXM2-16GB | 46°C, 100 % | 15595 / 16384 MB | root(15592M)
[2] Tesla V100-SXM2-16GB | 44°C,  49 % | 15579 / 16384 MB | root(15576M)
[3] Tesla V100-SXM2-16GB | 53°C,  66 % | 15649 / 16384 MB | root(15644M)
node0.cloudlab-bad.uwmadison744-s24-pg0.wisc.cloudlab.us  Sat Apr 27 18:26:16 2024  550.54.15
[0] Tesla V100-SXM2-16GB | 51°C, 100 % | 15645 / 16384 MB | root(15642M)
[1] Tesla V100-SXM2-16GB | 47°C, 100 % | 15595 / 16384 MB | root(15592M)
[2] Tesla V100-SXM2-16GB | 46°C, 100 % | 15579 / 16384 MB | root(15576M)
[3] Tesla V100-SXM2-16GB | 55°C,  91 % | 15649 / 16384 MB | root(15644M)
node0.cloudlab-bad.uwmadison744-s24-pg0.wisc.cloudlab.us  Sat Apr 27 18:26:16 2024  550.54.15
[0] Tesla V100-SXM2-16GB | 51°C, 100 % | 15645 / 16384 MB | root(15642M)
[1] Tesla V100-SXM2-16GB | 48°C, 100 % | 15595 / 16384 MB | root(15592M)
[2] Tesla V100-SXM2-16GB | 46°C, 100 % | 15579 / 16384 MB | root(15576M)
[3] Tesla V100-SXM2-16GB | 55°C,  87 % | 15649 / 16384 MB | root(15644M)
node0.cloudlab-bad.uwmadison744-s24-pg0.wisc.cloudlab.us  Sat Apr 27 18:26:17 2024  550.54.15
[0] Tesla V100-SXM2-16GB | 51°C, 100 % | 15645 / 16384 MB | root(15642M)
[1] Tesla V100-SXM2-16GB | 46°C,  43 % | 15595 / 16384 MB | root(15592M)
[2] Tesla V100-SXM2-16GB | 44°C,  82 % | 15579 / 16384 MB | root(15576M)
[3] Tesla V100-SXM2-16GB | 53°C, 100 % | 15649 / 16384 MB | root(15644M)
node0.cloudlab-bad.uwmadison744-s24-pg0.wisc.cloudlab.us  Sat Apr 27 18:26:17 2024  550.54.15
[0] Tesla V100-SXM2-16GB | 52°C, 100 % | 15645 / 16384 MB | root(15642M)
[1] Tesla V100-SXM2-16GB | 47°C, 100 % | 15595 / 16384 MB | root(15592M)
[2] Tesla V100-SXM2-16GB | 46°C, 100 % | 15579 / 16384 MB | root(15576M)
[3] Tesla V100-SXM2-16GB | 55°C,  97 % | 15649 / 16384 MB | root(15644M)
node0.cloudlab-bad.uwmadison744-s24-pg0.wisc.cloudlab.us  Sat Apr 27 18:26:18 2024  550.54.15
[0] Tesla V100-SXM2-16GB | 52°C, 100 % | 15645 / 16384 MB | root(15642M)
[1] Tesla V100-SXM2-16GB | 48°C, 100 % | 15595 / 16384 MB | root(15592M)
[2] Tesla V100-SXM2-16GB | 46°C, 100 % | 15579 / 16384 MB | root(15576M)
[3] Tesla V100-SXM2-16GB | 55°C,  88 % | 15649 / 16384 MB | root(15644M)
node0.cloudlab-bad.uwmadison744-s24-pg0.wisc.cloudlab.us  Sat Apr 27 18:26:18 2024  550.54.15
[0] Tesla V100-SXM2-16GB | 51°C, 100 % | 15645 / 16384 MB | root(15642M)
[1] Tesla V100-SXM2-16GB | 47°C, 100 % | 15595 / 16384 MB | root(15592M)
[2] Tesla V100-SXM2-16GB | 45°C,  45 % | 15579 / 16384 MB | root(15576M)
[3] Tesla V100-SXM2-16GB | 53°C,  84 % | 15649 / 16384 MB | root(15644M)
node0.cloudlab-bad.uwmadison744-s24-pg0.wisc.cloudlab.us  Sat Apr 27 18:26:19 2024  550.54.15
[0] Tesla V100-SXM2-16GB | 52°C, 100 % | 15645 / 16384 MB | root(15642M)
[1] Tesla V100-SXM2-16GB | 48°C, 100 % | 15595 / 16384 MB | root(15592M)
[2] Tesla V100-SXM2-16GB | 47°C, 100 % | 15579 / 16384 MB | root(15576M)
[3] Tesla V100-SXM2-16GB | 56°C,  92 % | 15649 / 16384 MB | root(15644M)
node0.cloudlab-bad.uwmadison744-s24-pg0.wisc.cloudlab.us  Sat Apr 27 18:26:20 2024  550.54.15
[0] Tesla V100-SXM2-16GB | 52°C, 100 % | 15645 / 16384 MB | root(15642M)
[1] Tesla V100-SXM2-16GB | 48°C, 100 % | 15595 / 16384 MB | root(15592M)
[2] Tesla V100-SXM2-16GB | 46°C, 100 % | 15579 / 16384 MB | root(15576M)
[3] Tesla V100-SXM2-16GB | 56°C,  87 % | 15649 / 16384 MB | root(15644M)
node0.cloudlab-bad.uwmadison744-s24-pg0.wisc.cloudlab.us  Sat Apr 27 18:26:20 2024  550.54.15
[0] Tesla V100-SXM2-16GB | 52°C, 100 % | 15645 / 16384 MB | root(15642M)
[1] Tesla V100-SXM2-16GB | 47°C,  51 % | 15595 / 16384 MB | root(15592M)
[2] Tesla V100-SXM2-16GB | 45°C,  66 % | 15579 / 16384 MB | root(15576M)
[3] Tesla V100-SXM2-16GB | 54°C, 100 % | 15649 / 16384 MB | root(15644M)
node0.cloudlab-bad.uwmadison744-s24-pg0.wisc.cloudlab.us  Sat Apr 27 18:26:21 2024  550.54.15
[0] Tesla V100-SXM2-16GB | 52°C, 100 % | 15645 / 16384 MB | root(15642M)
[1] Tesla V100-SXM2-16GB | 48°C, 100 % | 15595 / 16384 MB | root(15592M)
[2] Tesla V100-SXM2-16GB | 47°C, 100 % | 15579 / 16384 MB | root(15576M)
[3] Tesla V100-SXM2-16GB | 56°C,  99 % | 15649 / 16384 MB | root(15644M)
node0.cloudlab-bad.uwmadison744-s24-pg0.wisc.cloudlab.us  Sat Apr 27 18:26:21 2024  550.54.15
[0] Tesla V100-SXM2-16GB | 52°C, 100 % | 15645 / 16384 MB | root(15642M)
[1] Tesla V100-SXM2-16GB | 48°C, 100 % | 15595 / 16384 MB | root(15592M)
[2] Tesla V100-SXM2-16GB | 46°C, 100 % | 15579 / 16384 MB | root(15576M)
[3] Tesla V100-SXM2-16GB | 56°C,  88 % | 15649 / 16384 MB | root(15644M)
node0.cloudlab-bad.uwmadison744-s24-pg0.wisc.cloudlab.us  Sat Apr 27 18:26:22 2024  550.54.15
[0] Tesla V100-SXM2-16GB | 52°C, 100 % | 15645 / 16384 MB | root(15642M)
[1] Tesla V100-SXM2-16GB | 47°C,  56 % | 15595 / 16384 MB | root(15592M)
[2] Tesla V100-SXM2-16GB | 45°C,  56 % | 15579 / 16384 MB | root(15576M)
[3] Tesla V100-SXM2-16GB | 56°C, 100 % | 15649 / 16384 MB | root(15644M)
node0.cloudlab-bad.uwmadison744-s24-pg0.wisc.cloudlab.us  Sat Apr 27 18:26:23 2024  550.54.15
[0] Tesla V100-SXM2-16GB | 52°C, 100 % | 15645 / 16384 MB | root(15642M)
[1] Tesla V100-SXM2-16GB | 48°C, 100 % | 15595 / 16384 MB | root(15592M)
[2] Tesla V100-SXM2-16GB | 47°C, 100 % | 15579 / 16384 MB | root(15576M)
[3] Tesla V100-SXM2-16GB | 56°C,  88 % | 15649 / 16384 MB | root(15644M)
node0.cloudlab-bad.uwmadison744-s24-pg0.wisc.cloudlab.us  Sat Apr 27 18:26:23 2024  550.54.15
[0] Tesla V100-SXM2-16GB | 53°C, 100 % | 15645 / 16384 MB | root(15642M)
[1] Tesla V100-SXM2-16GB | 49°C, 100 % | 15595 / 16384 MB | root(15592M)
[2] Tesla V100-SXM2-16GB | 47°C, 100 % | 15579 / 16384 MB | root(15576M)
[3] Tesla V100-SXM2-16GB | 56°C,  87 % | 15649 / 16384 MB | root(15644M)
node0.cloudlab-bad.uwmadison744-s24-pg0.wisc.cloudlab.us  Sat Apr 27 18:26:24 2024  550.54.15
[0] Tesla V100-SXM2-16GB | 52°C, 100 % | 15645 / 16384 MB | root(15642M)
[1] Tesla V100-SXM2-16GB | 47°C,  51 % | 15595 / 16384 MB | root(15592M)
[2] Tesla V100-SXM2-16GB | 47°C, 100 % | 15579 / 16384 MB | root(15576M)
[3] Tesla V100-SXM2-16GB | 56°C, 100 % | 15649 / 16384 MB | root(15644M)
node0.cloudlab-bad.uwmadison744-s24-pg0.wisc.cloudlab.us  Sat Apr 27 18:26:24 2024  550.54.15
[0] Tesla V100-SXM2-16GB | 52°C, 100 % | 15645 / 16384 MB | root(15642M)
[1] Tesla V100-SXM2-16GB | 48°C, 100 % | 15595 / 16384 MB | root(15592M)
[2] Tesla V100-SXM2-16GB | 47°C, 100 % | 15579 / 16384 MB | root(15576M)
[3] Tesla V100-SXM2-16GB | 57°C,  91 % | 15649 / 16384 MB | root(15644M)
node0.cloudlab-bad.uwmadison744-s24-pg0.wisc.cloudlab.us  Sat Apr 27 18:26:25 2024  550.54.15
[0] Tesla V100-SXM2-16GB | 53°C, 100 % | 15645 / 16384 MB | root(15642M)
[1] Tesla V100-SXM2-16GB | 49°C, 100 % | 15595 / 16384 MB | root(15592M)
[2] Tesla V100-SXM2-16GB | 47°C, 100 % | 15579 / 16384 MB | root(15576M)
[3] Tesla V100-SXM2-16GB | 57°C,  87 % | 15649 / 16384 MB | root(15644M)
node0.cloudlab-bad.uwmadison744-s24-pg0.wisc.cloudlab.us  Sat Apr 27 18:26:25 2024  550.54.15
[0] Tesla V100-SXM2-16GB | 52°C,  49 % | 15645 / 16384 MB | root(15642M)
[1] Tesla V100-SXM2-16GB | 48°C,  47 % | 15595 / 16384 MB | root(15592M)
[2] Tesla V100-SXM2-16GB | 46°C,  79 % | 15579 / 16384 MB | root(15576M)
[3] Tesla V100-SXM2-16GB | 57°C, 100 % | 15649 / 16384 MB | root(15644M)
node0.cloudlab-bad.uwmadison744-s24-pg0.wisc.cloudlab.us  Sat Apr 27 18:26:26 2024  550.54.15
[0] Tesla V100-SXM2-16GB | 53°C, 100 % | 15645 / 16384 MB | root(15642M)
[1] Tesla V100-SXM2-16GB | 48°C, 100 % | 15595 / 16384 MB | root(15592M)
[2] Tesla V100-SXM2-16GB | 47°C, 100 % | 15579 / 16384 MB | root(15576M)
[3] Tesla V100-SXM2-16GB | 57°C,  87 % | 15649 / 16384 MB | root(15644M)
node0.cloudlab-bad.uwmadison744-s24-pg0.wisc.cloudlab.us  Sat Apr 27 18:26:27 2024  550.54.15
[0] Tesla V100-SXM2-16GB | 53°C, 100 % | 15645 / 16384 MB | root(15642M)
[1] Tesla V100-SXM2-16GB | 49°C, 100 % | 15595 / 16384 MB | root(15592M)
[2] Tesla V100-SXM2-16GB | 47°C, 100 % | 15579 / 16384 MB | root(15576M)
[3] Tesla V100-SXM2-16GB | 57°C,  87 % | 15649 / 16384 MB | root(15644M)
node0.cloudlab-bad.uwmadison744-s24-pg0.wisc.cloudlab.us  Sat Apr 27 18:26:27 2024  550.54.15
[0] Tesla V100-SXM2-16GB | 52°C,  93 % | 15645 / 16384 MB | root(15642M)
[1] Tesla V100-SXM2-16GB | 48°C,  57 % | 15595 / 16384 MB | root(15592M)
[2] Tesla V100-SXM2-16GB | 46°C, 100 % | 15579 / 16384 MB | root(15576M)
[3] Tesla V100-SXM2-16GB | 57°C, 100 % | 15649 / 16384 MB | root(15644M)
node0.cloudlab-bad.uwmadison744-s24-pg0.wisc.cloudlab.us  Sat Apr 27 18:26:28 2024  550.54.15
[0] Tesla V100-SXM2-16GB | 53°C, 100 % | 15645 / 16384 MB | root(15642M)
[1] Tesla V100-SXM2-16GB | 49°C, 100 % | 15595 / 16384 MB | root(15592M)
[2] Tesla V100-SXM2-16GB | 47°C, 100 % | 15579 / 16384 MB | root(15576M)
[3] Tesla V100-SXM2-16GB | 57°C,  90 % | 15649 / 16384 MB | root(15644M)
node0.cloudlab-bad.uwmadison744-s24-pg0.wisc.cloudlab.us  Sat Apr 27 18:26:28 2024  550.54.15
[0] Tesla V100-SXM2-16GB | 54°C, 100 % | 15645 / 16384 MB | root(15642M)
[1] Tesla V100-SXM2-16GB | 49°C, 100 % | 15595 / 16384 MB | root(15592M)
[2] Tesla V100-SXM2-16GB | 47°C, 100 % | 15579 / 16384 MB | root(15576M)
[3] Tesla V100-SXM2-16GB | 57°C,  87 % | 15649 / 16384 MB | root(15644M)
node0.cloudlab-bad.uwmadison744-s24-pg0.wisc.cloudlab.us  Sat Apr 27 18:26:29 2024  550.54.15
[0] Tesla V100-SXM2-16GB | 53°C,  49 % | 15645 / 16384 MB | root(15642M)
[1] Tesla V100-SXM2-16GB | 48°C,  42 % | 15595 / 16384 MB | root(15592M)
[2] Tesla V100-SXM2-16GB | 46°C,  69 % | 15579 / 16384 MB | root(15576M)
[3] Tesla V100-SXM2-16GB | 57°C, 100 % | 15649 / 16384 MB | root(15644M)
node0.cloudlab-bad.uwmadison744-s24-pg0.wisc.cloudlab.us  Sat Apr 27 18:26:30 2024  550.54.15
[0] Tesla V100-SXM2-16GB | 53°C, 100 % | 15645 / 16384 MB | root(15642M)
[1] Tesla V100-SXM2-16GB | 49°C, 100 % | 15595 / 16384 MB | root(15592M)
[2] Tesla V100-SXM2-16GB | 48°C, 100 % | 15579 / 16384 MB | root(15576M)
[3] Tesla V100-SXM2-16GB | 57°C,  88 % | 15649 / 16384 MB | root(15644M)
node0.cloudlab-bad.uwmadison744-s24-pg0.wisc.cloudlab.us  Sat Apr 27 18:26:30 2024  550.54.15
[0] Tesla V100-SXM2-16GB | 54°C, 100 % | 15645 / 16384 MB | root(15642M)
[1] Tesla V100-SXM2-16GB | 49°C, 100 % | 15595 / 16384 MB | root(15592M)
[2] Tesla V100-SXM2-16GB | 47°C, 100 % | 15579 / 16384 MB | root(15576M)
[3] Tesla V100-SXM2-16GB | 58°C,  88 % | 15649 / 16384 MB | root(15644M)
node0.cloudlab-bad.uwmadison744-s24-pg0.wisc.cloudlab.us  Sat Apr 27 18:26:31 2024  550.54.15
[0] Tesla V100-SXM2-16GB | 53°C, 100 % | 15645 / 16384 MB | root(15642M)
[1] Tesla V100-SXM2-16GB | 48°C,  41 % | 15595 / 16384 MB | root(15592M)
[2] Tesla V100-SXM2-16GB | 46°C,  95 % | 15579 / 16384 MB | root(15576M)
[3] Tesla V100-SXM2-16GB | 56°C, 100 % | 15649 / 16384 MB | root(15644M)
node0.cloudlab-bad.uwmadison744-s24-pg0.wisc.cloudlab.us  Sat Apr 27 18:26:31 2024  550.54.15
[0] Tesla V100-SXM2-16GB | 54°C, 100 % | 15645 / 16384 MB | root(15642M)
[1] Tesla V100-SXM2-16GB | 49°C, 100 % | 15595 / 16384 MB | root(15592M)
[2] Tesla V100-SXM2-16GB | 48°C, 100 % | 15579 / 16384 MB | root(15576M)
[3] Tesla V100-SXM2-16GB | 58°C,  95 % | 15649 / 16384 MB | root(15644M)
node0.cloudlab-bad.uwmadison744-s24-pg0.wisc.cloudlab.us  Sat Apr 27 18:26:32 2024  550.54.15
[0] Tesla V100-SXM2-16GB | 54°C, 100 % | 15645 / 16384 MB | root(15642M)
[1] Tesla V100-SXM2-16GB | 50°C, 100 % | 15595 / 16384 MB | root(15592M)
[2] Tesla V100-SXM2-16GB | 48°C, 100 % | 15579 / 16384 MB | root(15576M)
[3] Tesla V100-SXM2-16GB | 58°C,  87 % | 15649 / 16384 MB | root(15644M)
node0.cloudlab-bad.uwmadison744-s24-pg0.wisc.cloudlab.us  Sat Apr 27 18:26:33 2024  550.54.15
[0] Tesla V100-SXM2-16GB | 53°C,  88 % | 15645 / 16384 MB | root(15642M)
[1] Tesla V100-SXM2-16GB | 48°C,  82 % | 15595 / 16384 MB | root(15592M)
[2] Tesla V100-SXM2-16GB | 47°C,  43 % | 15579 / 16384 MB | root(15576M)
[3] Tesla V100-SXM2-16GB | 58°C, 100 % | 15649 / 16384 MB | root(15644M)
node0.cloudlab-bad.uwmadison744-s24-pg0.wisc.cloudlab.us  Sat Apr 27 18:26:33 2024  550.54.15
[0] Tesla V100-SXM2-16GB | 54°C, 100 % | 15645 / 16384 MB | root(15642M)
[1] Tesla V100-SXM2-16GB | 49°C, 100 % | 15595 / 16384 MB | root(15592M)
[2] Tesla V100-SXM2-16GB | 48°C, 100 % | 15579 / 16384 MB | root(15576M)
[3] Tesla V100-SXM2-16GB | 58°C,  91 % | 15649 / 16384 MB | root(15644M)
node0.cloudlab-bad.uwmadison744-s24-pg0.wisc.cloudlab.us  Sat Apr 27 18:26:34 2024  550.54.15
[0] Tesla V100-SXM2-16GB | 54°C, 100 % | 15645 / 16384 MB | root(15642M)
[1] Tesla V100-SXM2-16GB | 50°C, 100 % | 15595 / 16384 MB | root(15592M)
[2] Tesla V100-SXM2-16GB | 48°C, 100 % | 15579 / 16384 MB | root(15576M)
[3] Tesla V100-SXM2-16GB | 58°C,  87 % | 15649 / 16384 MB | root(15644M)
node0.cloudlab-bad.uwmadison744-s24-pg0.wisc.cloudlab.us  Sat Apr 27 18:26:34 2024  550.54.15
[0] Tesla V100-SXM2-16GB | 53°C,  55 % | 15645 / 16384 MB | root(15642M)
[1] Tesla V100-SXM2-16GB | 50°C,  50 % | 15595 / 16384 MB | root(15592M)
[2] Tesla V100-SXM2-16GB | 48°C,  70 % | 15579 / 16384 MB | root(15576M)
[3] Tesla V100-SXM2-16GB | 59°C, 100 % | 15649 / 16384 MB | root(15644M)
node0.cloudlab-bad.uwmadison744-s24-pg0.wisc.cloudlab.us  Sat Apr 27 18:26:35 2024  550.54.15
[0] Tesla V100-SXM2-16GB | 54°C, 100 % | 15645 / 16384 MB | root(15642M)
[1] Tesla V100-SXM2-16GB | 50°C, 100 % | 15595 / 16384 MB | root(15592M)
[2] Tesla V100-SXM2-16GB | 48°C, 100 % | 15579 / 16384 MB | root(15576M)
[3] Tesla V100-SXM2-16GB | 58°C,  88 % | 15649 / 16384 MB | root(15644M)
node0.cloudlab-bad.uwmadison744-s24-pg0.wisc.cloudlab.us  Sat Apr 27 18:26:36 2024  550.54.15
[0] Tesla V100-SXM2-16GB | 55°C, 100 % | 15645 / 16384 MB | root(15642M)
[1] Tesla V100-SXM2-16GB | 50°C, 100 % | 15595 / 16384 MB | root(15592M)
[2] Tesla V100-SXM2-16GB | 48°C, 100 % | 15579 / 16384 MB | root(15576M)
[3] Tesla V100-SXM2-16GB | 58°C,  87 % | 15649 / 16384 MB | root(15644M)
node0.cloudlab-bad.uwmadison744-s24-pg0.wisc.cloudlab.us  Sat Apr 27 18:26:36 2024  550.54.15
[0] Tesla V100-SXM2-16GB | 54°C, 100 % | 15645 / 16384 MB | root(15642M)
[1] Tesla V100-SXM2-16GB | 50°C,  39 % | 15595 / 16384 MB | root(15592M)
[2] Tesla V100-SXM2-16GB | 48°C, 100 % | 15579 / 16384 MB | root(15576M)
[3] Tesla V100-SXM2-16GB | 59°C, 100 % | 15649 / 16384 MB | root(15644M)
node0.cloudlab-bad.uwmadison744-s24-pg0.wisc.cloudlab.us  Sat Apr 27 18:26:37 2024  550.54.15
[0] Tesla V100-SXM2-16GB | 54°C, 100 % | 15645 / 16384 MB | root(15642M)
[1] Tesla V100-SXM2-16GB | 49°C, 100 % | 15595 / 16384 MB | root(15592M)
[2] Tesla V100-SXM2-16GB | 48°C, 100 % | 15579 / 16384 MB | root(15576M)
[3] Tesla V100-SXM2-16GB | 59°C,  88 % | 15649 / 16384 MB | root(15644M)
node0.cloudlab-bad.uwmadison744-s24-pg0.wisc.cloudlab.us  Sat Apr 27 18:26:37 2024  550.54.15
[0] Tesla V100-SXM2-16GB | 55°C, 100 % | 15645 / 16384 MB | root(15642M)
[1] Tesla V100-SXM2-16GB | 50°C, 100 % | 15595 / 16384 MB | root(15592M)
[2] Tesla V100-SXM2-16GB | 48°C, 100 % | 15579 / 16384 MB | root(15576M)
[3] Tesla V100-SXM2-16GB | 59°C,  88 % | 15649 / 16384 MB | root(15644M)
node0.cloudlab-bad.uwmadison744-s24-pg0.wisc.cloudlab.us  Sat Apr 27 18:26:38 2024  550.54.15
[0] Tesla V100-SXM2-16GB | 54°C,  92 % |  3255 / 16384 MB | root(1876M)
[1] Tesla V100-SXM2-16GB | 49°C, 100 % |   481 / 16384 MB | root(438M)
[2] Tesla V100-SXM2-16GB | 47°C, 100 % |   393 / 16384 MB | root(390M)
[3] Tesla V100-SXM2-16GB | 57°C,  91 % |   397 / 16384 MB | root(392M)
node0.cloudlab-bad.uwmadison744-s24-pg0.wisc.cloudlab.us  Sat Apr 27 18:26:39 2024  550.54.15
[0] Tesla V100-SXM2-16GB | 53°C,   0 % |   393 / 16384 MB | root(390M)
[1] Tesla V100-SXM2-16GB | 48°C,   0 % |   393 / 16384 MB | root(390M)
[2] Tesla V100-SXM2-16GB | 46°C,   0 % |   393 / 16384 MB | root(390M)
[3] Tesla V100-SXM2-16GB | 56°C,   0 % |   397 / 16384 MB | root(392M)
node0.cloudlab-bad.uwmadison744-s24-pg0.wisc.cloudlab.us  Sat Apr 27 18:26:39 2024  550.54.15
[0] Tesla V100-SXM2-16GB | 52°C,   0 % |   393 / 16384 MB | root(390M)
[1] Tesla V100-SXM2-16GB | 48°C,   0 % |   393 / 16384 MB | root(390M)
[2] Tesla V100-SXM2-16GB | 46°C,   0 % |   393 / 16384 MB | root(390M)
[3] Tesla V100-SXM2-16GB | 55°C,   0 % |   397 / 16384 MB | root(392M)
node0.cloudlab-bad.uwmadison744-s24-pg0.wisc.cloudlab.us  Sat Apr 27 18:26:40 2024  550.54.15
[0] Tesla V100-SXM2-16GB | 52°C,   0 % |   393 / 16384 MB | root(390M)
[1] Tesla V100-SXM2-16GB | 47°C,   0 % |   393 / 16384 MB | root(390M)
[2] Tesla V100-SXM2-16GB | 45°C,   0 % |   393 / 16384 MB | root(390M)
[3] Tesla V100-SXM2-16GB | 55°C,   0 % |   397 / 16384 MB | root(392M)
node0.cloudlab-bad.uwmadison744-s24-pg0.wisc.cloudlab.us  Sat Apr 27 18:26:40 2024  550.54.15
[0] Tesla V100-SXM2-16GB | 52°C,   0 % |   393 / 16384 MB | root(390M)
[1] Tesla V100-SXM2-16GB | 47°C,   0 % |   393 / 16384 MB | root(390M)
[2] Tesla V100-SXM2-16GB | 45°C,   0 % |   393 / 16384 MB | root(390M)
[3] Tesla V100-SXM2-16GB | 55°C,   0 % |   397 / 16384 MB | root(392M)
node0.cloudlab-bad.uwmadison744-s24-pg0.wisc.cloudlab.us  Sat Apr 27 18:26:41 2024  550.54.15
[0] Tesla V100-SXM2-16GB | 52°C,   0 % |   393 / 16384 MB | root(390M)
[1] Tesla V100-SXM2-16GB | 47°C,   0 % |   393 / 16384 MB | root(390M)
[2] Tesla V100-SXM2-16GB | 45°C,   0 % |   393 / 16384 MB | root(390M)
[3] Tesla V100-SXM2-16GB | 54°C,   0 % |   397 / 16384 MB | root(392M)
node0.cloudlab-bad.uwmadison744-s24-pg0.wisc.cloudlab.us  Sat Apr 27 18:26:41 2024  550.54.15
[0] Tesla V100-SXM2-16GB | 51°C,   0 % |   393 / 16384 MB | root(390M)
[1] Tesla V100-SXM2-16GB | 46°C,   0 % |   393 / 16384 MB | root(390M)
[2] Tesla V100-SXM2-16GB | 44°C,   0 % |   393 / 16384 MB | root(390M)
[3] Tesla V100-SXM2-16GB | 54°C,   0 % |   397 / 16384 MB | root(392M)
node0.cloudlab-bad.uwmadison744-s24-pg0.wisc.cloudlab.us  Sat Apr 27 18:26:42 2024  550.54.15
[0] Tesla V100-SXM2-16GB | 51°C,   0 % |   393 / 16384 MB | root(390M)
[1] Tesla V100-SXM2-16GB | 46°C,   0 % |   393 / 16384 MB | root(390M)
[2] Tesla V100-SXM2-16GB | 44°C,   0 % |   393 / 16384 MB | root(390M)
[3] Tesla V100-SXM2-16GB | 54°C,   0 % |   397 / 16384 MB | root(392M)
node0.cloudlab-bad.uwmadison744-s24-pg0.wisc.cloudlab.us  Sat Apr 27 18:26:43 2024  550.54.15
[0] Tesla V100-SXM2-16GB | 51°C,   0 % |   393 / 16384 MB | root(390M)
[1] Tesla V100-SXM2-16GB | 46°C,   0 % |   393 / 16384 MB | root(390M)
[2] Tesla V100-SXM2-16GB | 44°C,   0 % |   393 / 16384 MB | root(390M)
[3] Tesla V100-SXM2-16GB | 54°C,   0 % |   397 / 16384 MB | root(392M)
node0.cloudlab-bad.uwmadison744-s24-pg0.wisc.cloudlab.us  Sat Apr 27 18:26:43 2024  550.54.15
[0] Tesla V100-SXM2-16GB | 51°C,   0 % |   393 / 16384 MB | root(390M)
[1] Tesla V100-SXM2-16GB | 46°C,   0 % |   393 / 16384 MB | root(390M)
[2] Tesla V100-SXM2-16GB | 44°C,   0 % |   393 / 16384 MB | root(390M)
[3] Tesla V100-SXM2-16GB | 53°C,   1 % |   395 / 16384 MB | root(392M)
node0.cloudlab-bad.uwmadison744-s24-pg0.wisc.cloudlab.us  Sat Apr 27 18:26:44 2024  550.54.15
[0] Tesla V100-SXM2-16GB | 51°C,   0 % |     3 / 16384 MB |
[1] Tesla V100-SXM2-16GB | 46°C,   0 % |     3 / 16384 MB |
[2] Tesla V100-SXM2-16GB | 44°C,   7 % |     3 / 16384 MB |
[3] Tesla V100-SXM2-16GB | 53°C,   7 % |     3 / 16384 MB |
node0.cloudlab-bad.uwmadison744-s24-pg0.wisc.cloudlab.us  Sat Apr 27 18:26:44 2024  550.54.15
[0] Tesla V100-SXM2-16GB | 50°C,   0 % |     3 / 16384 MB |
[1] Tesla V100-SXM2-16GB | 45°C,   0 % |     3 / 16384 MB |
[2] Tesla V100-SXM2-16GB | 43°C,   0 % |     3 / 16384 MB |
[3] Tesla V100-SXM2-16GB | 53°C,   0 % |     3 / 16384 MB |
node0.cloudlab-bad.uwmadison744-s24-pg0.wisc.cloudlab.us  Sat Apr 27 18:26:45 2024  550.54.15
[0] Tesla V100-SXM2-16GB | 50°C,   0 % |     3 / 16384 MB |
[1] Tesla V100-SXM2-16GB | 45°C,   0 % |     3 / 16384 MB |
[2] Tesla V100-SXM2-16GB | 43°C,   0 % |     3 / 16384 MB |
[3] Tesla V100-SXM2-16GB | 52°C,   0 % |     3 / 16384 MB |
node0.cloudlab-bad.uwmadison744-s24-pg0.wisc.cloudlab.us  Sat Apr 27 18:26:45 2024  550.54.15
[0] Tesla V100-SXM2-16GB | 50°C,   0 % |     3 / 16384 MB |
[1] Tesla V100-SXM2-16GB | 44°C,   0 % |     3 / 16384 MB |
[2] Tesla V100-SXM2-16GB | 43°C,   0 % |     3 / 16384 MB |
[3] Tesla V100-SXM2-16GB | 52°C,   0 % |     3 / 16384 MB |
node0.cloudlab-bad.uwmadison744-s24-pg0.wisc.cloudlab.us  Sat Apr 27 18:26:46 2024  550.54.15
[0] Tesla V100-SXM2-16GB | 50°C,   0 % |     3 / 16384 MB |
[1] Tesla V100-SXM2-16GB | 44°C,   0 % |     3 / 16384 MB |
[2] Tesla V100-SXM2-16GB | 42°C,   0 % |     3 / 16384 MB |
[3] Tesla V100-SXM2-16GB | 52°C,   0 % |     3 / 16384 MB |
node0.cloudlab-bad.uwmadison744-s24-pg0.wisc.cloudlab.us  Sat Apr 27 18:26:47 2024  550.54.15
[0] Tesla V100-SXM2-16GB | 49°C,   0 % |     3 / 16384 MB |
[1] Tesla V100-SXM2-16GB | 44°C,   0 % |     3 / 16384 MB |
[2] Tesla V100-SXM2-16GB | 42°C,   0 % |     3 / 16384 MB |
[3] Tesla V100-SXM2-16GB | 52°C,   0 % |     3 / 16384 MB |
node0.cloudlab-bad.uwmadison744-s24-pg0.wisc.cloudlab.us  Sat Apr 27 18:26:47 2024  550.54.15
[0] Tesla V100-SXM2-16GB | 49°C,   0 % |     3 / 16384 MB |
[1] Tesla V100-SXM2-16GB | 44°C,   0 % |     3 / 16384 MB |
[2] Tesla V100-SXM2-16GB | 42°C,   0 % |     3 / 16384 MB |
[3] Tesla V100-SXM2-16GB | 51°C,   0 % |     3 / 16384 MB |
node0.cloudlab-bad.uwmadison744-s24-pg0.wisc.cloudlab.us  Sat Apr 27 18:26:48 2024  550.54.15
[0] Tesla V100-SXM2-16GB | 49°C,   0 % |     3 / 16384 MB |
[1] Tesla V100-SXM2-16GB | 43°C,   0 % |     3 / 16384 MB |
[2] Tesla V100-SXM2-16GB | 42°C,   0 % |     3 / 16384 MB |
[3] Tesla V100-SXM2-16GB | 51°C,   0 % |     3 / 16384 MB |
node0.cloudlab-bad.uwmadison744-s24-pg0.wisc.cloudlab.us  Sat Apr 27 18:26:48 2024  550.54.15
[0] Tesla V100-SXM2-16GB | 49°C,   0 % |     3 / 16384 MB |
[1] Tesla V100-SXM2-16GB | 43°C,   0 % |     3 / 16384 MB |
[2] Tesla V100-SXM2-16GB | 42°C,   0 % |     3 / 16384 MB |
[3] Tesla V100-SXM2-16GB | 51°C,   0 % |     3 / 16384 MB |
node0.cloudlab-bad.uwmadison744-s24-pg0.wisc.cloudlab.us  Sat Apr 27 18:26:49 2024  550.54.15
[0] Tesla V100-SXM2-16GB | 49°C,   0 % |     3 / 16384 MB |
[1] Tesla V100-SXM2-16GB | 43°C,   0 % |     3 / 16384 MB |
[2] Tesla V100-SXM2-16GB | 41°C,   0 % |     3 / 16384 MB |
[3] Tesla V100-SXM2-16GB | 51°C,   0 % |     3 / 16384 MB |
node0.cloudlab-bad.uwmadison744-s24-pg0.wisc.cloudlab.us  Sat Apr 27 18:26:49 2024  550.54.15
[0] Tesla V100-SXM2-16GB | 48°C,   0 % |     3 / 16384 MB |
[1] Tesla V100-SXM2-16GB | 43°C,   0 % |     3 / 16384 MB |
[2] Tesla V100-SXM2-16GB | 41°C,   0 % |     3 / 16384 MB |
[3] Tesla V100-SXM2-16GB | 51°C,   0 % |     3 / 16384 MB |
node0.cloudlab-bad.uwmadison744-s24-pg0.wisc.cloudlab.us  Sat Apr 27 18:26:50 2024  550.54.15
[0] Tesla V100-SXM2-16GB | 48°C,   0 % |     3 / 16384 MB |
[1] Tesla V100-SXM2-16GB | 43°C,   0 % |     3 / 16384 MB |
[2] Tesla V100-SXM2-16GB | 41°C,   0 % |     3 / 16384 MB |
[3] Tesla V100-SXM2-16GB | 50°C,   0 % |     3 / 16384 MB |
node0.cloudlab-bad.uwmadison744-s24-pg0.wisc.cloudlab.us  Sat Apr 27 18:26:50 2024  550.54.15
[0] Tesla V100-SXM2-16GB | 48°C,   0 % |     3 / 16384 MB |
[1] Tesla V100-SXM2-16GB | 43°C,   0 % |     3 / 16384 MB |
[2] Tesla V100-SXM2-16GB | 41°C,   0 % |     3 / 16384 MB |
[3] Tesla V100-SXM2-16GB | 50°C,   0 % |     3 / 16384 MB |
node0.cloudlab-bad.uwmadison744-s24-pg0.wisc.cloudlab.us  Sat Apr 27 18:26:51 2024  550.54.15
[0] Tesla V100-SXM2-16GB | 48°C,   0 % |     3 / 16384 MB |
[1] Tesla V100-SXM2-16GB | 43°C,   0 % |     3 / 16384 MB |
[2] Tesla V100-SXM2-16GB | 41°C,   0 % |     3 / 16384 MB |
[3] Tesla V100-SXM2-16GB | 50°C,   0 % |     3 / 16384 MB |
node0.cloudlab-bad.uwmadison744-s24-pg0.wisc.cloudlab.us  Sat Apr 27 18:26:52 2024  550.54.15
[0] Tesla V100-SXM2-16GB | 48°C,   0 % |     3 / 16384 MB |
[1] Tesla V100-SXM2-16GB | 42°C,   0 % |     3 / 16384 MB |
[2] Tesla V100-SXM2-16GB | 41°C,   0 % |     3 / 16384 MB |
[3] Tesla V100-SXM2-16GB | 50°C,   0 % |     3 / 16384 MB |
node0.cloudlab-bad.uwmadison744-s24-pg0.wisc.cloudlab.us  Sat Apr 27 18:26:52 2024  550.54.15
[0] Tesla V100-SXM2-16GB | 48°C,   0 % |     3 / 16384 MB |
[1] Tesla V100-SXM2-16GB | 42°C,   0 % |     3 / 16384 MB |
[2] Tesla V100-SXM2-16GB | 40°C,   0 % |     3 / 16384 MB |
[3] Tesla V100-SXM2-16GB | 50°C,   0 % |     3 / 16384 MB |
node0.cloudlab-bad.uwmadison744-s24-pg0.wisc.cloudlab.us  Sat Apr 27 18:26:53 2024  550.54.15
[0] Tesla V100-SXM2-16GB | 48°C,   0 % |     3 / 16384 MB |
[1] Tesla V100-SXM2-16GB | 42°C,   0 % |     3 / 16384 MB |
[2] Tesla V100-SXM2-16GB | 40°C,   0 % |     3 / 16384 MB |
[3] Tesla V100-SXM2-16GB | 49°C,   0 % |     3 / 16384 MB |
node0.cloudlab-bad.uwmadison744-s24-pg0.wisc.cloudlab.us  Sat Apr 27 18:26:53 2024  550.54.15
[0] Tesla V100-SXM2-16GB | 48°C,   0 % |     3 / 16384 MB |
[1] Tesla V100-SXM2-16GB | 42°C,   0 % |     3 / 16384 MB |
[2] Tesla V100-SXM2-16GB | 40°C,   0 % |     3 / 16384 MB |
[3] Tesla V100-SXM2-16GB | 49°C,   0 % |     3 / 16384 MB |
node0.cloudlab-bad.uwmadison744-s24-pg0.wisc.cloudlab.us  Sat Apr 27 18:26:54 2024  550.54.15
[0] Tesla V100-SXM2-16GB | 47°C,   0 % |     3 / 16384 MB |
[1] Tesla V100-SXM2-16GB | 42°C,   0 % |     3 / 16384 MB |
[2] Tesla V100-SXM2-16GB | 40°C,   0 % |     3 / 16384 MB |
[3] Tesla V100-SXM2-16GB | 49°C,   0 % |     3 / 16384 MB |
node0.cloudlab-bad.uwmadison744-s24-pg0.wisc.cloudlab.us  Sat Apr 27 18:26:54 2024  550.54.15
[0] Tesla V100-SXM2-16GB | 47°C,   0 % |     3 / 16384 MB |
[1] Tesla V100-SXM2-16GB | 42°C,   0 % |     3 / 16384 MB |
[2] Tesla V100-SXM2-16GB | 40°C,   0 % |     3 / 16384 MB |
[3] Tesla V100-SXM2-16GB | 49°C,   0 % |     3 / 16384 MB |
node0.cloudlab-bad.uwmadison744-s24-pg0.wisc.cloudlab.us  Sat Apr 27 18:26:55 2024  550.54.15
[0] Tesla V100-SXM2-16GB | 47°C,   0 % |     3 / 16384 MB |
[1] Tesla V100-SXM2-16GB | 41°C,   0 % |     3 / 16384 MB |
[2] Tesla V100-SXM2-16GB | 40°C,   0 % |     3 / 16384 MB |
[3] Tesla V100-SXM2-16GB | 49°C,   0 % |     3 / 16384 MB |
node0.cloudlab-bad.uwmadison744-s24-pg0.wisc.cloudlab.us  Sat Apr 27 18:26:55 2024  550.54.15
[0] Tesla V100-SXM2-16GB | 47°C,   0 % |     3 / 16384 MB |
[1] Tesla V100-SXM2-16GB | 41°C,   0 % |     3 / 16384 MB |
[2] Tesla V100-SXM2-16GB | 40°C,   0 % |     3 / 16384 MB |
[3] Tesla V100-SXM2-16GB | 49°C,   0 % |     3 / 16384 MB |
node0.cloudlab-bad.uwmadison744-s24-pg0.wisc.cloudlab.us  Sat Apr 27 18:26:56 2024  550.54.15
[0] Tesla V100-SXM2-16GB | 47°C,   0 % |     3 / 16384 MB |
[1] Tesla V100-SXM2-16GB | 41°C,   0 % |     3 / 16384 MB |
[2] Tesla V100-SXM2-16GB | 39°C,   0 % |     3 / 16384 MB |
[3] Tesla V100-SXM2-16GB | 49°C,   0 % |     3 / 16384 MB |
node0.cloudlab-bad.uwmadison744-s24-pg0.wisc.cloudlab.us  Sat Apr 27 18:26:57 2024  550.54.15
[0] Tesla V100-SXM2-16GB | 47°C,   0 % |     3 / 16384 MB |
[1] Tesla V100-SXM2-16GB | 41°C,   0 % |     3 / 16384 MB |
[2] Tesla V100-SXM2-16GB | 39°C,   0 % |     3 / 16384 MB |
[3] Tesla V100-SXM2-16GB | 48°C,   0 % |     3 / 16384 MB |
node0.cloudlab-bad.uwmadison744-s24-pg0.wisc.cloudlab.us  Sat Apr 27 18:26:57 2024  550.54.15
[0] Tesla V100-SXM2-16GB | 47°C,   0 % |     3 / 16384 MB |
[1] Tesla V100-SXM2-16GB | 41°C,   0 % |     3 / 16384 MB |
[2] Tesla V100-SXM2-16GB | 39°C,   0 % |     3 / 16384 MB |
[3] Tesla V100-SXM2-16GB | 48°C,   0 % |     3 / 16384 MB |
node0.cloudlab-bad.uwmadison744-s24-pg0.wisc.cloudlab.us  Sat Apr 27 18:26:58 2024  550.54.15
[0] Tesla V100-SXM2-16GB | 47°C,   0 % |     3 / 16384 MB |
[1] Tesla V100-SXM2-16GB | 41°C,   0 % |     3 / 16384 MB |
[2] Tesla V100-SXM2-16GB | 39°C,   0 % |     3 / 16384 MB |
[3] Tesla V100-SXM2-16GB | 48°C,   0 % |     3 / 16384 MB |
node0.cloudlab-bad.uwmadison744-s24-pg0.wisc.cloudlab.us  Sat Apr 27 18:26:58 2024  550.54.15
[0] Tesla V100-SXM2-16GB | 46°C,   0 % |     3 / 16384 MB |
[1] Tesla V100-SXM2-16GB | 41°C,   0 % |     3 / 16384 MB |
[2] Tesla V100-SXM2-16GB | 39°C,   0 % |     3 / 16384 MB |
[3] Tesla V100-SXM2-16GB | 48°C,   0 % |     3 / 16384 MB |
node0.cloudlab-bad.uwmadison744-s24-pg0.wisc.cloudlab.us  Sat Apr 27 18:26:59 2024  550.54.15
[0] Tesla V100-SXM2-16GB | 46°C,   0 % |     3 / 16384 MB |
[1] Tesla V100-SXM2-16GB | 41°C,   0 % |     3 / 16384 MB |
[2] Tesla V100-SXM2-16GB | 39°C,   0 % |     3 / 16384 MB |
[3] Tesla V100-SXM2-16GB | 48°C,   0 % |     3 / 16384 MB |
node0.cloudlab-bad.uwmadison744-s24-pg0.wisc.cloudlab.us  Sat Apr 27 18:26:59 2024  550.54.15
[0] Tesla V100-SXM2-16GB | 46°C,   0 % |     3 / 16384 MB |
[1] Tesla V100-SXM2-16GB | 40°C,   0 % |     3 / 16384 MB |
[2] Tesla V100-SXM2-16GB | 39°C,   0 % |     3 / 16384 MB |
[3] Tesla V100-SXM2-16GB | 48°C,   0 % |     3 / 16384 MB |
node0.cloudlab-bad.uwmadison744-s24-pg0.wisc.cloudlab.us  Sat Apr 27 18:27:00 2024  550.54.15
[0] Tesla V100-SXM2-16GB | 46°C,   0 % |     3 / 16384 MB |
[1] Tesla V100-SXM2-16GB | 40°C,   0 % |     3 / 16384 MB |
[2] Tesla V100-SXM2-16GB | 39°C,   0 % |     3 / 16384 MB |
[3] Tesla V100-SXM2-16GB | 48°C,   0 % |     3 / 16384 MB |
node0.cloudlab-bad.uwmadison744-s24-pg0.wisc.cloudlab.us  Sat Apr 27 18:27:00 2024  550.54.15
[0] Tesla V100-SXM2-16GB | 46°C,   0 % |     3 / 16384 MB |
[1] Tesla V100-SXM2-16GB | 40°C,   0 % |     3 / 16384 MB |
[2] Tesla V100-SXM2-16GB | 39°C,   0 % |     3 / 16384 MB |
[3] Tesla V100-SXM2-16GB | 47°C,   0 % |     3 / 16384 MB |
node0.cloudlab-bad.uwmadison744-s24-pg0.wisc.cloudlab.us  Sat Apr 27 18:27:01 2024  550.54.15
[0] Tesla V100-SXM2-16GB | 46°C,   0 % |     3 / 16384 MB |
[1] Tesla V100-SXM2-16GB | 40°C,   0 % |     3 / 16384 MB |
[2] Tesla V100-SXM2-16GB | 38°C,   0 % |     3 / 16384 MB |
[3] Tesla V100-SXM2-16GB | 47°C,   0 % |     3 / 16384 MB |
node0.cloudlab-bad.uwmadison744-s24-pg0.wisc.cloudlab.us  Sat Apr 27 18:27:02 2024  550.54.15
[0] Tesla V100-SXM2-16GB | 46°C,   0 % |     3 / 16384 MB |
[1] Tesla V100-SXM2-16GB | 40°C,   0 % |     3 / 16384 MB |
[2] Tesla V100-SXM2-16GB | 38°C,   0 % |     3 / 16384 MB |
[3] Tesla V100-SXM2-16GB | 47°C,   0 % |     3 / 16384 MB |
node0.cloudlab-bad.uwmadison744-s24-pg0.wisc.cloudlab.us  Sat Apr 27 18:27:02 2024  550.54.15
[0] Tesla V100-SXM2-16GB | 46°C,   0 % |     3 / 16384 MB |
[1] Tesla V100-SXM2-16GB | 40°C,   0 % |     3 / 16384 MB |
[2] Tesla V100-SXM2-16GB | 38°C,   0 % |     3 / 16384 MB |
[3] Tesla V100-SXM2-16GB | 47°C,   0 % |     3 / 16384 MB |
node0.cloudlab-bad.uwmadison744-s24-pg0.wisc.cloudlab.us  Sat Apr 27 18:27:03 2024  550.54.15
[0] Tesla V100-SXM2-16GB | 46°C,   0 % |     3 / 16384 MB |
[1] Tesla V100-SXM2-16GB | 40°C,   0 % |     3 / 16384 MB |
[2] Tesla V100-SXM2-16GB | 38°C,   0 % |     3 / 16384 MB |
[3] Tesla V100-SXM2-16GB | 47°C,   0 % |     3 / 16384 MB |
