node0.cloudlab-bad.uwmadison744-s24-pg0.wisc.cloudlab.us  Sat Apr 27 18:39:59 2024  550.54.15
[0] Tesla V100-SXM2-16GB | 34°C,   0 % |     0 / 16384 MB |
[1] Tesla V100-SXM2-16GB | 31°C,   0 % |     0 / 16384 MB |
[2] Tesla V100-SXM2-16GB | 30°C,   0 % |     0 / 16384 MB |
[3] Tesla V100-SXM2-16GB | 34°C,   0 % |     0 / 16384 MB |
node0.cloudlab-bad.uwmadison744-s24-pg0.wisc.cloudlab.us  Sat Apr 27 18:40:00 2024  550.54.15
[0] Tesla V100-SXM2-16GB | 34°C,   0 % |     0 / 16384 MB |
[1] Tesla V100-SXM2-16GB | 31°C,   0 % |     0 / 16384 MB |
[2] Tesla V100-SXM2-16GB | 30°C,   0 % |     0 / 16384 MB |
[3] Tesla V100-SXM2-16GB | 34°C,   0 % |     0 / 16384 MB |
node0.cloudlab-bad.uwmadison744-s24-pg0.wisc.cloudlab.us  Sat Apr 27 18:40:00 2024  550.54.15
[0] Tesla V100-SXM2-16GB | 34°C,   0 % |     0 / 16384 MB |
[1] Tesla V100-SXM2-16GB | 31°C,   0 % |     0 / 16384 MB |
[2] Tesla V100-SXM2-16GB | 30°C,   0 % |     0 / 16384 MB |
[3] Tesla V100-SXM2-16GB | 34°C,   0 % |     0 / 16384 MB |
node0.cloudlab-bad.uwmadison744-s24-pg0.wisc.cloudlab.us  Sat Apr 27 18:40:01 2024  550.54.15
[0] Tesla V100-SXM2-16GB | 34°C,   0 % |     0 / 16384 MB |
[1] Tesla V100-SXM2-16GB | 31°C,   0 % |     0 / 16384 MB |
[2] Tesla V100-SXM2-16GB | 30°C,   0 % |     0 / 16384 MB |
[3] Tesla V100-SXM2-16GB | 34°C,   0 % |     0 / 16384 MB |
node0.cloudlab-bad.uwmadison744-s24-pg0.wisc.cloudlab.us  Sat Apr 27 18:40:01 2024  550.54.15
[0] Tesla V100-SXM2-16GB | 34°C,   0 % |     0 / 16384 MB |
[1] Tesla V100-SXM2-16GB | 31°C,   0 % |     0 / 16384 MB |
[2] Tesla V100-SXM2-16GB | 30°C,   0 % |     0 / 16384 MB |
[3] Tesla V100-SXM2-16GB | 34°C,   0 % |     0 / 16384 MB |
node0.cloudlab-bad.uwmadison744-s24-pg0.wisc.cloudlab.us  Sat Apr 27 18:40:02 2024  550.54.15
[0] Tesla V100-SXM2-16GB | 34°C,   0 % |     0 / 16384 MB |
[1] Tesla V100-SXM2-16GB | 31°C,   0 % |     0 / 16384 MB |
[2] Tesla V100-SXM2-16GB | 29°C,   0 % |     0 / 16384 MB |
[3] Tesla V100-SXM2-16GB | 34°C,   0 % |     0 / 16384 MB |
node0.cloudlab-bad.uwmadison744-s24-pg0.wisc.cloudlab.us  Sat Apr 27 18:40:03 2024  550.54.15
[0] Tesla V100-SXM2-16GB | 34°C,   0 % |     0 / 16384 MB |
[1] Tesla V100-SXM2-16GB | 30°C,   0 % |     0 / 16384 MB |
[2] Tesla V100-SXM2-16GB | 30°C,   0 % |     0 / 16384 MB |
[3] Tesla V100-SXM2-16GB | 34°C,   0 % |     0 / 16384 MB |
node0.cloudlab-bad.uwmadison744-s24-pg0.wisc.cloudlab.us  Sat Apr 27 18:40:03 2024  550.54.15
[0] Tesla V100-SXM2-16GB | 34°C,   0 % |     0 / 16384 MB |
[1] Tesla V100-SXM2-16GB | 31°C,   0 % |     0 / 16384 MB |
[2] Tesla V100-SXM2-16GB | 30°C,   0 % |     0 / 16384 MB |
[3] Tesla V100-SXM2-16GB | 34°C,   0 % |     0 / 16384 MB |
node0.cloudlab-bad.uwmadison744-s24-pg0.wisc.cloudlab.us  Sat Apr 27 18:40:04 2024  550.54.15
[0] Tesla V100-SXM2-16GB | 34°C,   0 % |     0 / 16384 MB |
[1] Tesla V100-SXM2-16GB | 31°C,   0 % |     0 / 16384 MB |
[2] Tesla V100-SXM2-16GB | 30°C,   0 % |     0 / 16384 MB |
[3] Tesla V100-SXM2-16GB | 34°C,   0 % |     0 / 16384 MB |
node0.cloudlab-bad.uwmadison744-s24-pg0.wisc.cloudlab.us  Sat Apr 27 18:40:04 2024  550.54.15
[0] Tesla V100-SXM2-16GB | 34°C,   0 % |     0 / 16384 MB |
[1] Tesla V100-SXM2-16GB | 30°C,   0 % |     0 / 16384 MB |
[2] Tesla V100-SXM2-16GB | 30°C,   0 % |     0 / 16384 MB |
[3] Tesla V100-SXM2-16GB | 34°C,   0 % |     0 / 16384 MB |
node0.cloudlab-bad.uwmadison744-s24-pg0.wisc.cloudlab.us  Sat Apr 27 18:40:05 2024  550.54.15
[0] Tesla V100-SXM2-16GB | 34°C,   0 % |     0 / 16384 MB |
[1] Tesla V100-SXM2-16GB | 31°C,   0 % |     0 / 16384 MB |
[2] Tesla V100-SXM2-16GB | 30°C,   0 % |     0 / 16384 MB |
[3] Tesla V100-SXM2-16GB | 34°C,   0 % |     0 / 16384 MB |
node0.cloudlab-bad.uwmadison744-s24-pg0.wisc.cloudlab.us  Sat Apr 27 18:40:05 2024  550.54.15
[0] Tesla V100-SXM2-16GB | 34°C,   0 % |     0 / 16384 MB |
[1] Tesla V100-SXM2-16GB | 30°C,   0 % |     0 / 16384 MB |
[2] Tesla V100-SXM2-16GB | 30°C,   0 % |     0 / 16384 MB |
[3] Tesla V100-SXM2-16GB | 34°C,   0 % |     0 / 16384 MB |
node0.cloudlab-bad.uwmadison744-s24-pg0.wisc.cloudlab.us  Sat Apr 27 18:40:06 2024  550.54.15
[0] Tesla V100-SXM2-16GB | 34°C,   0 % |     0 / 16384 MB |
[1] Tesla V100-SXM2-16GB | 31°C,   0 % |     0 / 16384 MB |
[2] Tesla V100-SXM2-16GB | 30°C,   0 % |     0 / 16384 MB |
[3] Tesla V100-SXM2-16GB | 34°C,   0 % |     0 / 16384 MB |
node0.cloudlab-bad.uwmadison744-s24-pg0.wisc.cloudlab.us  Sat Apr 27 18:40:06 2024  550.54.15
[0] Tesla V100-SXM2-16GB | 34°C,   0 % |     0 / 16384 MB |
[1] Tesla V100-SXM2-16GB | 31°C,   0 % |     0 / 16384 MB |
[2] Tesla V100-SXM2-16GB | 30°C,   0 % |     0 / 16384 MB |
[3] Tesla V100-SXM2-16GB | 34°C,   0 % |     0 / 16384 MB |
node0.cloudlab-bad.uwmadison744-s24-pg0.wisc.cloudlab.us  Sat Apr 27 18:40:07 2024  550.54.15
[0] Tesla V100-SXM2-16GB | 34°C,   0 % |     0 / 16384 MB |
[1] Tesla V100-SXM2-16GB | 30°C,   0 % |     0 / 16384 MB |
[2] Tesla V100-SXM2-16GB | 30°C,   0 % |     0 / 16384 MB |
[3] Tesla V100-SXM2-16GB | 34°C,   0 % |     0 / 16384 MB |
node0.cloudlab-bad.uwmadison744-s24-pg0.wisc.cloudlab.us  Sat Apr 27 18:40:07 2024  550.54.15
[0] Tesla V100-SXM2-16GB | 34°C,   0 % |     3 / 16384 MB |
[1] Tesla V100-SXM2-16GB | 31°C,   0 % |     3 / 16384 MB |
[2] Tesla V100-SXM2-16GB | 30°C,   0 % |     3 / 16384 MB |
[3] Tesla V100-SXM2-16GB | 34°C,   0 % |     3 / 16384 MB |
node0.cloudlab-bad.uwmadison744-s24-pg0.wisc.cloudlab.us  Sat Apr 27 18:40:08 2024  550.54.15
[0] Tesla V100-SXM2-16GB | 34°C,   0 % |     3 / 16384 MB |
[1] Tesla V100-SXM2-16GB | 31°C,   0 % |     3 / 16384 MB |
[2] Tesla V100-SXM2-16GB | 30°C,   0 % |     3 / 16384 MB |
[3] Tesla V100-SXM2-16GB | 34°C,   0 % |     3 / 16384 MB |
node0.cloudlab-bad.uwmadison744-s24-pg0.wisc.cloudlab.us  Sat Apr 27 18:40:09 2024  550.54.15
[0] Tesla V100-SXM2-16GB | 34°C,   0 % |     3 / 16384 MB |
[1] Tesla V100-SXM2-16GB | 30°C,   0 % |     3 / 16384 MB |
[2] Tesla V100-SXM2-16GB | 30°C,   0 % |     3 / 16384 MB |
[3] Tesla V100-SXM2-16GB | 34°C,   0 % |     3 / 16384 MB |
node0.cloudlab-bad.uwmadison744-s24-pg0.wisc.cloudlab.us  Sat Apr 27 18:40:09 2024  550.54.15
[0] Tesla V100-SXM2-16GB | 34°C,   0 % |     3 / 16384 MB |
[1] Tesla V100-SXM2-16GB | 31°C,   0 % |     3 / 16384 MB |
[2] Tesla V100-SXM2-16GB | 30°C,   0 % |     3 / 16384 MB |
[3] Tesla V100-SXM2-16GB | 34°C,   0 % |     3 / 16384 MB |
node0.cloudlab-bad.uwmadison744-s24-pg0.wisc.cloudlab.us  Sat Apr 27 18:40:10 2024  550.54.15
[0] Tesla V100-SXM2-16GB | 34°C,   0 % |     3 / 16384 MB |
[1] Tesla V100-SXM2-16GB | 30°C,   0 % |     3 / 16384 MB |
[2] Tesla V100-SXM2-16GB | 30°C,   0 % |     3 / 16384 MB |
[3] Tesla V100-SXM2-16GB | 34°C,   0 % |     3 / 16384 MB |
node0.cloudlab-bad.uwmadison744-s24-pg0.wisc.cloudlab.us  Sat Apr 27 18:40:10 2024  550.54.15
[0] Tesla V100-SXM2-16GB | 34°C,   0 % |     3 / 16384 MB |
[1] Tesla V100-SXM2-16GB | 30°C,   0 % |     3 / 16384 MB |
[2] Tesla V100-SXM2-16GB | 30°C,   0 % |     3 / 16384 MB |
[3] Tesla V100-SXM2-16GB | 34°C,   0 % |     3 / 16384 MB |
node0.cloudlab-bad.uwmadison744-s24-pg0.wisc.cloudlab.us  Sat Apr 27 18:40:11 2024  550.54.15
[0] Tesla V100-SXM2-16GB | 34°C,   0 % |     3 / 16384 MB |
[1] Tesla V100-SXM2-16GB | 31°C,   0 % |     3 / 16384 MB |
[2] Tesla V100-SXM2-16GB | 30°C,   0 % |     3 / 16384 MB |
[3] Tesla V100-SXM2-16GB | 34°C,   0 % |     3 / 16384 MB |
node0.cloudlab-bad.uwmadison744-s24-pg0.wisc.cloudlab.us  Sat Apr 27 18:40:11 2024  550.54.15
[0] Tesla V100-SXM2-16GB | 34°C,   0 % |     3 / 16384 MB |
[1] Tesla V100-SXM2-16GB | 31°C,   0 % |     3 / 16384 MB |
[2] Tesla V100-SXM2-16GB | 30°C,   0 % |     3 / 16384 MB |
[3] Tesla V100-SXM2-16GB | 34°C,   0 % |     3 / 16384 MB |
node0.cloudlab-bad.uwmadison744-s24-pg0.wisc.cloudlab.us  Sat Apr 27 18:40:12 2024  550.54.15
[0] Tesla V100-SXM2-16GB | 34°C,   0 % |     3 / 16384 MB |
[1] Tesla V100-SXM2-16GB | 31°C,   0 % |     3 / 16384 MB |
[2] Tesla V100-SXM2-16GB | 30°C,   0 % |     3 / 16384 MB |
[3] Tesla V100-SXM2-16GB | 34°C,   0 % |     3 / 16384 MB |
node0.cloudlab-bad.uwmadison744-s24-pg0.wisc.cloudlab.us  Sat Apr 27 18:40:13 2024  550.54.15
[0] Tesla V100-SXM2-16GB | 34°C,   0 % |     3 / 16384 MB |
[1] Tesla V100-SXM2-16GB | 31°C,   0 % |     3 / 16384 MB |
[2] Tesla V100-SXM2-16GB | 30°C,   0 % |     3 / 16384 MB |
[3] Tesla V100-SXM2-16GB | 34°C,   0 % |     3 / 16384 MB |
node0.cloudlab-bad.uwmadison744-s24-pg0.wisc.cloudlab.us  Sat Apr 27 18:40:13 2024  550.54.15
[0] Tesla V100-SXM2-16GB | 34°C,   0 % |     3 / 16384 MB |
[1] Tesla V100-SXM2-16GB | 31°C,   0 % |     3 / 16384 MB |
[2] Tesla V100-SXM2-16GB | 30°C,   0 % |     3 / 16384 MB |
[3] Tesla V100-SXM2-16GB | 34°C,   0 % |     3 / 16384 MB |
node0.cloudlab-bad.uwmadison744-s24-pg0.wisc.cloudlab.us  Sat Apr 27 18:40:14 2024  550.54.15
[0] Tesla V100-SXM2-16GB | 34°C,   0 % |     3 / 16384 MB |
[1] Tesla V100-SXM2-16GB | 30°C,   0 % |     3 / 16384 MB |
[2] Tesla V100-SXM2-16GB | 30°C,   0 % |     3 / 16384 MB |
[3] Tesla V100-SXM2-16GB | 34°C,   0 % |     3 / 16384 MB |
node0.cloudlab-bad.uwmadison744-s24-pg0.wisc.cloudlab.us  Sat Apr 27 18:40:14 2024  550.54.15
[0] Tesla V100-SXM2-16GB | 34°C,   0 % |     3 / 16384 MB |
[1] Tesla V100-SXM2-16GB | 30°C,   0 % |     3 / 16384 MB |
[2] Tesla V100-SXM2-16GB | 30°C,   0 % |     3 / 16384 MB |
[3] Tesla V100-SXM2-16GB | 34°C,   0 % |     3 / 16384 MB |
node0.cloudlab-bad.uwmadison744-s24-pg0.wisc.cloudlab.us  Sat Apr 27 18:40:15 2024  550.54.15
[0] Tesla V100-SXM2-16GB | 34°C,   0 % |     3 / 16384 MB |
[1] Tesla V100-SXM2-16GB | 30°C,   0 % |     3 / 16384 MB |
[2] Tesla V100-SXM2-16GB | 30°C,   0 % |     3 / 16384 MB |
[3] Tesla V100-SXM2-16GB | 34°C,   0 % |     3 / 16384 MB |
node0.cloudlab-bad.uwmadison744-s24-pg0.wisc.cloudlab.us  Sat Apr 27 18:40:15 2024  550.54.15
[0] Tesla V100-SXM2-16GB | 34°C,   0 % |     3 / 16384 MB |
[1] Tesla V100-SXM2-16GB | 30°C,   0 % |     3 / 16384 MB |
[2] Tesla V100-SXM2-16GB | 30°C,   0 % |     3 / 16384 MB |
[3] Tesla V100-SXM2-16GB | 34°C,   0 % |     3 / 16384 MB |
node0.cloudlab-bad.uwmadison744-s24-pg0.wisc.cloudlab.us  Sat Apr 27 18:40:16 2024  550.54.15
[0] Tesla V100-SXM2-16GB | 34°C,   0 % |     3 / 16384 MB |
[1] Tesla V100-SXM2-16GB | 30°C,   0 % |     3 / 16384 MB |
[2] Tesla V100-SXM2-16GB | 30°C,   0 % |     3 / 16384 MB |
[3] Tesla V100-SXM2-16GB | 34°C,   0 % |    15 / 16384 MB | root(12M)
node0.cloudlab-bad.uwmadison744-s24-pg0.wisc.cloudlab.us  Sat Apr 27 18:40:17 2024  550.54.15
[0] Tesla V100-SXM2-16GB | 34°C,   0 % |    19 / 16384 MB | root(18M)
[1] Tesla V100-SXM2-16GB | 31°C,   8 % |  1161 / 16384 MB | root(1158M)
[2] Tesla V100-SXM2-16GB | 30°C,  60 % |  1161 / 16384 MB | root(1158M)
[3] Tesla V100-SXM2-16GB | 35°C,  82 % |  1191 / 16384 MB | root(1188M)
node0.cloudlab-bad.uwmadison744-s24-pg0.wisc.cloudlab.us  Sat Apr 27 18:40:18 2024  550.54.15
[0] Tesla V100-SXM2-16GB | 35°C,   6 % |  1477 / 16384 MB | root(1474M)
[1] Tesla V100-SXM2-16GB | 31°C,   6 % |  1755 / 16384 MB | root(1752M)
[2] Tesla V100-SXM2-16GB | 31°C,   1 % |  6011 / 16384 MB | root(6008M)
[3] Tesla V100-SXM2-16GB | 35°C,   1 % |  5999 / 16384 MB | root(6000M)
node0.cloudlab-bad.uwmadison744-s24-pg0.wisc.cloudlab.us  Sat Apr 27 18:40:19 2024  550.54.15
[0] Tesla V100-SXM2-16GB | 35°C,   0 % |  6087 / 16384 MB | root(12M) root(12M) root(6048M) root(12M)
[1] Tesla V100-SXM2-16GB | 32°C,   0 % |  6073 / 16384 MB | root(22M) root(6048M)
[2] Tesla V100-SXM2-16GB | 31°C,   0 % |  6047 / 16384 MB | root(6032M) root(12M)
[3] Tesla V100-SXM2-16GB | 35°C,   0 % |  6003 / 16384 MB | root(6000M)
node0.cloudlab-bad.uwmadison744-s24-pg0.wisc.cloudlab.us  Sat Apr 27 18:40:20 2024  550.54.15
[0] Tesla V100-SXM2-16GB | 35°C,   0 % |  7055 / 16384 MB | root(334M) root(334M) root(6048M) root(334M)
[1] Tesla V100-SXM2-16GB | 32°C,   0 % |  7055 / 16384 MB | root(334M) root(334M) root(334M) root(6048M)
[2] Tesla V100-SXM2-16GB | 31°C,   0 % |  6717 / 16384 MB | root(12M) root(6032M) root(334M) root(334M)
[3] Tesla V100-SXM2-16GB | 35°C,   4 % |  7007 / 16384 MB | root(6000M) root(334M) root(334M) root(334M)
node0.cloudlab-bad.uwmadison744-s24-pg0.wisc.cloudlab.us  Sat Apr 27 18:40:20 2024  550.54.15
[0] Tesla V100-SXM2-16GB | 35°C,  19 % | 15261 / 16384 MB | root(334M) root(334M) root(14254M) root(334M)
[1] Tesla V100-SXM2-16GB | 32°C,   1 % | 15261 / 16384 MB | root(334M) root(334M) root(334M) root(14254M)
[2] Tesla V100-SXM2-16GB | 31°C,  46 % | 15245 / 16384 MB | root(334M) root(14238M) root(334M) root(334M)
[3] Tesla V100-SXM2-16GB | 35°C,   0 % | 15213 / 16384 MB | root(14206M) root(334M) root(334M) root(334M)
node0.cloudlab-bad.uwmadison744-s24-pg0.wisc.cloudlab.us  Sat Apr 27 18:40:21 2024  550.54.15
[0] Tesla V100-SXM2-16GB | 35°C,   3 % | 15267 / 16384 MB | root(334M) root(334M) root(14254M) root(334M)
[1] Tesla V100-SXM2-16GB | 32°C,   7 % | 15269 / 16384 MB | root(334M) root(334M) root(334M) root(14254M)
[2] Tesla V100-SXM2-16GB | 31°C,  27 % | 15253 / 16384 MB | root(334M) root(14238M) root(334M) root(334M)
[3] Tesla V100-SXM2-16GB | 36°C,  79 % | 15221 / 16384 MB | root(14206M) root(334M) root(334M) root(334M)
node0.cloudlab-bad.uwmadison744-s24-pg0.wisc.cloudlab.us  Sat Apr 27 18:40:22 2024  550.54.15
[0] Tesla V100-SXM2-16GB | 36°C,  98 % | 15269 / 16384 MB | root(334M) root(334M) root(14254M) root(334M)
[1] Tesla V100-SXM2-16GB | 34°C,  31 % | 15271 / 16384 MB | root(334M) root(334M) root(334M) root(14256M)
[2] Tesla V100-SXM2-16GB | 34°C,  76 % | 15255 / 16384 MB | root(334M) root(14240M) root(334M) root(334M)
[3] Tesla V100-SXM2-16GB | 39°C,  99 % | 15223 / 16384 MB | root(14208M) root(334M) root(334M) root(334M)
node0.cloudlab-bad.uwmadison744-s24-pg0.wisc.cloudlab.us  Sat Apr 27 18:40:22 2024  550.54.15
[0] Tesla V100-SXM2-16GB | 39°C,  93 % | 15271 / 16384 MB | root(334M) root(334M) root(14256M) root(334M)
[1] Tesla V100-SXM2-16GB | 36°C,  92 % | 15271 / 16384 MB | root(334M) root(334M) root(334M) root(14256M)
[2] Tesla V100-SXM2-16GB | 34°C,  87 % | 15255 / 16384 MB | root(334M) root(14240M) root(334M) root(334M)
[3] Tesla V100-SXM2-16GB | 39°C,  99 % | 15223 / 16384 MB | root(14208M) root(334M) root(334M) root(334M)
node0.cloudlab-bad.uwmadison744-s24-pg0.wisc.cloudlab.us  Sat Apr 27 18:40:23 2024  550.54.15
[0] Tesla V100-SXM2-16GB | 38°C,  98 % | 15271 / 16384 MB | root(334M) root(334M) root(14256M) root(334M)
[1] Tesla V100-SXM2-16GB | 35°C,  98 % | 15271 / 16384 MB | root(334M) root(334M) root(334M) root(14256M)
[2] Tesla V100-SXM2-16GB | 36°C,  40 % | 15255 / 16384 MB | root(334M) root(14240M) root(334M) root(334M)
[3] Tesla V100-SXM2-16GB | 41°C,  75 % | 15223 / 16384 MB | root(14208M) root(334M) root(334M) root(334M)
node0.cloudlab-bad.uwmadison744-s24-pg0.wisc.cloudlab.us  Sat Apr 27 18:40:23 2024  550.54.15
[0] Tesla V100-SXM2-16GB | 41°C, 100 % | 15271 / 16384 MB | root(334M) root(334M) root(14256M) root(334M)
[1] Tesla V100-SXM2-16GB | 37°C,  99 % | 15271 / 16384 MB | root(334M) root(334M) root(334M) root(14256M)
[2] Tesla V100-SXM2-16GB | 36°C,  93 % | 15255 / 16384 MB | root(334M) root(14240M) root(334M) root(334M)
[3] Tesla V100-SXM2-16GB | 40°C,  99 % | 15223 / 16384 MB | root(14208M) root(334M) root(334M) root(334M)
node0.cloudlab-bad.uwmadison744-s24-pg0.wisc.cloudlab.us  Sat Apr 27 18:40:24 2024  550.54.15
[0] Tesla V100-SXM2-16GB | 39°C,  70 % | 15271 / 16384 MB | root(334M) root(334M) root(14256M) root(334M)
[1] Tesla V100-SXM2-16GB | 37°C,  68 % | 15271 / 16384 MB | root(334M) root(334M) root(334M) root(14256M)
[2] Tesla V100-SXM2-16GB | 37°C,  46 % | 15255 / 16384 MB | root(334M) root(14240M) root(334M) root(334M)
[3] Tesla V100-SXM2-16GB | 42°C, 100 % | 15223 / 16384 MB | root(14208M) root(334M) root(334M) root(334M)
node0.cloudlab-bad.uwmadison744-s24-pg0.wisc.cloudlab.us  Sat Apr 27 18:40:24 2024  550.54.15
[0] Tesla V100-SXM2-16GB | 41°C, 100 % | 15271 / 16384 MB | root(334M) root(334M) root(14256M) root(334M)
[1] Tesla V100-SXM2-16GB | 38°C,  98 % | 15271 / 16384 MB | root(334M) root(334M) root(334M) root(14256M)
[2] Tesla V100-SXM2-16GB | 37°C,  98 % | 15255 / 16384 MB | root(334M) root(14240M) root(334M) root(334M)
[3] Tesla V100-SXM2-16GB | 41°C,  98 % | 15223 / 16384 MB | root(14208M) root(334M) root(334M) root(334M)
node0.cloudlab-bad.uwmadison744-s24-pg0.wisc.cloudlab.us  Sat Apr 27 18:40:25 2024  550.54.15
[0] Tesla V100-SXM2-16GB | 42°C,  49 % | 15271 / 16384 MB | root(334M) root(334M) root(14256M) root(334M)
[1] Tesla V100-SXM2-16GB | 39°C,  56 % | 15271 / 16384 MB | root(334M) root(334M) root(334M) root(14256M)
[2] Tesla V100-SXM2-16GB | 39°C, 100 % | 15255 / 16384 MB | root(334M) root(14240M) root(334M) root(334M)
[3] Tesla V100-SXM2-16GB | 43°C, 100 % | 15223 / 16384 MB | root(14208M) root(334M) root(334M) root(334M)
node0.cloudlab-bad.uwmadison744-s24-pg0.wisc.cloudlab.us  Sat Apr 27 18:40:26 2024  550.54.15
[0] Tesla V100-SXM2-16GB | 41°C,  98 % | 15271 / 16384 MB | root(334M) root(334M) root(14256M) root(334M)
[1] Tesla V100-SXM2-16GB | 38°C,  97 % | 15271 / 16384 MB | root(334M) root(334M) root(334M) root(14256M)
[2] Tesla V100-SXM2-16GB | 37°C,  98 % | 15255 / 16384 MB | root(334M) root(14240M) root(334M) root(334M)
[3] Tesla V100-SXM2-16GB | 42°C,  69 % | 15223 / 16384 MB | root(14208M) root(334M) root(334M) root(334M)
node0.cloudlab-bad.uwmadison744-s24-pg0.wisc.cloudlab.us  Sat Apr 27 18:40:26 2024  550.54.15
[0] Tesla V100-SXM2-16GB | 43°C, 100 % | 15271 / 16384 MB | root(334M) root(334M) root(14256M) root(334M)
[1] Tesla V100-SXM2-16GB | 41°C, 100 % | 15271 / 16384 MB | root(334M) root(334M) root(334M) root(14256M)
[2] Tesla V100-SXM2-16GB | 39°C,  99 % | 15255 / 16384 MB | root(334M) root(14240M) root(334M) root(334M)
[3] Tesla V100-SXM2-16GB | 43°C,  98 % | 15223 / 16384 MB | root(14208M) root(334M) root(334M) root(334M)
node0.cloudlab-bad.uwmadison744-s24-pg0.wisc.cloudlab.us  Sat Apr 27 18:40:27 2024  550.54.15
[0] Tesla V100-SXM2-16GB | 42°C,  98 % | 15271 / 16384 MB | root(334M) root(334M) root(14256M) root(334M)
[1] Tesla V100-SXM2-16GB | 38°C,  97 % | 15271 / 16384 MB | root(334M) root(334M) root(334M) root(14256M)
[2] Tesla V100-SXM2-16GB | 38°C,  47 % | 15255 / 16384 MB | root(334M) root(14240M) root(334M) root(334M)
[3] Tesla V100-SXM2-16GB | 44°C,  52 % | 15223 / 16384 MB | root(14208M) root(334M) root(334M) root(334M)
node0.cloudlab-bad.uwmadison744-s24-pg0.wisc.cloudlab.us  Sat Apr 27 18:40:27 2024  550.54.15
[0] Tesla V100-SXM2-16GB | 45°C, 100 % | 15271 / 16384 MB | root(334M) root(334M) root(14256M) root(334M)
[1] Tesla V100-SXM2-16GB | 40°C,  98 % | 15271 / 16384 MB | root(334M) root(334M) root(334M) root(14256M)
[2] Tesla V100-SXM2-16GB | 39°C,  98 % | 15255 / 16384 MB | root(334M) root(14240M) root(334M) root(334M)
[3] Tesla V100-SXM2-16GB | 43°C,  98 % | 15223 / 16384 MB | root(14208M) root(334M) root(334M) root(334M)
node0.cloudlab-bad.uwmadison744-s24-pg0.wisc.cloudlab.us  Sat Apr 27 18:40:28 2024  550.54.15
[0] Tesla V100-SXM2-16GB | 42°C,  59 % | 15271 / 16384 MB | root(334M) root(334M) root(14256M) root(334M)
[1] Tesla V100-SXM2-16GB | 40°C,  51 % | 15271 / 16384 MB | root(334M) root(334M) root(334M) root(14256M)
[2] Tesla V100-SXM2-16GB | 40°C,  76 % | 15255 / 16384 MB | root(334M) root(14240M) root(334M) root(334M)
[3] Tesla V100-SXM2-16GB | 45°C, 100 % | 15223 / 16384 MB | root(14208M) root(334M) root(334M) root(334M)
node0.cloudlab-bad.uwmadison744-s24-pg0.wisc.cloudlab.us  Sat Apr 27 18:40:29 2024  550.54.15
[0] Tesla V100-SXM2-16GB | 44°C,  99 % | 15271 / 16384 MB | root(334M) root(334M) root(14256M) root(334M)
[1] Tesla V100-SXM2-16GB | 40°C,  97 % | 15271 / 16384 MB | root(334M) root(334M) root(334M) root(14256M)
[2] Tesla V100-SXM2-16GB | 39°C,  98 % | 15255 / 16384 MB | root(334M) root(14240M) root(334M) root(334M)
[3] Tesla V100-SXM2-16GB | 44°C,  98 % | 15223 / 16384 MB | root(14208M) root(334M) root(334M) root(334M)
node0.cloudlab-bad.uwmadison744-s24-pg0.wisc.cloudlab.us  Sat Apr 27 18:40:29 2024  550.54.15
[0] Tesla V100-SXM2-16GB | 44°C,  70 % | 15271 / 16384 MB | root(334M) root(334M) root(14256M) root(334M)
[1] Tesla V100-SXM2-16GB | 42°C,  85 % | 15271 / 16384 MB | root(334M) root(334M) root(334M) root(14256M)
[2] Tesla V100-SXM2-16GB | 41°C, 100 % | 15255 / 16384 MB | root(334M) root(14240M) root(334M) root(334M)
[3] Tesla V100-SXM2-16GB | 46°C, 100 % | 15223 / 16384 MB | root(14208M) root(334M) root(334M) root(334M)
node0.cloudlab-bad.uwmadison744-s24-pg0.wisc.cloudlab.us  Sat Apr 27 18:40:30 2024  550.54.15
[0] Tesla V100-SXM2-16GB | 44°C,  98 % | 15271 / 16384 MB | root(334M) root(334M) root(14256M) root(334M)
[1] Tesla V100-SXM2-16GB | 41°C,  98 % | 15271 / 16384 MB | root(334M) root(334M) root(334M) root(14256M)
[2] Tesla V100-SXM2-16GB | 40°C,  98 % | 15255 / 16384 MB | root(334M) root(14240M) root(334M) root(334M)
[3] Tesla V100-SXM2-16GB | 43°C,  98 % | 15223 / 16384 MB | root(14208M) root(334M) root(334M) root(334M)
node0.cloudlab-bad.uwmadison744-s24-pg0.wisc.cloudlab.us  Sat Apr 27 18:40:30 2024  550.54.15
[0] Tesla V100-SXM2-16GB | 45°C,  33 % | 15271 / 16384 MB | root(334M) root(334M) root(14256M) root(334M)
[1] Tesla V100-SXM2-16GB | 43°C, 100 % | 15271 / 16384 MB | root(334M) root(334M) root(334M) root(14256M)
[2] Tesla V100-SXM2-16GB | 42°C, 100 % | 15255 / 16384 MB | root(334M) root(14240M) root(334M) root(334M)
[3] Tesla V100-SXM2-16GB | 46°C, 100 % | 15223 / 16384 MB | root(14208M) root(334M) root(334M) root(334M)
node0.cloudlab-bad.uwmadison744-s24-pg0.wisc.cloudlab.us  Sat Apr 27 18:40:31 2024  550.54.15
[0] Tesla V100-SXM2-16GB | 44°C,  98 % | 15271 / 16384 MB | root(334M) root(334M) root(14256M) root(334M)
[1] Tesla V100-SXM2-16GB | 41°C,  98 % | 15271 / 16384 MB | root(334M) root(334M) root(334M) root(14256M)
[2] Tesla V100-SXM2-16GB | 39°C,  79 % | 15255 / 16384 MB | root(334M) root(14240M) root(334M) root(334M)
[3] Tesla V100-SXM2-16GB | 46°C,  47 % | 15223 / 16384 MB | root(14208M) root(334M) root(334M) root(334M)
node0.cloudlab-bad.uwmadison744-s24-pg0.wisc.cloudlab.us  Sat Apr 27 18:40:32 2024  550.54.15
[0] Tesla V100-SXM2-16GB | 46°C, 100 % | 15271 / 16384 MB | root(334M) root(334M) root(14256M) root(334M)
[1] Tesla V100-SXM2-16GB | 43°C, 100 % | 15271 / 16384 MB | root(334M) root(334M) root(334M) root(14256M)
[2] Tesla V100-SXM2-16GB | 41°C, 100 % | 15255 / 16384 MB | root(334M) root(14240M) root(334M) root(334M)
[3] Tesla V100-SXM2-16GB | 46°C,  98 % | 15223 / 16384 MB | root(14208M) root(334M) root(334M) root(334M)
node0.cloudlab-bad.uwmadison744-s24-pg0.wisc.cloudlab.us  Sat Apr 27 18:40:32 2024  550.54.15
[0] Tesla V100-SXM2-16GB | 45°C,  98 % | 15271 / 16384 MB | root(334M) root(334M) root(14256M) root(334M)
[1] Tesla V100-SXM2-16GB | 41°C,  96 % | 15271 / 16384 MB | root(334M) root(334M) root(334M) root(14256M)
[2] Tesla V100-SXM2-16GB | 40°C,  36 % | 15255 / 16384 MB | root(334M) root(14240M) root(334M) root(334M)
[3] Tesla V100-SXM2-16GB | 47°C,  88 % | 15223 / 16384 MB | root(14208M) root(334M) root(334M) root(334M)
node0.cloudlab-bad.uwmadison744-s24-pg0.wisc.cloudlab.us  Sat Apr 27 18:40:33 2024  550.54.15
[0] Tesla V100-SXM2-16GB | 47°C, 100 % | 15271 / 16384 MB | root(334M) root(334M) root(14256M) root(334M)
[1] Tesla V100-SXM2-16GB | 43°C, 100 % | 15271 / 16384 MB | root(334M) root(334M) root(334M) root(14256M)
[2] Tesla V100-SXM2-16GB | 42°C,  99 % | 15255 / 16384 MB | root(334M) root(14240M) root(334M) root(334M)
[3] Tesla V100-SXM2-16GB | 46°C,  98 % | 15223 / 16384 MB | root(14208M) root(334M) root(334M) root(334M)
node0.cloudlab-bad.uwmadison744-s24-pg0.wisc.cloudlab.us  Sat Apr 27 18:40:33 2024  550.54.15
[0] Tesla V100-SXM2-16GB | 45°C,  98 % | 15271 / 16384 MB | root(334M) root(334M) root(14256M) root(334M)
[1] Tesla V100-SXM2-16GB | 42°C,  63 % | 15271 / 16384 MB | root(334M) root(334M) root(334M) root(14256M)
[2] Tesla V100-SXM2-16GB | 42°C,  62 % | 15255 / 16384 MB | root(334M) root(14240M) root(334M) root(334M)
[3] Tesla V100-SXM2-16GB | 48°C, 100 % | 15223 / 16384 MB | root(14208M) root(334M) root(334M) root(334M)
node0.cloudlab-bad.uwmadison744-s24-pg0.wisc.cloudlab.us  Sat Apr 27 18:40:34 2024  550.54.15
[0] Tesla V100-SXM2-16GB | 46°C,  98 % | 15271 / 16384 MB | root(334M) root(334M) root(14256M) root(334M)
[1] Tesla V100-SXM2-16GB | 43°C,  99 % | 15271 / 16384 MB | root(334M) root(334M) root(334M) root(14256M)
[2] Tesla V100-SXM2-16GB | 42°C,  98 % | 15255 / 16384 MB | root(334M) root(14240M) root(334M) root(334M)
[3] Tesla V100-SXM2-16GB | 47°C,  98 % | 15223 / 16384 MB | root(14208M) root(334M) root(334M) root(334M)
node0.cloudlab-bad.uwmadison744-s24-pg0.wisc.cloudlab.us  Sat Apr 27 18:40:35 2024  550.54.15
[0] Tesla V100-SXM2-16GB | 46°C,  81 % | 15271 / 16384 MB | root(334M) root(334M) root(14256M) root(334M)
[1] Tesla V100-SXM2-16GB | 44°C,  75 % | 15271 / 16384 MB | root(334M) root(334M) root(334M) root(14256M)
[2] Tesla V100-SXM2-16GB | 43°C, 100 % | 15255 / 16384 MB | root(334M) root(14240M) root(334M) root(334M)
[3] Tesla V100-SXM2-16GB | 49°C, 100 % | 15223 / 16384 MB | root(14208M) root(334M) root(334M) root(334M)
node0.cloudlab-bad.uwmadison744-s24-pg0.wisc.cloudlab.us  Sat Apr 27 18:40:35 2024  550.54.15
[0] Tesla V100-SXM2-16GB | 46°C,  97 % | 15271 / 16384 MB | root(334M) root(334M) root(14256M) root(334M)
[1] Tesla V100-SXM2-16GB | 43°C,  96 % | 15271 / 16384 MB | root(334M) root(334M) root(334M) root(14256M)
[2] Tesla V100-SXM2-16GB | 42°C,  98 % | 15255 / 16384 MB | root(334M) root(14240M) root(334M) root(334M)
[3] Tesla V100-SXM2-16GB | 46°C,  98 % | 15223 / 16384 MB | root(14208M) root(334M) root(334M) root(334M)
node0.cloudlab-bad.uwmadison744-s24-pg0.wisc.cloudlab.us  Sat Apr 27 18:40:36 2024  550.54.15
[0] Tesla V100-SXM2-16GB | 48°C,  43 % | 15271 / 16384 MB | root(334M) root(334M) root(14256M) root(334M)
[1] Tesla V100-SXM2-16GB | 45°C, 100 % | 15271 / 16384 MB | root(334M) root(334M) root(334M) root(14256M)
[2] Tesla V100-SXM2-16GB | 44°C, 100 % | 15255 / 16384 MB | root(334M) root(14240M) root(334M) root(334M)
[3] Tesla V100-SXM2-16GB | 48°C,  99 % | 15223 / 16384 MB | root(14208M) root(334M) root(334M) root(334M)
node0.cloudlab-bad.uwmadison744-s24-pg0.wisc.cloudlab.us  Sat Apr 27 18:40:36 2024  550.54.15
[0] Tesla V100-SXM2-16GB | 46°C,  98 % | 15271 / 16384 MB | root(334M) root(334M) root(14256M) root(334M)
[1] Tesla V100-SXM2-16GB | 43°C,  98 % | 15271 / 16384 MB | root(334M) root(334M) root(334M) root(14256M)
[2] Tesla V100-SXM2-16GB | 41°C,  50 % | 15255 / 16384 MB | root(334M) root(14240M) root(334M) root(334M)
[3] Tesla V100-SXM2-16GB | 49°C,  74 % | 15223 / 16384 MB | root(14208M) root(334M) root(334M) root(334M)
node0.cloudlab-bad.uwmadison744-s24-pg0.wisc.cloudlab.us  Sat Apr 27 18:40:37 2024  550.54.15
[0] Tesla V100-SXM2-16GB | 48°C, 100 % | 15271 / 16384 MB | root(334M) root(334M) root(14256M) root(334M)
[1] Tesla V100-SXM2-16GB | 45°C, 100 % | 15271 / 16384 MB | root(334M) root(334M) root(334M) root(14256M)
[2] Tesla V100-SXM2-16GB | 44°C, 100 % | 15255 / 16384 MB | root(334M) root(14240M) root(334M) root(334M)
[3] Tesla V100-SXM2-16GB | 48°C,  99 % | 15223 / 16384 MB | root(14208M) root(334M) root(334M) root(334M)
node0.cloudlab-bad.uwmadison744-s24-pg0.wisc.cloudlab.us  Sat Apr 27 18:40:37 2024  550.54.15
[0] Tesla V100-SXM2-16GB | 47°C,  98 % | 15271 / 16384 MB | root(334M) root(334M) root(14256M) root(334M)
[1] Tesla V100-SXM2-16GB | 43°C,  84 % | 15271 / 16384 MB | root(334M) root(334M) root(334M) root(14256M)
[2] Tesla V100-SXM2-16GB | 43°C,  53 % | 15255 / 16384 MB | root(334M) root(14240M) root(334M) root(334M)
[3] Tesla V100-SXM2-16GB | 50°C,  52 % | 15223 / 16384 MB | root(14208M) root(334M) root(334M) root(334M)
node0.cloudlab-bad.uwmadison744-s24-pg0.wisc.cloudlab.us  Sat Apr 27 18:40:38 2024  550.54.15
[0] Tesla V100-SXM2-16GB | 49°C, 100 % | 15271 / 16384 MB | root(334M) root(334M) root(14256M) root(334M)
[1] Tesla V100-SXM2-16GB | 45°C,  99 % | 15271 / 16384 MB | root(334M) root(334M) root(334M) root(14256M)
[2] Tesla V100-SXM2-16GB | 43°C,  98 % | 15255 / 16384 MB | root(334M) root(14240M) root(334M) root(334M)
[3] Tesla V100-SXM2-16GB | 49°C,  98 % | 15223 / 16384 MB | root(14208M) root(334M) root(334M) root(334M)
node0.cloudlab-bad.uwmadison744-s24-pg0.wisc.cloudlab.us  Sat Apr 27 18:40:39 2024  550.54.15
[0] Tesla V100-SXM2-16GB | 46°C,  98 % | 15271 / 16384 MB | root(334M) root(334M) root(14256M) root(334M)
[1] Tesla V100-SXM2-16GB | 45°C,  49 % | 15271 / 16384 MB | root(334M) root(334M) root(334M) root(14256M)
[2] Tesla V100-SXM2-16GB | 44°C, 100 % | 15255 / 16384 MB | root(334M) root(14240M) root(334M) root(334M)
[3] Tesla V100-SXM2-16GB | 50°C, 100 % | 15223 / 16384 MB | root(14208M) root(334M) root(334M) root(334M)
node0.cloudlab-bad.uwmadison744-s24-pg0.wisc.cloudlab.us  Sat Apr 27 18:40:39 2024  550.54.15
[0] Tesla V100-SXM2-16GB | 48°C,  97 % | 15271 / 16384 MB | root(334M) root(334M) root(14256M) root(334M)
[1] Tesla V100-SXM2-16GB | 45°C,  96 % | 15271 / 16384 MB | root(334M) root(334M) root(334M) root(14256M)
[2] Tesla V100-SXM2-16GB | 43°C,  98 % | 15255 / 16384 MB | root(334M) root(14240M) root(334M) root(334M)
[3] Tesla V100-SXM2-16GB | 49°C,  98 % | 15223 / 16384 MB | root(14208M) root(334M) root(334M) root(334M)
node0.cloudlab-bad.uwmadison744-s24-pg0.wisc.cloudlab.us  Sat Apr 27 18:40:40 2024  550.54.15
[0] Tesla V100-SXM2-16GB | 49°C,  40 % | 15271 / 16384 MB | root(334M) root(334M) root(14256M) root(334M)
[1] Tesla V100-SXM2-16GB | 46°C, 100 % | 15271 / 16384 MB | root(334M) root(334M) root(334M) root(14256M)
[2] Tesla V100-SXM2-16GB | 45°C, 100 % | 15255 / 16384 MB | root(334M) root(14240M) root(334M) root(334M)
[3] Tesla V100-SXM2-16GB | 51°C, 100 % | 15223 / 16384 MB | root(14208M) root(334M) root(334M) root(334M)
node0.cloudlab-bad.uwmadison744-s24-pg0.wisc.cloudlab.us  Sat Apr 27 18:40:40 2024  550.54.15
[0] Tesla V100-SXM2-16GB | 48°C,  98 % | 15271 / 16384 MB | root(334M) root(334M) root(14256M) root(334M)
[1] Tesla V100-SXM2-16GB | 45°C,  98 % | 15271 / 16384 MB | root(334M) root(334M) root(334M) root(14256M)
[2] Tesla V100-SXM2-16GB | 44°C,  98 % | 15255 / 16384 MB | root(334M) root(14240M) root(334M) root(334M)
[3] Tesla V100-SXM2-16GB | 48°C,  98 % | 15223 / 16384 MB | root(14208M) root(334M) root(334M) root(334M)
node0.cloudlab-bad.uwmadison744-s24-pg0.wisc.cloudlab.us  Sat Apr 27 18:40:41 2024  550.54.15
[0] Tesla V100-SXM2-16GB | 50°C,  76 % | 15271 / 16384 MB | root(334M) root(334M) root(14256M) root(334M)
[1] Tesla V100-SXM2-16GB | 47°C, 100 % | 15271 / 16384 MB | root(334M) root(334M) root(334M) root(14256M)
[2] Tesla V100-SXM2-16GB | 45°C, 100 % | 15255 / 16384 MB | root(334M) root(14240M) root(334M) root(334M)
[3] Tesla V100-SXM2-16GB | 50°C,  98 % | 15223 / 16384 MB | root(14208M) root(334M) root(334M) root(334M)
node0.cloudlab-bad.uwmadison744-s24-pg0.wisc.cloudlab.us  Sat Apr 27 18:40:42 2024  550.54.15
[0] Tesla V100-SXM2-16GB | 48°C,  98 % | 15271 / 16384 MB | root(334M) root(334M) root(14256M) root(334M)
[1] Tesla V100-SXM2-16GB | 45°C,  98 % | 15271 / 16384 MB | root(334M) root(334M) root(334M) root(14256M)
[2] Tesla V100-SXM2-16GB | 43°C,  95 % | 15255 / 16384 MB | root(334M) root(14240M) root(334M) root(334M)
[3] Tesla V100-SXM2-16GB | 51°C,  33 % | 15223 / 16384 MB | root(14208M) root(334M) root(334M) root(334M)
node0.cloudlab-bad.uwmadison744-s24-pg0.wisc.cloudlab.us  Sat Apr 27 18:40:42 2024  550.54.15
[0] Tesla V100-SXM2-16GB | 51°C, 100 % | 15271 / 16384 MB | root(334M) root(334M) root(14256M) root(334M)
[1] Tesla V100-SXM2-16GB | 47°C, 100 % | 15271 / 16384 MB | root(334M) root(334M) root(334M) root(14256M)
[2] Tesla V100-SXM2-16GB | 45°C,  99 % | 15255 / 16384 MB | root(334M) root(14240M) root(334M) root(334M)
[3] Tesla V100-SXM2-16GB | 50°C,  98 % | 15223 / 16384 MB | root(14208M) root(334M) root(334M) root(334M)
node0.cloudlab-bad.uwmadison744-s24-pg0.wisc.cloudlab.us  Sat Apr 27 18:40:43 2024  550.54.15
[0] Tesla V100-SXM2-16GB | 49°C,  98 % | 15271 / 16384 MB | root(334M) root(334M) root(14256M) root(334M)
[1] Tesla V100-SXM2-16GB | 45°C,  98 % | 15271 / 16384 MB | root(334M) root(334M) root(334M) root(14256M)
[2] Tesla V100-SXM2-16GB | 46°C,  53 % | 15255 / 16384 MB | root(334M) root(14240M) root(334M) root(334M)
[3] Tesla V100-SXM2-16GB | 52°C,  90 % | 15223 / 16384 MB | root(14208M) root(334M) root(334M) root(334M)
node0.cloudlab-bad.uwmadison744-s24-pg0.wisc.cloudlab.us  Sat Apr 27 18:40:43 2024  550.54.15
[0] Tesla V100-SXM2-16GB | 50°C, 100 % | 15271 / 16384 MB | root(334M) root(334M) root(14256M) root(334M)
[1] Tesla V100-SXM2-16GB | 46°C,  97 % | 15271 / 16384 MB | root(334M) root(334M) root(334M) root(14256M)
[2] Tesla V100-SXM2-16GB | 45°C,  98 % | 15255 / 16384 MB | root(334M) root(14240M) root(334M) root(334M)
[3] Tesla V100-SXM2-16GB | 51°C,  98 % | 15223 / 16384 MB | root(14208M) root(334M) root(334M) root(334M)
node0.cloudlab-bad.uwmadison744-s24-pg0.wisc.cloudlab.us  Sat Apr 27 18:40:44 2024  550.54.15
[0] Tesla V100-SXM2-16GB | 50°C,  37 % | 15271 / 16384 MB | root(334M) root(334M) root(14256M) root(334M)
[1] Tesla V100-SXM2-16GB | 47°C,  46 % | 15271 / 16384 MB | root(334M) root(334M) root(334M) root(14256M)
[2] Tesla V100-SXM2-16GB | 47°C,  94 % | 15255 / 16384 MB | root(334M) root(14240M) root(334M) root(334M)
[3] Tesla V100-SXM2-16GB | 53°C, 100 % | 15223 / 16384 MB | root(14208M) root(334M) root(334M) root(334M)
node0.cloudlab-bad.uwmadison744-s24-pg0.wisc.cloudlab.us  Sat Apr 27 18:40:45 2024  550.54.15
[0] Tesla V100-SXM2-16GB | 50°C,  99 % | 15271 / 16384 MB | root(334M) root(334M) root(14256M) root(334M)
[1] Tesla V100-SXM2-16GB | 46°C,  97 % | 15271 / 16384 MB | root(334M) root(334M) root(334M) root(14256M)
[2] Tesla V100-SXM2-16GB | 45°C,  98 % | 15255 / 16384 MB | root(334M) root(14240M) root(334M) root(334M)
[3] Tesla V100-SXM2-16GB | 50°C,  98 % | 15223 / 16384 MB | root(14208M) root(334M) root(334M) root(334M)
node0.cloudlab-bad.uwmadison744-s24-pg0.wisc.cloudlab.us  Sat Apr 27 18:40:45 2024  550.54.15
[0] Tesla V100-SXM2-16GB | 51°C,  56 % | 15271 / 16384 MB | root(334M) root(334M) root(14256M) root(334M)
[1] Tesla V100-SXM2-16GB | 48°C,  75 % | 15271 / 16384 MB | root(334M) root(334M) root(334M) root(14256M)
[2] Tesla V100-SXM2-16GB | 47°C, 100 % | 15255 / 16384 MB | root(334M) root(14240M) root(334M) root(334M)
[3] Tesla V100-SXM2-16GB | 53°C, 100 % | 15223 / 16384 MB | root(14208M) root(334M) root(334M) root(334M)
node0.cloudlab-bad.uwmadison744-s24-pg0.wisc.cloudlab.us  Sat Apr 27 18:40:46 2024  550.54.15
[0] Tesla V100-SXM2-16GB | 50°C,  98 % | 15271 / 16384 MB | root(334M) root(334M) root(14256M) root(334M)
[1] Tesla V100-SXM2-16GB | 47°C,  98 % | 15271 / 16384 MB | root(334M) root(334M) root(334M) root(14256M)
[2] Tesla V100-SXM2-16GB | 45°C,  98 % | 15255 / 16384 MB | root(334M) root(14240M) root(334M) root(334M)
[3] Tesla V100-SXM2-16GB | 51°C,  55 % | 15223 / 16384 MB | root(14208M) root(334M) root(334M) root(334M)
node0.cloudlab-bad.uwmadison744-s24-pg0.wisc.cloudlab.us  Sat Apr 27 18:40:46 2024  550.54.15
[0] Tesla V100-SXM2-16GB | 52°C, 100 % | 15271 / 16384 MB | root(334M) root(334M) root(14256M) root(334M)
[1] Tesla V100-SXM2-16GB | 49°C, 100 % | 15271 / 16384 MB | root(334M) root(334M) root(334M) root(14256M)
[2] Tesla V100-SXM2-16GB | 47°C,  99 % | 15255 / 16384 MB | root(334M) root(14240M) root(334M) root(334M)
[3] Tesla V100-SXM2-16GB | 52°C, 100 % | 15223 / 16384 MB | root(14208M) root(334M) root(334M) root(334M)
node0.cloudlab-bad.uwmadison744-s24-pg0.wisc.cloudlab.us  Sat Apr 27 18:40:47 2024  550.54.15
[0] Tesla V100-SXM2-16GB | 50°C,  98 % | 15271 / 16384 MB | root(334M) root(334M) root(14256M) root(334M)
[1] Tesla V100-SXM2-16GB | 46°C,  98 % | 15271 / 16384 MB | root(334M) root(334M) root(334M) root(14256M)
[2] Tesla V100-SXM2-16GB | 46°C,  72 % | 15255 / 16384 MB | root(334M) root(14240M) root(334M) root(334M)
[3] Tesla V100-SXM2-16GB | 53°C,  59 % | 15223 / 16384 MB | root(14208M) root(334M) root(334M) root(334M)
node0.cloudlab-bad.uwmadison744-s24-pg0.wisc.cloudlab.us  Sat Apr 27 18:40:48 2024  550.54.15
[0] Tesla V100-SXM2-16GB | 53°C, 100 % | 15271 / 16384 MB | root(334M) root(334M) root(14256M) root(334M)
[1] Tesla V100-SXM2-16GB | 48°C,  99 % | 15271 / 16384 MB | root(334M) root(334M) root(334M) root(14256M)
[2] Tesla V100-SXM2-16GB | 46°C,  98 % | 15255 / 16384 MB | root(334M) root(14240M) root(334M) root(334M)
[3] Tesla V100-SXM2-16GB | 52°C,  98 % | 15223 / 16384 MB | root(14208M) root(334M) root(334M) root(334M)
node0.cloudlab-bad.uwmadison744-s24-pg0.wisc.cloudlab.us  Sat Apr 27 18:40:48 2024  550.54.15
[0] Tesla V100-SXM2-16GB | 50°C,  83 % | 15271 / 16384 MB | root(334M) root(334M) root(14256M) root(334M)
[1] Tesla V100-SXM2-16GB | 47°C,  72 % | 15271 / 16384 MB | root(334M) root(334M) root(334M) root(14256M)
[2] Tesla V100-SXM2-16GB | 47°C,  26 % | 15255 / 16384 MB | root(334M) root(14240M) root(334M) root(334M)
[3] Tesla V100-SXM2-16GB | 54°C, 100 % | 15223 / 16384 MB | root(14208M) root(334M) root(334M) root(334M)
node0.cloudlab-bad.uwmadison744-s24-pg0.wisc.cloudlab.us  Sat Apr 27 18:40:49 2024  550.54.15
[0] Tesla V100-SXM2-16GB | 53°C, 100 % | 15271 / 16384 MB | root(334M) root(334M) root(14256M) root(334M)
[1] Tesla V100-SXM2-16GB | 48°C,  98 % | 15271 / 16384 MB | root(334M) root(334M) root(334M) root(14256M)
[2] Tesla V100-SXM2-16GB | 47°C,  98 % | 15255 / 16384 MB | root(334M) root(14240M) root(334M) root(334M)
[3] Tesla V100-SXM2-16GB | 53°C,  98 % | 15223 / 16384 MB | root(14208M) root(334M) root(334M) root(334M)
node0.cloudlab-bad.uwmadison744-s24-pg0.wisc.cloudlab.us  Sat Apr 27 18:40:49 2024  550.54.15
[0] Tesla V100-SXM2-16GB | 50°C,  58 % | 15271 / 16384 MB | root(334M) root(334M) root(14256M) root(334M)
[1] Tesla V100-SXM2-16GB | 49°C,  58 % | 15271 / 16384 MB | root(334M) root(334M) root(334M) root(14256M)
[2] Tesla V100-SXM2-16GB | 48°C,  79 % | 15255 / 16384 MB | root(334M) root(14240M) root(334M) root(334M)
[3] Tesla V100-SXM2-16GB | 55°C, 100 % | 15223 / 16384 MB | root(14208M) root(334M) root(334M) root(334M)
node0.cloudlab-bad.uwmadison744-s24-pg0.wisc.cloudlab.us  Sat Apr 27 18:40:50 2024  550.54.15
[0] Tesla V100-SXM2-16GB | 52°C,  99 % | 15271 / 16384 MB | root(334M) root(334M) root(14256M) root(334M)
[1] Tesla V100-SXM2-16GB | 48°C,  98 % | 15271 / 16384 MB | root(334M) root(334M) root(334M) root(14256M)
[2] Tesla V100-SXM2-16GB | 47°C,  98 % | 15255 / 16384 MB | root(334M) root(14240M) root(334M) root(334M)
[3] Tesla V100-SXM2-16GB | 52°C,  85 % | 15223 / 16384 MB | root(14208M) root(334M) root(334M) root(334M)
node0.cloudlab-bad.uwmadison744-s24-pg0.wisc.cloudlab.us  Sat Apr 27 18:40:50 2024  550.54.15
[0] Tesla V100-SXM2-16GB | 53°C,  93 % | 15271 / 16384 MB | root(334M) root(334M) root(14256M) root(334M)
[1] Tesla V100-SXM2-16GB | 50°C, 100 % | 15271 / 16384 MB | root(334M) root(334M) root(334M) root(14256M)
[2] Tesla V100-SXM2-16GB | 49°C, 100 % | 15255 / 16384 MB | root(334M) root(14240M) root(334M) root(334M)
[3] Tesla V100-SXM2-16GB | 54°C, 100 % | 15223 / 16384 MB | root(14208M) root(334M) root(334M) root(334M)
node0.cloudlab-bad.uwmadison744-s24-pg0.wisc.cloudlab.us  Sat Apr 27 18:40:51 2024  550.54.15
[0] Tesla V100-SXM2-16GB | 52°C,  98 % | 15271 / 16384 MB | root(334M) root(334M) root(14256M) root(334M)
[1] Tesla V100-SXM2-16GB | 48°C,  98 % | 15271 / 16384 MB | root(334M) root(334M) root(334M) root(14256M)
[2] Tesla V100-SXM2-16GB | 46°C,  82 % | 15255 / 16384 MB | root(334M) root(14240M) root(334M) root(334M)
[3] Tesla V100-SXM2-16GB | 54°C,  44 % | 15223 / 16384 MB | root(14208M) root(334M) root(334M) root(334M)
node0.cloudlab-bad.uwmadison744-s24-pg0.wisc.cloudlab.us  Sat Apr 27 18:40:52 2024  550.54.15
[0] Tesla V100-SXM2-16GB | 54°C, 100 % | 15271 / 16384 MB | root(334M) root(334M) root(14256M) root(334M)
[1] Tesla V100-SXM2-16GB | 50°C,  99 % | 15271 / 16384 MB | root(334M) root(334M) root(334M) root(14256M)
[2] Tesla V100-SXM2-16GB | 48°C,  99 % | 15255 / 16384 MB | root(334M) root(14240M) root(334M) root(334M)
[3] Tesla V100-SXM2-16GB | 54°C,  99 % | 15223 / 16384 MB | root(14208M) root(334M) root(334M) root(334M)
node0.cloudlab-bad.uwmadison744-s24-pg0.wisc.cloudlab.us  Sat Apr 27 18:40:52 2024  550.54.15
[0] Tesla V100-SXM2-16GB | 52°C,  98 % | 15271 / 16384 MB | root(334M) root(334M) root(14256M) root(334M)
[1] Tesla V100-SXM2-16GB | 47°C,  98 % | 15271 / 16384 MB | root(334M) root(334M) root(334M) root(14256M)
[2] Tesla V100-SXM2-16GB | 48°C,  40 % | 15255 / 16384 MB | root(334M) root(14240M) root(334M) root(334M)
[3] Tesla V100-SXM2-16GB | 55°C,  79 % | 15223 / 16384 MB | root(14208M) root(334M) root(334M) root(334M)
node0.cloudlab-bad.uwmadison744-s24-pg0.wisc.cloudlab.us  Sat Apr 27 18:40:53 2024  550.54.15
[0] Tesla V100-SXM2-16GB | 54°C, 100 % | 15271 / 16384 MB | root(334M) root(334M) root(14256M) root(334M)
[1] Tesla V100-SXM2-16GB | 49°C,  99 % | 15271 / 16384 MB | root(334M) root(334M) root(334M) root(14256M)
[2] Tesla V100-SXM2-16GB | 48°C,  98 % | 15255 / 16384 MB | root(334M) root(14240M) root(334M) root(334M)
[3] Tesla V100-SXM2-16GB | 54°C,  98 % | 15223 / 16384 MB | root(14208M) root(334M) root(334M) root(334M)
node0.cloudlab-bad.uwmadison744-s24-pg0.wisc.cloudlab.us  Sat Apr 27 18:40:53 2024  550.54.15
[0] Tesla V100-SXM2-16GB | 51°C,  63 % | 15271 / 16384 MB | root(334M) root(334M) root(14256M) root(334M)
[1] Tesla V100-SXM2-16GB | 49°C,  50 % | 15271 / 16384 MB | root(334M) root(334M) root(334M) root(14256M)
[2] Tesla V100-SXM2-16GB | 49°C,  56 % | 15255 / 16384 MB | root(334M) root(14240M) root(334M) root(334M)
[3] Tesla V100-SXM2-16GB | 56°C, 100 % | 15223 / 16384 MB | root(14208M) root(334M) root(334M) root(334M)
node0.cloudlab-bad.uwmadison744-s24-pg0.wisc.cloudlab.us  Sat Apr 27 18:40:54 2024  550.54.15
[0] Tesla V100-SXM2-16GB | 53°C, 100 % | 15271 / 16384 MB | root(334M) root(334M) root(14256M) root(334M)
[1] Tesla V100-SXM2-16GB | 49°C,  98 % | 15271 / 16384 MB | root(334M) root(334M) root(334M) root(14256M)
[2] Tesla V100-SXM2-16GB | 48°C,  98 % | 15255 / 16384 MB | root(334M) root(14240M) root(334M) root(334M)
[3] Tesla V100-SXM2-16GB | 55°C,  98 % | 15223 / 16384 MB | root(14208M) root(334M) root(334M) root(334M)
node0.cloudlab-bad.uwmadison744-s24-pg0.wisc.cloudlab.us  Sat Apr 27 18:40:55 2024  550.54.15
[0] Tesla V100-SXM2-16GB | 54°C,  47 % | 15271 / 16384 MB | root(334M) root(334M) root(14256M) root(334M)
[1] Tesla V100-SXM2-16GB | 51°C,  56 % | 15271 / 16384 MB | root(334M) root(334M) root(334M) root(14256M)
[2] Tesla V100-SXM2-16GB | 50°C, 100 % | 15255 / 16384 MB | root(334M) root(14240M) root(334M) root(334M)
[3] Tesla V100-SXM2-16GB | 56°C, 100 % | 15223 / 16384 MB | root(14208M) root(334M) root(334M) root(334M)
node0.cloudlab-bad.uwmadison744-s24-pg0.wisc.cloudlab.us  Sat Apr 27 18:40:55 2024  550.54.15
[0] Tesla V100-SXM2-16GB | 53°C,  98 % | 15271 / 16384 MB | root(334M) root(334M) root(14256M) root(334M)
[1] Tesla V100-SXM2-16GB | 49°C,  98 % | 15271 / 16384 MB | root(334M) root(334M) root(334M) root(14256M)
[2] Tesla V100-SXM2-16GB | 48°C,  98 % | 15255 / 16384 MB | root(334M) root(14240M) root(334M) root(334M)
[3] Tesla V100-SXM2-16GB | 54°C,  52 % | 15223 / 16384 MB | root(14208M) root(334M) root(334M) root(334M)
node0.cloudlab-bad.uwmadison744-s24-pg0.wisc.cloudlab.us  Sat Apr 27 18:40:56 2024  550.54.15
[0] Tesla V100-SXM2-16GB | 54°C,  36 % | 15271 / 16384 MB | root(334M) root(334M) root(14256M) root(334M)
[1] Tesla V100-SXM2-16GB | 51°C, 100 % | 15271 / 16384 MB | root(334M) root(334M) root(334M) root(14256M)
[2] Tesla V100-SXM2-16GB | 50°C, 100 % | 15255 / 16384 MB | root(334M) root(14240M) root(334M) root(334M)
[3] Tesla V100-SXM2-16GB | 55°C, 100 % | 15223 / 16384 MB | root(14208M) root(334M) root(334M) root(334M)
node0.cloudlab-bad.uwmadison744-s24-pg0.wisc.cloudlab.us  Sat Apr 27 18:40:56 2024  550.54.15
[0] Tesla V100-SXM2-16GB | 54°C,  98 % | 15271 / 16384 MB | root(334M) root(334M) root(14256M) root(334M)
[1] Tesla V100-SXM2-16GB | 50°C,  98 % | 15271 / 16384 MB | root(334M) root(334M) root(334M) root(14256M)
[2] Tesla V100-SXM2-16GB | 48°C,  71 % | 15255 / 16384 MB | root(334M) root(14240M) root(334M) root(334M)
[3] Tesla V100-SXM2-16GB | 56°C,  62 % | 15223 / 16384 MB | root(14208M) root(334M) root(334M) root(334M)
node0.cloudlab-bad.uwmadison744-s24-pg0.wisc.cloudlab.us  Sat Apr 27 18:40:57 2024  550.54.15
[0] Tesla V100-SXM2-16GB | 55°C, 100 % | 15271 / 16384 MB | root(334M) root(334M) root(14256M) root(334M)
[1] Tesla V100-SXM2-16GB | 51°C,  99 % | 15271 / 16384 MB | root(334M) root(334M) root(334M) root(14256M)
[2] Tesla V100-SXM2-16GB | 49°C,  98 % | 15255 / 16384 MB | root(334M) root(14240M) root(334M) root(334M)
[3] Tesla V100-SXM2-16GB | 55°C,  99 % | 15223 / 16384 MB | root(14208M) root(334M) root(334M) root(334M)
node0.cloudlab-bad.uwmadison744-s24-pg0.wisc.cloudlab.us  Sat Apr 27 18:40:58 2024  550.54.15
[0] Tesla V100-SXM2-16GB | 53°C,  87 % | 15271 / 16384 MB | root(334M) root(334M) root(14256M) root(334M)
[1] Tesla V100-SXM2-16GB | 50°C,  74 % | 15271 / 16384 MB | root(334M) root(334M) root(334M) root(14256M)
[2] Tesla V100-SXM2-16GB | 50°C,  43 % | 15255 / 16384 MB | root(334M) root(14240M) root(334M) root(334M)
[3] Tesla V100-SXM2-16GB | 57°C, 100 % | 15223 / 16384 MB | root(14208M) root(334M) root(334M) root(334M)
node0.cloudlab-bad.uwmadison744-s24-pg0.wisc.cloudlab.us  Sat Apr 27 18:40:58 2024  550.54.15
[0] Tesla V100-SXM2-16GB | 55°C, 100 % | 15271 / 16384 MB | root(334M) root(334M) root(14256M) root(334M)
[1] Tesla V100-SXM2-16GB | 50°C,  98 % | 15271 / 16384 MB | root(334M) root(334M) root(334M) root(14256M)
[2] Tesla V100-SXM2-16GB | 49°C,  98 % | 15255 / 16384 MB | root(334M) root(14240M) root(334M) root(334M)
[3] Tesla V100-SXM2-16GB | 56°C,  98 % | 15223 / 16384 MB | root(14208M) root(334M) root(334M) root(334M)
node0.cloudlab-bad.uwmadison744-s24-pg0.wisc.cloudlab.us  Sat Apr 27 18:40:59 2024  550.54.15
[0] Tesla V100-SXM2-16GB | 53°C,  42 % | 15271 / 16384 MB | root(334M) root(334M) root(14256M) root(334M)
[1] Tesla V100-SXM2-16GB | 51°C,  31 % | 15271 / 16384 MB | root(334M) root(334M) root(334M) root(14256M)
[2] Tesla V100-SXM2-16GB | 51°C,  67 % | 15255 / 16384 MB | root(334M) root(14240M) root(334M) root(334M)
[3] Tesla V100-SXM2-16GB | 58°C, 100 % | 15223 / 16384 MB | root(14208M) root(334M) root(334M) root(334M)
node0.cloudlab-bad.uwmadison744-s24-pg0.wisc.cloudlab.us  Sat Apr 27 18:40:59 2024  550.54.15
[0] Tesla V100-SXM2-16GB | 55°C, 100 % | 15271 / 16384 MB | root(334M) root(334M) root(14256M) root(334M)
[1] Tesla V100-SXM2-16GB | 51°C,  98 % | 15271 / 16384 MB | root(334M) root(334M) root(334M) root(14256M)
[2] Tesla V100-SXM2-16GB | 49°C,  98 % | 15255 / 16384 MB | root(334M) root(14240M) root(334M) root(334M)
[3] Tesla V100-SXM2-16GB | 56°C,  98 % | 15223 / 16384 MB | root(14208M) root(334M) root(334M) root(334M)
node0.cloudlab-bad.uwmadison744-s24-pg0.wisc.cloudlab.us  Sat Apr 27 18:41:00 2024  550.54.15
[0] Tesla V100-SXM2-16GB | 55°C,  32 % | 15271 / 16384 MB | root(334M) root(334M) root(14256M) root(334M)
[1] Tesla V100-SXM2-16GB | 52°C, 100 % | 15271 / 16384 MB | root(334M) root(334M) root(334M) root(14256M)
[2] Tesla V100-SXM2-16GB | 51°C, 100 % | 15255 / 16384 MB | root(334M) root(14240M) root(334M) root(334M)
[3] Tesla V100-SXM2-16GB | 58°C, 100 % | 15223 / 16384 MB | root(14208M) root(334M) root(334M) root(334M)
node0.cloudlab-bad.uwmadison744-s24-pg0.wisc.cloudlab.us  Sat Apr 27 18:41:01 2024  550.54.15
[0] Tesla V100-SXM2-16GB | 55°C,  98 % | 15271 / 16384 MB | root(334M) root(334M) root(14256M) root(334M)
[1] Tesla V100-SXM2-16GB | 51°C,  98 % | 15271 / 16384 MB | root(334M) root(334M) root(334M) root(14256M)
[2] Tesla V100-SXM2-16GB | 50°C,  98 % | 15255 / 16384 MB | root(334M) root(14240M) root(334M) root(334M)
[3] Tesla V100-SXM2-16GB | 55°C,  87 % | 15223 / 16384 MB | root(14208M) root(334M) root(334M) root(334M)
node0.cloudlab-bad.uwmadison744-s24-pg0.wisc.cloudlab.us  Sat Apr 27 18:41:01 2024  550.54.15
[0] Tesla V100-SXM2-16GB | 56°C,  79 % | 15271 / 16384 MB | root(334M) root(334M) root(14256M) root(334M)
[1] Tesla V100-SXM2-16GB | 52°C,  98 % | 15271 / 16384 MB | root(334M) root(334M) root(334M) root(14256M)
[2] Tesla V100-SXM2-16GB | 52°C, 100 % | 15255 / 16384 MB | root(334M) root(14240M) root(334M) root(334M)
[3] Tesla V100-SXM2-16GB | 57°C, 100 % | 15223 / 16384 MB | root(14208M) root(334M) root(334M) root(334M)
node0.cloudlab-bad.uwmadison744-s24-pg0.wisc.cloudlab.us  Sat Apr 27 18:41:02 2024  550.54.15
[0] Tesla V100-SXM2-16GB | 55°C,  98 % | 15271 / 16384 MB | root(334M) root(334M) root(14256M) root(334M)
[1] Tesla V100-SXM2-16GB | 51°C,  98 % | 15271 / 16384 MB | root(334M) root(334M) root(334M) root(14256M)
[2] Tesla V100-SXM2-16GB | 49°C,  98 % | 15255 / 16384 MB | root(334M) root(14240M) root(334M) root(334M)
[3] Tesla V100-SXM2-16GB | 58°C,  42 % | 15223 / 16384 MB | root(14208M) root(334M) root(334M) root(334M)
node0.cloudlab-bad.uwmadison744-s24-pg0.wisc.cloudlab.us  Sat Apr 27 18:41:02 2024  550.54.15
[0] Tesla V100-SXM2-16GB | 57°C, 100 % | 15271 / 16384 MB | root(334M) root(334M) root(14256M) root(334M)
[1] Tesla V100-SXM2-16GB | 53°C, 100 % | 15271 / 16384 MB | root(334M) root(334M) root(334M) root(14256M)
[2] Tesla V100-SXM2-16GB | 51°C,  99 % | 15255 / 16384 MB | root(334M) root(14240M) root(334M) root(334M)
[3] Tesla V100-SXM2-16GB | 57°C,  99 % | 15223 / 16384 MB | root(14208M) root(334M) root(334M) root(334M)
node0.cloudlab-bad.uwmadison744-s24-pg0.wisc.cloudlab.us  Sat Apr 27 18:41:03 2024  550.54.15
[0] Tesla V100-SXM2-16GB | 55°C,  97 % | 15271 / 16384 MB | root(334M) root(334M) root(14256M) root(334M)
[1] Tesla V100-SXM2-16GB | 51°C,  98 % | 15271 / 16384 MB | root(334M) root(334M) root(334M) root(14256M)
[2] Tesla V100-SXM2-16GB | 49°C,  71 % | 15255 / 16384 MB | root(334M) root(14240M) root(334M) root(334M)
[3] Tesla V100-SXM2-16GB | 58°C,  58 % | 15223 / 16384 MB | root(14208M) root(334M) root(334M) root(334M)
node0.cloudlab-bad.uwmadison744-s24-pg0.wisc.cloudlab.us  Sat Apr 27 18:41:04 2024  550.54.15
[0] Tesla V100-SXM2-16GB | 57°C, 100 % | 15271 / 16384 MB | root(334M) root(334M) root(14256M) root(334M)
[1] Tesla V100-SXM2-16GB | 52°C,  99 % | 15271 / 16384 MB | root(334M) root(334M) root(334M) root(14256M)
[2] Tesla V100-SXM2-16GB | 51°C,  99 % | 15255 / 16384 MB | root(334M) root(14240M) root(334M) root(334M)
[3] Tesla V100-SXM2-16GB | 58°C,  98 % | 15223 / 16384 MB | root(14208M) root(334M) root(334M) root(334M)
node0.cloudlab-bad.uwmadison744-s24-pg0.wisc.cloudlab.us  Sat Apr 27 18:41:04 2024  550.54.15
[0] Tesla V100-SXM2-16GB | 56°C,  98 % | 15271 / 16384 MB | root(334M) root(334M) root(14256M) root(334M)
[1] Tesla V100-SXM2-16GB | 50°C,  98 % |  5353 / 16384 MB | root(334M) root(334M) root(334M) root(2418M)
[2] Tesla V100-SXM2-16GB | 49°C,  89 % |  1415 / 16384 MB | root(334M) root(400M) root(334M) root(334M)
[3] Tesla V100-SXM2-16GB | 55°C, 100 % |  1415 / 16384 MB | root(400M) root(334M) root(334M) root(334M)
node0.cloudlab-bad.uwmadison744-s24-pg0.wisc.cloudlab.us  Sat Apr 27 18:41:05 2024  550.54.15
[0] Tesla V100-SXM2-16GB | 53°C,  53 % |  1415 / 16384 MB | root(334M) root(334M) root(400M) root(334M)
[1] Tesla V100-SXM2-16GB | 49°C,   0 % |  1415 / 16384 MB | root(334M) root(334M) root(334M) root(400M)
[2] Tesla V100-SXM2-16GB | 48°C,   0 % |  1415 / 16384 MB | root(334M) root(400M) root(334M) root(334M)
[3] Tesla V100-SXM2-16GB | 55°C,   0 % |  1415 / 16384 MB | root(400M) root(334M) root(334M) root(334M)
node0.cloudlab-bad.uwmadison744-s24-pg0.wisc.cloudlab.us  Sat Apr 27 18:41:05 2024  550.54.15
[0] Tesla V100-SXM2-16GB | 53°C,   0 % |  1415 / 16384 MB | root(334M) root(334M) root(400M) root(334M)
[1] Tesla V100-SXM2-16GB | 48°C,   0 % |  1415 / 16384 MB | root(334M) root(334M) root(334M) root(400M)
[2] Tesla V100-SXM2-16GB | 47°C,   0 % |  1415 / 16384 MB | root(334M) root(400M) root(334M) root(334M)
[3] Tesla V100-SXM2-16GB | 54°C,   0 % |  1415 / 16384 MB | root(400M) root(334M) root(334M) root(334M)
node0.cloudlab-bad.uwmadison744-s24-pg0.wisc.cloudlab.us  Sat Apr 27 18:41:06 2024  550.54.15
[0] Tesla V100-SXM2-16GB | 52°C,   0 % |  1415 / 16384 MB | root(334M) root(334M) root(400M) root(334M)
[1] Tesla V100-SXM2-16GB | 48°C,   0 % |  1415 / 16384 MB | root(334M) root(334M) root(334M) root(400M)
[2] Tesla V100-SXM2-16GB | 47°C,   0 % |  1415 / 16384 MB | root(334M) root(400M) root(334M) root(334M)
[3] Tesla V100-SXM2-16GB | 54°C,   0 % |  1415 / 16384 MB | root(400M) root(334M) root(334M) root(334M)
node0.cloudlab-bad.uwmadison744-s24-pg0.wisc.cloudlab.us  Sat Apr 27 18:41:07 2024  550.54.15
[0] Tesla V100-SXM2-16GB | 52°C,   0 % |  1415 / 16384 MB | root(334M) root(334M) root(400M) root(334M)
[1] Tesla V100-SXM2-16GB | 48°C,   0 % |  1415 / 16384 MB | root(334M) root(334M) root(334M) root(400M)
[2] Tesla V100-SXM2-16GB | 46°C,   0 % |  1415 / 16384 MB | root(334M) root(400M) root(334M) root(334M)
[3] Tesla V100-SXM2-16GB | 53°C,   0 % |  1415 / 16384 MB | root(400M) root(334M) root(334M) root(334M)
node0.cloudlab-bad.uwmadison744-s24-pg0.wisc.cloudlab.us  Sat Apr 27 18:41:07 2024  550.54.15
[0] Tesla V100-SXM2-16GB | 52°C,   0 % |  1415 / 16384 MB | root(334M) root(334M) root(400M) root(334M)
[1] Tesla V100-SXM2-16GB | 47°C,   0 % |  1415 / 16384 MB | root(334M) root(334M) root(334M) root(400M)
[2] Tesla V100-SXM2-16GB | 46°C,   0 % |  1415 / 16384 MB | root(334M) root(400M) root(334M) root(334M)
[3] Tesla V100-SXM2-16GB | 53°C,   0 % |  1415 / 16384 MB | root(400M) root(334M) root(334M) root(334M)
node0.cloudlab-bad.uwmadison744-s24-pg0.wisc.cloudlab.us  Sat Apr 27 18:41:08 2024  550.54.15
[0] Tesla V100-SXM2-16GB | 51°C,   0 % |  1415 / 16384 MB | root(334M) root(334M) root(400M) root(334M)
[1] Tesla V100-SXM2-16GB | 47°C,   0 % |  1415 / 16384 MB | root(334M) root(334M) root(334M) root(400M)
[2] Tesla V100-SXM2-16GB | 45°C,   0 % |  1415 / 16384 MB | root(334M) root(400M) root(334M) root(334M)
[3] Tesla V100-SXM2-16GB | 53°C,   0 % |  1415 / 16384 MB | root(400M) root(334M) root(334M) root(334M)
node0.cloudlab-bad.uwmadison744-s24-pg0.wisc.cloudlab.us  Sat Apr 27 18:41:08 2024  550.54.15
[0] Tesla V100-SXM2-16GB | 51°C,   0 % |  1415 / 16384 MB | root(334M) root(334M) root(400M) root(334M)
[1] Tesla V100-SXM2-16GB | 46°C,   0 % |  1415 / 16384 MB | root(334M) root(334M) root(334M) root(400M)
[2] Tesla V100-SXM2-16GB | 45°C,   0 % |  1415 / 16384 MB | root(334M) root(400M) root(334M) root(334M)
[3] Tesla V100-SXM2-16GB | 52°C,   0 % |  1415 / 16384 MB | root(400M) root(334M) root(334M) root(334M)
node0.cloudlab-bad.uwmadison744-s24-pg0.wisc.cloudlab.us  Sat Apr 27 18:41:09 2024  550.54.15
[0] Tesla V100-SXM2-16GB | 51°C,   0 % |  1415 / 16384 MB | root(334M) root(334M) root(400M) root(334M)
[1] Tesla V100-SXM2-16GB | 46°C,   0 % |  1415 / 16384 MB | root(334M) root(334M) root(334M) root(400M)
[2] Tesla V100-SXM2-16GB | 45°C,   0 % |  1415 / 16384 MB | root(334M) root(400M) root(334M) root(334M)
[3] Tesla V100-SXM2-16GB | 52°C,   0 % |  1415 / 16384 MB | root(400M) root(334M) root(334M) root(334M)
node0.cloudlab-bad.uwmadison744-s24-pg0.wisc.cloudlab.us  Sat Apr 27 18:41:09 2024  550.54.15
[0] Tesla V100-SXM2-16GB | 50°C,   0 % |  1415 / 16384 MB | root(334M) root(334M) root(400M) root(334M)
[1] Tesla V100-SXM2-16GB | 46°C,   0 % |  1415 / 16384 MB | root(334M) root(334M) root(334M) root(400M)
[2] Tesla V100-SXM2-16GB | 45°C,   3 % |  1407 / 16384 MB | root(334M) root(400M) root(334M) root(334M)
[3] Tesla V100-SXM2-16GB | 52°C,   0 % |  1407 / 16384 MB | root(400M) root(334M) root(334M) root(334M)
node0.cloudlab-bad.uwmadison744-s24-pg0.wisc.cloudlab.us  Sat Apr 27 18:41:10 2024  550.54.15
[0] Tesla V100-SXM2-16GB | 50°C,   0 % |  1407 / 16384 MB | root(334M) root(334M) root(400M) root(334M)
[1] Tesla V100-SXM2-16GB | 46°C,   0 % |  1407 / 16384 MB | root(334M) root(334M) root(400M)
[2] Tesla V100-SXM2-16GB | 44°C,   9 % |  1353 / 16384 MB |
[3] Tesla V100-SXM2-16GB | 51°C,  24 % |     3 / 16384 MB |
node0.cloudlab-bad.uwmadison744-s24-pg0.wisc.cloudlab.us  Sat Apr 27 18:41:11 2024  550.54.15
[0] Tesla V100-SXM2-16GB | 50°C,   0 % |     3 / 16384 MB |
[1] Tesla V100-SXM2-16GB | 45°C,   0 % |     3 / 16384 MB |
[2] Tesla V100-SXM2-16GB | 44°C,   0 % |     3 / 16384 MB |
[3] Tesla V100-SXM2-16GB | 51°C,   0 % |     3 / 16384 MB |
node0.cloudlab-bad.uwmadison744-s24-pg0.wisc.cloudlab.us  Sat Apr 27 18:41:11 2024  550.54.15
[0] Tesla V100-SXM2-16GB | 50°C,   0 % |     3 / 16384 MB |
[1] Tesla V100-SXM2-16GB | 45°C,   0 % |     3 / 16384 MB |
[2] Tesla V100-SXM2-16GB | 44°C,   0 % |     3 / 16384 MB |
[3] Tesla V100-SXM2-16GB | 51°C,   0 % |     3 / 16384 MB |
node0.cloudlab-bad.uwmadison744-s24-pg0.wisc.cloudlab.us  Sat Apr 27 18:41:12 2024  550.54.15
[0] Tesla V100-SXM2-16GB | 50°C,   0 % |     3 / 16384 MB |
[1] Tesla V100-SXM2-16GB | 45°C,   0 % |     3 / 16384 MB |
[2] Tesla V100-SXM2-16GB | 43°C,   0 % |     3 / 16384 MB |
[3] Tesla V100-SXM2-16GB | 51°C,   0 % |     3 / 16384 MB |
node0.cloudlab-bad.uwmadison744-s24-pg0.wisc.cloudlab.us  Sat Apr 27 18:41:13 2024  550.54.15
[0] Tesla V100-SXM2-16GB | 49°C,   0 % |     3 / 16384 MB |
[1] Tesla V100-SXM2-16GB | 44°C,   0 % |     3 / 16384 MB |
[2] Tesla V100-SXM2-16GB | 43°C,   0 % |     3 / 16384 MB |
[3] Tesla V100-SXM2-16GB | 50°C,   0 % |     3 / 16384 MB |
node0.cloudlab-bad.uwmadison744-s24-pg0.wisc.cloudlab.us  Sat Apr 27 18:41:13 2024  550.54.15
[0] Tesla V100-SXM2-16GB | 49°C,   0 % |     3 / 16384 MB |
[1] Tesla V100-SXM2-16GB | 44°C,   0 % |     3 / 16384 MB |
[2] Tesla V100-SXM2-16GB | 43°C,   0 % |     3 / 16384 MB |
[3] Tesla V100-SXM2-16GB | 50°C,   0 % |     3 / 16384 MB |
node0.cloudlab-bad.uwmadison744-s24-pg0.wisc.cloudlab.us  Sat Apr 27 18:41:14 2024  550.54.15
[0] Tesla V100-SXM2-16GB | 49°C,   0 % |     3 / 16384 MB |
[1] Tesla V100-SXM2-16GB | 44°C,   0 % |     3 / 16384 MB |
[2] Tesla V100-SXM2-16GB | 43°C,   0 % |     3 / 16384 MB |
[3] Tesla V100-SXM2-16GB | 50°C,   0 % |     3 / 16384 MB |
node0.cloudlab-bad.uwmadison744-s24-pg0.wisc.cloudlab.us  Sat Apr 27 18:41:14 2024  550.54.15
[0] Tesla V100-SXM2-16GB | 49°C,   0 % |     3 / 16384 MB |
[1] Tesla V100-SXM2-16GB | 44°C,   0 % |     3 / 16384 MB |
[2] Tesla V100-SXM2-16GB | 43°C,   0 % |     3 / 16384 MB |
[3] Tesla V100-SXM2-16GB | 50°C,   0 % |     3 / 16384 MB |
node0.cloudlab-bad.uwmadison744-s24-pg0.wisc.cloudlab.us  Sat Apr 27 18:41:15 2024  550.54.15
[0] Tesla V100-SXM2-16GB | 48°C,   0 % |     3 / 16384 MB |
[1] Tesla V100-SXM2-16GB | 43°C,   0 % |     3 / 16384 MB |
[2] Tesla V100-SXM2-16GB | 42°C,   0 % |     3 / 16384 MB |
[3] Tesla V100-SXM2-16GB | 50°C,   0 % |     3 / 16384 MB |
node0.cloudlab-bad.uwmadison744-s24-pg0.wisc.cloudlab.us  Sat Apr 27 18:41:15 2024  550.54.15
[0] Tesla V100-SXM2-16GB | 48°C,   0 % |     3 / 16384 MB |
[1] Tesla V100-SXM2-16GB | 43°C,   0 % |     3 / 16384 MB |
[2] Tesla V100-SXM2-16GB | 42°C,   0 % |     3 / 16384 MB |
[3] Tesla V100-SXM2-16GB | 49°C,   0 % |     3 / 16384 MB |
node0.cloudlab-bad.uwmadison744-s24-pg0.wisc.cloudlab.us  Sat Apr 27 18:41:16 2024  550.54.15
[0] Tesla V100-SXM2-16GB | 48°C,   0 % |     3 / 16384 MB |
[1] Tesla V100-SXM2-16GB | 43°C,   0 % |     3 / 16384 MB |
[2] Tesla V100-SXM2-16GB | 42°C,   0 % |     3 / 16384 MB |
[3] Tesla V100-SXM2-16GB | 49°C,   0 % |     3 / 16384 MB |
node0.cloudlab-bad.uwmadison744-s24-pg0.wisc.cloudlab.us  Sat Apr 27 18:41:16 2024  550.54.15
[0] Tesla V100-SXM2-16GB | 48°C,   0 % |     3 / 16384 MB |
[1] Tesla V100-SXM2-16GB | 43°C,   0 % |     3 / 16384 MB |
[2] Tesla V100-SXM2-16GB | 42°C,   0 % |     3 / 16384 MB |
[3] Tesla V100-SXM2-16GB | 49°C,   0 % |     3 / 16384 MB |
node0.cloudlab-bad.uwmadison744-s24-pg0.wisc.cloudlab.us  Sat Apr 27 18:41:17 2024  550.54.15
[0] Tesla V100-SXM2-16GB | 48°C,   0 % |     3 / 16384 MB |
[1] Tesla V100-SXM2-16GB | 43°C,   0 % |     3 / 16384 MB |
[2] Tesla V100-SXM2-16GB | 41°C,   0 % |     3 / 16384 MB |
[3] Tesla V100-SXM2-16GB | 49°C,   0 % |     3 / 16384 MB |
node0.cloudlab-bad.uwmadison744-s24-pg0.wisc.cloudlab.us  Sat Apr 27 18:41:18 2024  550.54.15
[0] Tesla V100-SXM2-16GB | 48°C,   0 % |     3 / 16384 MB |
[1] Tesla V100-SXM2-16GB | 42°C,   0 % |     3 / 16384 MB |
[2] Tesla V100-SXM2-16GB | 41°C,   0 % |     3 / 16384 MB |
[3] Tesla V100-SXM2-16GB | 49°C,   0 % |     3 / 16384 MB |
node0.cloudlab-bad.uwmadison744-s24-pg0.wisc.cloudlab.us  Sat Apr 27 18:41:18 2024  550.54.15
[0] Tesla V100-SXM2-16GB | 47°C,   0 % |     3 / 16384 MB |
[1] Tesla V100-SXM2-16GB | 42°C,   0 % |     3 / 16384 MB |
[2] Tesla V100-SXM2-16GB | 41°C,   0 % |     3 / 16384 MB |
[3] Tesla V100-SXM2-16GB | 48°C,   0 % |     3 / 16384 MB |
node0.cloudlab-bad.uwmadison744-s24-pg0.wisc.cloudlab.us  Sat Apr 27 18:41:19 2024  550.54.15
[0] Tesla V100-SXM2-16GB | 47°C,   0 % |     3 / 16384 MB |
[1] Tesla V100-SXM2-16GB | 42°C,   0 % |     3 / 16384 MB |
[2] Tesla V100-SXM2-16GB | 41°C,   0 % |     3 / 16384 MB |
[3] Tesla V100-SXM2-16GB | 48°C,   0 % |     3 / 16384 MB |
node0.cloudlab-bad.uwmadison744-s24-pg0.wisc.cloudlab.us  Sat Apr 27 18:41:19 2024  550.54.15
[0] Tesla V100-SXM2-16GB | 47°C,   0 % |     3 / 16384 MB |
[1] Tesla V100-SXM2-16GB | 42°C,   0 % |     3 / 16384 MB |
[2] Tesla V100-SXM2-16GB | 41°C,   0 % |     3 / 16384 MB |
[3] Tesla V100-SXM2-16GB | 48°C,   0 % |     3 / 16384 MB |
node0.cloudlab-bad.uwmadison744-s24-pg0.wisc.cloudlab.us  Sat Apr 27 18:41:20 2024  550.54.15
[0] Tesla V100-SXM2-16GB | 47°C,   0 % |     3 / 16384 MB |
[1] Tesla V100-SXM2-16GB | 42°C,   0 % |     3 / 16384 MB |
[2] Tesla V100-SXM2-16GB | 41°C,   0 % |     3 / 16384 MB |
[3] Tesla V100-SXM2-16GB | 48°C,   0 % |     3 / 16384 MB |
